
Scratch directory: /tmp/
   => Libint2 <=

    Primary   basis highest AM E, G, H:  5, 4, 3
    Auxiliary basis highest AM E, G, H:  6, 5, 4
    Onebody   basis highest AM E, G, H:  6, 5, 4
    Solid Harmonics ordering:            gaussian

*** tstart() called on CHEM353Q05NALT
*** at Thu Sep 19 20:05:14 2024

   => Loading Basis Set <=

    Name: CC-PVDZ
    Role: ORBITAL
    Keyword: BASIS
    atoms 1-4 entry H          line    22 file /opt/homebrew/Caskroom/miniforge/base/envs/p4env/share/psi4/basis/cc-pvdz.gbs 


         ---------------------------------------------------------
                                   SCF
               by Justin Turney, Rob Parrish, Andy Simmonett
                          and Daniel G. A. Smith
                              RHF Reference
                        1 Threads,    500 MiB Core
         ---------------------------------------------------------

  ==> Geometry <==

    Molecular point group: c1
    Full point group: D_inf_h

    Geometry (in Angstrom), charge = 0, multiplicity = 1:

       Center              X                  Y                   Z               Mass       
    ------------   -----------------  -----------------  -----------------  -----------------
         H            0.000000000000     0.000000000000  11999.628698660001     1.007825032230
         H            0.000000000000     0.000000000000  12000.371301339999     1.007825032230
         H            0.000000000000     0.000000000000  -12000.371301339999     1.007825032230
         H            0.000000000000     0.000000000000  -11999.628698660001     1.007825032230

  Running in c1 symmetry.

  Rotational constants: A = ************  B =      0.00000  C =      0.00000 [cm^-1]
  Rotational constants: A = ************  B =      0.00087  C =      0.00087 [MHz]
  Nuclear repulsion =    1.425284266518581

  Charge       = 0
  Multiplicity = 1
  Electrons    = 4
  Nalpha       = 2
  Nbeta        = 2

  ==> Algorithm <==

  SCF Algorithm Type is PK.
  DIIS enabled.
  MOM disabled.
  Fractional occupation disabled.
  Guess Type is SAD.
  Energy threshold   = 1.00e-10
  Density threshold  = 1.00e-10
  Integral threshold = 1.00e-12

  ==> Primary Basis <==

  Basis Set: CC-PVDZ
    Blend: CC-PVDZ
    Number of shells: 12
    Number of basis functions: 20
    Number of Cartesian functions: 20
    Spherical Harmonics?: true
    Max angular momentum: 1

  ==> Integral Setup <==

  Using in-core PK algorithm.
   Calculation information:
      Number of atoms:                   4
      Number of AO shells:              12
      Number of primitives:             20
      Number of atomic orbitals:        20
      Number of basis functions:        20

      Integral cutoff                 1.00e-12
      Number of threads:                 1

  Performing in-core PK
  Using 44310 doubles for integral storage.
  We computed 903 shell quartets total.
  Whereas there are 3081 unique shell quartets.

  ==> DiskJK: Disk-Based J/K Matrices <==

    J tasked:                  Yes
    K tasked:                  Yes
    wK tasked:                  No
    Memory [MiB]:              375
    Schwarz Cutoff:          1E-12

    OpenMP threads:              1

  Minimum eigenvalue in the overlap matrix is 4.4187261380E-02.
  Reciprocal condition number of the overlap matrix is 1.4207970510E-02.
    Using symmetric orthogonalization.

  ==> Pre-Iterations <==

  SCF Guess: Superposition of Atomic Densities via on-the-fly atomic UHF (no occupation information).

   -------------------------
    Irrep   Nso     Nmo    
   -------------------------
     A         20      20 
   -------------------------
    Total      20      20
   -------------------------

  ==> Iterations <==

                        Total Energy        Delta E     RMS |[F,P]|

   @RHF iter SAD:    -1.70004102152526   -1.70004e+00   0.00000e+00 
   @RHF iter   1:    -2.25214573545961   -5.52105e-01   3.43069e-03 ADIIS/DIIS
   @RHF iter   2:    -2.25727733460770   -5.13160e-03   6.18640e-04 ADIIS/DIIS
   @RHF iter   3:    -2.25745063674848   -1.73302e-04   2.63692e-05 DIIS
   @RHF iter   4:    -2.25745079180218   -1.55054e-07   5.02607e-07 DIIS
   @RHF iter   5:    -2.25745079191611   -1.13931e-10   9.53684e-10 DIIS
   @RHF iter   6:    -2.25745079191611    2.22045e-15   9.68951e-13 DIIS
  Energy and wave function converged.


  ==> Post-Iterations <==

    Orbital Energies [Eh]
    ---------------------

    Doubly Occupied:                                                      

       1A     -0.591625     2A     -0.591625  

    Virtual:                                                              

       3A      0.196940     4A      0.196940     5A      0.479947  
       6A      0.479947     7A      0.935454     8A      0.935454  
       9A      1.292615    10A      1.292615    11A      1.292615  
      12A      1.292615    13A      1.954506    14A      1.954506  
      15A      2.041751    16A      2.041751    17A      2.041751  
      18A      2.041751    19A      3.594562    20A      3.594562  

    Final Occupation by Irrep:
              A 
    DOCC [     2 ]
    NA   [     2 ]
    NB   [     2 ]

  @RHF Final Energy:    -2.25745079191611

   => Energetics <=

    Nuclear Repulsion Energy =              1.4252842665185812
    One-Electron Energy =                  -4.9989687149913564
    Two-Electron Energy =                   1.3162336565566699
    Total Energy =                         -2.2574507919161055

Computation Completed


Properties will be evaluated at   0.000000,   0.000000,   0.000000 [a0]

Properties computed using the SCF density matrix


 Multipole Moments:

 ------------------------------------------------------------------------------------
     Multipole            Electronic (a.u.)      Nuclear  (a.u.)        Total (a.u.)
 ------------------------------------------------------------------------------------

 L = 1.  Multiply by 2.5417464519 to convert [e a0] to [Debye]
 Dipole X            :          0.0000000            0.0000000            0.0000000
 Dipole Y            :          0.0000000            0.0000000            0.0000000
 Dipole Z            :          0.0000000           -0.0000000            0.0000000
 Magnitude           :                                                    0.0000000

 ------------------------------------------------------------------------------------

*** tstop() called on CHEM353Q05NALT at Thu Sep 19 20:05:16 2024
Module time:
	user time   =       0.28 seconds =       0.00 minutes
	system time =       0.13 seconds =       0.00 minutes
	total time  =          2 seconds =       0.03 minutes
Total time:
	user time   =       0.28 seconds =       0.00 minutes
	system time =       0.13 seconds =       0.00 minutes
	total time  =          2 seconds =       0.03 minutes

Scratch directory: /tmp/
 MINTS: Wrapper to libmints.
   by Justin Turney

   Calculation information:
      Number of threads:                 1
      Number of atoms:                   4
      Number of AO shells:              12
      Number of SO shells:              12
      Number of primitives:             20
      Number of atomic orbitals:        20
      Number of basis functions:        20

      Number of irreps:                  1
      Integral cutoff                 1.00e-12
      Number of functions per irrep: [  20 ]

 OEINTS: Overlap, kinetic, potential, dipole, and quadrupole integrals
         stored in file 35.

      Computing two-electron integrals...done
      Computed 1737 non-zero two-electron integrals.
        Stored in file 33.


         ---------------------------------------------------------
                          Configuration Interaction
                            (a 'D E T C I' module)

                 C. David Sherrill, Daniel G. A. Smith, and
                              Matt L. Leininger
         ---------------------------------------------------------


   ==> Parameters <==

    EX LEVEL       =        4      H0 BLOCKSIZE  =     1000
    VAL EX LEVEL   =        0      H0 GUESS SIZE =     1000
    H0COUPLINGSIZE =        0      H0 COUPLING   =       NO
    MAXITER        =       24      NUM PRINT     =       20
    NUM ROOTS      =       10      ICORE         =        1
    PRINT LVL      =        1      FCI           =      YES
    R CONV         = 1.00e-04      MIXED         =      YES
    E CONV         = 1.00e-10      MIXED4        =      YES
    R4S            =       NO      REPL OTF      =       NO
    DIAG METHOD    =      SEM      FOLLOW ROOT   =        0
    PRECONDITIONER = DAVIDSON      UPDATE        = DAVIDSON
    S              =   0.0000      Ms0           =      YES
    GUESS VECTOR   =  H0BLOCK      OPENTYPE      =     NONE
    COLLAPSE SIZE  =        1      HD AVG        = EVANGELISTI
    MAX NUM VECS   =      250      REF SYM       =     AUTO
    IOPEN        =       NO

    EX ALLOW       =  1  1  1  1 
    STATE AVERAGE  =  0(1.00) 

   ==> CI Orbital and Space information <==

   ------------------------------------
               Space    Total     A
   ------------------------------------
                 Nso       20    20
                 Nmo       20    20
               Ndocc        2     2
               Nsocc        0     0
   ------------------------------------
              CI Spaces
   ------------------------------------
        Dropped DOCC        0     0
              Active       20    20
        Dropped UOCC        0     0
   ------------------------------------

   ==> Setting up CI strings <==

    There are 190 alpha and 190 beta strings
    The CI space requires 36100 (3.61E+04) determinants and 1 blocks

   ==> Transforming CI integrals <==

	Presorting SO-basis two-electron integrals.
	Sorting File: SO Ints (nn|nn) nbuckets = 1
	Constructing frozen core operators
	Starting first half-transformation.
	Sorting half-transformed integrals.
	First half integral transformation complete.
	Starting second half-transformation.
	Two-electron integral transformation complete.

   ==> Starting CI iterations <==

    H0 Block Eigenvalue =  -2.30115565

    Simultaneous Expansion Method (Block Davidson Method)
    Using 10 initial trial vectors

(sem_iter): H0block_->H0b_diag[3][1] - H0block_->H0b_diag[4][1] = 0.681577 - -0.681577 = 1.363154 > 1.0E-8
(sem_iter): H0block_->H0b_diag[5][2] - H0block_->H0b_diag[6][2] = 0.681577 - -0.681577 = 1.363154 > 1.0E-8
(sem_iter): H0block_->H0b_diag[11][5] - H0block_->H0b_diag[12][5] = -0.001081 - 0.001081 = -0.002162 > 1.0E-8
(sem_iter): H0block_->H0b_diag[11][6] - H0block_->H0b_diag[12][6] = 0.701441 - -0.701441 = 1.402883 > 1.0E-8
(sem_iter): H0block_->H0b_diag[32][7] - H0block_->H0b_diag[35][7] = 0.052058 - 0.936169 = -0.884111 > 1.0E-8
(sem_iter): H0block_->H0b_diag[32][8] - H0block_->H0b_diag[35][8] = -0.935266 - 0.051822 = -0.987088 > 1.0E-8
(sem_iter): H0block_->H0b_diag[32][9] - H0block_->H0b_diag[35][9] = 0.041313 - -0.006489 = 0.047802 > 1.0E-8
(sem_iter): H0block_->H0b_diag[1][10] - H0block_->H0b_diag[2][10] = 0.971090 - 0.098392 = 0.872698 > 1.0E-8
(sem_iter): H0block_->H0b_diag[1][11] - H0block_->H0b_diag[2][11] = -0.098394 - 0.971164 = -1.069558 > 1.0E-8
(sem_iter): H0block_->H0b_diag[1][12] - H0block_->H0b_diag[2][12] = -0.012042 - -0.000785 = -0.011257 > 1.0E-8
(sem_iter): H0block_->H0b_diag[1][13] - H0block_->H0b_diag[2][13] = -0.000000 - 0.000003 = -0.000003 > 1.0E-8
(sem_iter): H0block_->H0b_diag[31][16] - H0block_->H0b_diag[36][16] = -0.373588 - 0.373588 = -0.747176 > 1.0E-8
(sem_iter): H0block_->H0b_diag[31][17] - H0block_->H0b_diag[36][17] = -0.562138 - 0.562138 = -1.124276 > 1.0E-8
(sem_iter): H0block_->H0b_diag[3][18] - H0block_->H0b_diag[4][18] = 0.000001 - -0.000001 = 0.000002 > 1.0E-8
(sem_iter): H0block_->H0b_diag[3][19] - H0block_->H0b_diag[4][19] = -0.151432 - 0.151432 = -0.302864 > 1.0E-8
(sem_iter): H0block_->H0b_diag[57][20] - H0block_->H0b_diag[59][20] = -0.215146 - 0.014295 = -0.229441 > 1.0E-8
(sem_iter): H0block_->H0b_diag[57][21] - H0block_->H0b_diag[59][21] = -0.001442 - -0.024004 = 0.022562 > 1.0E-8
(sem_iter): H0block_->H0b_diag[57][22] - H0block_->H0b_diag[59][22] = -0.014304 - -0.242410 = 0.228105 > 1.0E-8
(sem_iter): H0block_->H0b_diag[57][23] - H0block_->H0b_diag[59][23] = 0.055506 - 0.931085 = -0.875580 > 1.0E-8
(sem_iter): H0block_->H0b_diag[57][24] - H0block_->H0b_diag[59][24] = -0.004370 - -0.069348 = 0.064978 > 1.0E-8
(sem_iter): H0block_->H0b_diag[57][25] - H0block_->H0b_diag[59][25] = -0.940629 - 0.055719 = -0.996347 > 1.0E-8
(sem_iter): H0block_->H0b_diag[9][27] - H0block_->H0b_diag[10][27] = -0.095060 - 0.951817 = -1.046877 > 1.0E-8
(sem_iter): H0block_->H0b_diag[9][28] - H0block_->H0b_diag[10][28] = 0.951864 - 0.095049 = 0.856815 > 1.0E-8
(sem_iter): H0block_->H0b_diag[9][29] - H0block_->H0b_diag[10][29] = -0.000670 - -0.009554 = 0.008884 > 1.0E-8
(sem_iter): H0block_->H0b_diag[15][30] - H0block_->H0b_diag[16][30] = -0.956599 - -0.000000 = -0.956599 > 1.0E-8
(sem_iter): H0block_->H0b_diag[55][33] - H0block_->H0b_diag[58][33] = 0.000004 - -0.000004 = 0.000008 > 1.0E-8
(sem_iter): H0block_->H0b_diag[55][34] - H0block_->H0b_diag[58][34] = -0.491554 - 0.491554 = -0.983108 > 1.0E-8
     Iter   Root       Total Energy       Delta E      C RMS

   @CI  0:     0     -2.301155649250   -3.7264E+00   2.9690E-01  
   @CI  0:     1     -1.788989632491   -3.2143E+00   2.8884E-01  
   @CI  0:     2     -1.788989632491   -3.2143E+00   2.8884E-01  
   @CI  0:     3     -1.514218870385   -2.9395E+00   2.8863E-01  
   @CI  0:     4     -1.514134424303   -2.9394E+00   2.9149E-01  
   @CI  0:     5     -1.276021829938   -2.7013E+00   2.7306E-01  
   @CI  0:     6     -1.211867983178   -2.6372E+00   3.2584E-01  
   @CI  0:     7     -1.205158536425   -2.6304E+00   3.4027E-01  
   @CI  0:     8     -1.141953429039   -2.5672E+00   3.5738E-01  
   @CI  0:     9     -1.141953429038   -2.5672E+00   3.5738E-01  

   @CI  1:     0     -2.326600807558   -2.5445E-02   3.7597E-02  
   @CI  1:     1     -1.815448352013   -2.6459E-02   4.3233E-02  
   @CI  1:     2     -1.815448352013   -2.6459E-02   4.3233E-02  
   @CI  1:     3     -1.540253955211   -2.6035E-02   3.7925E-02  
   @CI  1:     4     -1.539813956858   -2.5680E-02   4.6918E-02  
   @CI  1:     5     -1.304163717098   -2.8142E-02   4.9225E-02  
   @CI  1:     6     -1.248288167043   -3.6420E-02   6.0765E-02  
   @CI  1:     7     -1.246997065769   -4.1839E-02   7.7221E-02  
   @CI  1:     8     -1.187614816279   -4.5661E-02   7.1647E-02  
   @CI  1:     9     -1.187614816278   -4.5661E-02   7.1647E-02  

   @CI  2:     0     -2.326880189454   -2.7938E-04   5.8244E-03  
   @CI  2:     1     -1.816071021316   -6.2267E-04   9.0758E-03  
   @CI  2:     2     -1.816071021316   -6.2267E-04   9.0758E-03  
   @CI  2:     3     -1.540632791490   -3.7884E-04   5.3667E-03  
   @CI  2:     4     -1.540606614193   -7.9266E-04   1.0394E-02  
   @CI  2:     5     -1.305255720639   -1.0920E-03   1.1934E-02  
   @CI  2:     6     -1.249427589371   -1.1394E-03   1.1243E-02  
   @CI  2:     7     -1.249236913410   -2.2398E-03   2.3054E-02  
   @CI  2:     8     -1.189355747351   -1.7409E-03   1.8898E-02  
   @CI  2:     9     -1.189355747350   -1.7409E-03   1.8898E-02  

   @CI  3:     0     -2.326890815993   -1.0627E-05   1.0165E-03  
   @CI  3:     1     -1.816098695045   -2.7674E-05   1.8453E-03  
   @CI  3:     2     -1.816098695045   -2.7674E-05   1.8453E-03  
   @CI  3:     3     -1.540642238577   -9.4471E-06   1.0927E-03  
   @CI  3:     4     -1.540641553980   -3.4940E-05   1.9837E-03  
   @CI  3:     5     -1.305306116560   -5.0396E-05   2.5179E-03  
   @CI  3:     6     -1.249467485791   -3.9896E-05   2.3992E-03  
   @CI  3:     7     -1.249451354354   -2.1444E-04   7.0579E-03  
   @CI  3:     8     -1.189497308312   -1.4156E-04   5.5891E-03  
   @CI  3:     9     -1.189497308311   -1.4156E-04   5.5891E-03  

   @CI  4:     0     -2.326891000489   -1.8450E-07   9.1720E-05  
   @CI  4:     1     -1.816099630140   -9.3509E-07   2.7952E-04  
   @CI  4:     2     -1.816099630140   -9.3509E-07   2.7952E-04  
   @CI  4:     3     -1.540642593823   -3.5525E-07   1.7332E-04  
   @CI  4:     4     -1.540642576034   -1.0221E-06   2.9777E-04  
   @CI  4:     5     -1.305308177780   -2.0612E-06   5.2917E-04  
   @CI  4:     6     -1.249469896023   -2.4102E-06   7.8755E-04  
   @CI  4:     7     -1.249469368136   -1.8014E-05   1.6973E-03  
   @CI  4:     8     -1.189509170812   -1.1862E-05   1.5568E-03  
   @CI  4:     9     -1.189509170810   -1.1862E-05   1.5568E-03  

   @CI  5:     0     -2.326891002043   -1.5535E-09   9.3817E-06  
   @CI  5:     1     -1.816099652137   -2.1997E-08   4.2951E-05  
   @CI  5:     2     -1.816099652137   -2.1997E-08   4.2951E-05  
   @CI  5:     3     -1.540642601751   -7.9280E-09   2.4208E-05  
   @CI  5:     4     -1.540642601211   -2.5177E-08   5.0225E-05  
   @CI  5:     5     -1.305308294150   -1.1637E-07   1.5428E-04  
   @CI  5:     6     -1.249470158061   -2.6204E-07   2.1595E-04  
   @CI  5:     7     -1.249470153649   -7.8551E-07   2.6913E-04  
   @CI  5:     8     -1.189510120724   -9.4991E-07   4.9029E-04  
   @CI  5:     9     -1.189510120723   -9.4991E-07   4.9029E-04  

   @CI  6:     0     -2.326891002060   -1.7316E-11   1.0653E-06 c
   @CI  6:     1     -1.816099652615   -4.7833E-10   6.2448E-06  
   @CI  6:     2     -1.816099652615   -4.7833E-10   6.2448E-06  
   @CI  6:     3     -1.540642601903   -1.5199E-10   3.4536E-06  
   @CI  6:     4     -1.540642601888   -6.7688E-10   8.0843E-06  
   @CI  6:     5     -1.305308302907   -8.7572E-09   3.3283E-05  
   @CI  6:     6     -1.249470172427   -1.4366E-08   3.8150E-05  
   @CI  6:     7     -1.249470172113   -1.8463E-08   4.9630E-05  
   @CI  6:     8     -1.189510212324   -9.1599E-08   1.4455E-04  
   @CI  6:     9     -1.189510212322   -9.1599E-08   1.4455E-04  

   @CI  7:     0     -2.326891002060   -8.5265E-14   8.5478E-07 c
   @CI  7:     1     -1.816099652626   -1.0763E-11   1.0749E-06 c
   @CI  7:     2     -1.816099652626   -1.0768E-11   1.0749E-06 c
   @CI  7:     3     -1.540642601906   -2.7214E-12   5.6791E-07 c
   @CI  7:     4     -1.540642601906   -1.7600E-11   1.1800E-06 c
   @CI  7:     5     -1.305308303186   -2.7896E-10   4.3554E-06  
   @CI  7:     6     -1.249470172808   -3.8144E-10   5.0726E-06  
   @CI  7:     7     -1.249470172798   -6.8510E-10   8.2510E-06  
   @CI  7:     8     -1.189510220379   -8.0556E-09   4.5934E-05  
   @CI  7:     9     -1.189510220378   -8.0556E-09   4.5934E-05  

   @CI  8:     0     -2.326891002060   4.4409E-15   8.5440E-07 c
   @CI  8:     1     -1.816099652626   -8.9706E-14   9.7560E-07 c
   @CI  8:     2     -1.816099652626   -8.2157E-14   9.7550E-07 c
   @CI  8:     3     -1.540642601906   -1.7764E-14   5.6135E-07 c
   @CI  8:     4     -1.540642601906   -7.6383E-14   1.0312E-06 c
   @CI  8:     5     -1.305308303192   -5.6595E-12   6.0393E-07 c
   @CI  8:     6     -1.249470172815   -7.3510E-12   1.2261E-06 c
   @CI  8:     7     -1.249470172815   -1.7307E-11   1.3652E-06 c
   @CI  8:     8     -1.189510221163   -7.8408E-10   1.3608E-05  
   @CI  8:     9     -1.189510221162   -7.8396E-10   1.3640E-05  

   @CI  9:     0     -2.326891002060   -2.2204E-15   8.5440E-07 c
   @CI  9:     1     -1.816099652626   -3.1086E-14   9.0498E-07 c
   @CI  9:     2     -1.816099652626   -2.8866E-14   9.1968E-07 c
   @CI  9:     3     -1.540642601906   -2.6645E-15   5.5845E-07 c
   @CI  9:     4     -1.540642601906   1.7764E-15   1.0327E-06 c
   @CI  9:     5     -1.305308303192   2.6645E-15   6.0393E-07 c
   @CI  9:     6     -1.249470172815   2.2204E-15   1.2252E-06 c
   @CI  9:     7     -1.249470172815   1.7764E-15   1.3660E-06 c
   @CI  9:     8     -1.189510221217   -5.3930E-11   4.2164E-06 c
   @CI  9:     9     -1.189510221211   -4.9059E-11   5.7414E-06 c


   ==> Energetics <==

    SCF energy =           -2.257450791916106
    Total CI energy =      -2.326891002060265

   ==> FCI root 0 information <==

    FCI Root 0 energy =    -2.326891002060265

   The 20 most important determinants:

    *   1   -0.983059  (    0,    0)  1AX 2AX 
    *   2    0.052904  (    2,    2)  2AX 3AX 
    *   3    0.052904  (    3,    3)  1AX 4AX 
    *   4    0.052288  (   15,   15)  1AX 7AX 
    *   5    0.052288  (   22,   22)  2AX 8AX 
    *   6    0.049841  (   10,   10)  1AX 6AX 
    *   7    0.049841  (    7,    7)  2AX 5AX 
    *   8    0.046516  (   15,    3)  1AX 4AB 7AA 
    *   9    0.046516  (    3,   15)  1AX 4AA 7AB 
    *  10    0.046516  (   22,    2)  2AX 3AB 8AA 
    *  11    0.046516  (    2,   22)  2AX 3AA 8AB 
    *  12    0.039451  (   55,   55)  1AX 12AX 
    *  13    0.039451  (   45,   45)  1AX 11AX 
    *  14    0.039451  (   37,   37)  2AX 10AX 
    *  15    0.039451  (   29,   29)  2AX 9AX 
    *  16    0.014801  (   79,   79)  2AX 14AX 
    *  17    0.014801  (   66,   66)  1AX 13AX 
    *  18   -0.013980  (   66,   10)  1AX 6AB 13AA 
    *  19   -0.013980  (   10,   66)  1AX 6AA 13AB 
    *  20   -0.013980  (    7,   79)  2AX 5AA 14AB 


   ==> FCI root 1 information <==

    FCI Root 1 energy =    -1.816099652625938

   The 20 most important determinants:

    *   1    0.622891  (    3,    0)  1AX 2AB 4AA 
    *   2    0.622891  (    0,    3)  1AX 2AA 4AB 
    *   3   -0.294050  (    0,    2)  1AA 2AX 3AB 
    *   4   -0.294050  (    2,    0)  1AB 2AX 3AA 
    *   5    0.107489  (    3,   10)  1AX 4AA 6AB 
    *   6    0.107489  (   10,    3)  1AX 4AB 6AA 
    *   7    0.050743  (    7,    2)  2AX 3AB 5AA 
    *   8    0.050743  (    2,    7)  2AX 3AA 5AB 
    *   9   -0.038229  (    3,   66)  1AX 4AA 13AB 
    *  10   -0.038229  (   66,    3)  1AX 4AB 13AA 
    *  11    0.033521  (    5,    2)  2AB 3AX 4AA 
    *  12    0.033521  (    2,    5)  2AA 3AX 4AB 
    *  13   -0.033131  (   22,   24)  2AA 4AB 8AX 
    *  14   -0.033131  (   24,   22)  2AB 4AA 8AX 
    *  15   -0.031581  (    9,    7)  2AB 4AA 5AX 
    *  16   -0.031581  (    7,    9)  2AA 4AB 5AX 
    *  17    0.029474  (    5,   22)  2AB 3AA 4AA 8AB 
    *  18    0.029474  (   22,    5)  2AA 3AB 4AB 8AA 
    *  19   -0.029474  (   24,    2)  2AB 3AB 4AA 8AA 
    *  20   -0.029474  (    2,   24)  2AA 3AA 4AB 8AB 


   ==> FCI root 2 information <==

    FCI Root 2 energy =    -1.816099652625853

   The 20 most important determinants:

    *   1    0.622891  (    0,    2)  1AA 2AX 3AB 
    *   2    0.622891  (    2,    0)  1AB 2AX 3AA 
    *   3    0.294050  (    3,    0)  1AX 2AB 4AA 
    *   4    0.294050  (    0,    3)  1AX 2AA 4AB 
    *   5   -0.107489  (    7,    2)  2AX 3AB 5AA 
    *   6   -0.107489  (    2,    7)  2AX 3AA 5AB 
    *   7    0.050743  (    3,   10)  1AX 4AA 6AB 
    *   8    0.050743  (   10,    3)  1AX 4AB 6AA 
    *   9    0.038229  (   79,    2)  2AX 3AB 14AA 
    *  10    0.038229  (    2,   79)  2AX 3AA 14AB 
    *  11    0.033521  (    3,    5)  1AA 3AB 4AX 
    *  12    0.033521  (    5,    3)  1AB 3AA 4AX 
    *  13    0.033131  (   15,   17)  1AA 3AB 7AX 
    *  14    0.033131  (   17,   15)  1AB 3AA 7AX 
    *  15    0.031581  (   10,   12)  1AA 3AB 6AX 
    *  16    0.031581  (   12,   10)  1AB 3AA 6AX 
    *  17    0.029474  (    3,   17)  1AA 3AB 4AA 7AB 
    *  18    0.029474  (   17,    3)  1AB 3AA 4AB 7AA 
    *  19    0.029474  (   15,    5)  1AA 3AB 4AB 7AA 
    *  20    0.029474  (    5,   15)  1AB 3AA 4AA 7AB 


   ==> FCI root 3 information <==

    FCI Root 3 energy =    -1.540642601906012

   The 20 most important determinants:

    *   1   -0.634960  (    0,    7)  1AA 2AX 5AB 
    *   2   -0.634960  (    7,    0)  1AB 2AX 5AA 
    *   3   -0.263659  (   10,    0)  1AX 2AB 6AA 
    *   4   -0.263659  (    0,   10)  1AX 2AA 6AB 
    *   5    0.143137  (    7,    7)  2AX 5AX 
    *   6   -0.075561  (   22,   22)  2AX 8AX 
    *   7   -0.059157  (   10,   10)  1AX 6AX 
    *   8    0.050422  (    2,    2)  2AX 3AX 
    *   9    0.034297  (    3,    9)  1AA 4AX 5AB 
    *  10    0.034297  (    9,    3)  1AB 4AX 5AA 
    *  11   -0.033583  (   15,   19)  1AA 5AB 7AX 
    *  12   -0.033583  (   19,   15)  1AB 5AA 7AX 
    *  13   -0.032551  (   10,   14)  1AA 5AB 6AX 
    *  14   -0.032551  (   14,   10)  1AB 5AA 6AX 
    *  15    0.031656  (   15,   15)  1AX 7AX 
    *  16   -0.030487  (    2,   22)  2AX 3AA 8AB 
    *  17   -0.030487  (   22,    2)  2AX 3AB 8AA 
    *  18   -0.029968  (    3,   19)  1AA 4AA 5AB 7AB 
    *  19   -0.029968  (   19,    3)  1AB 4AB 5AA 7AA 
    *  20    0.029968  (   15,    9)  1AA 4AB 5AB 7AA 


   ==> FCI root 4 information <==

    FCI Root 4 energy =    -1.540642601905661

   The 20 most important determinants:

    *   1   -0.634928  (   10,    0)  1AX 2AB 6AA 
    *   2   -0.634928  (    0,   10)  1AX 2AA 6AB 
    *   3    0.263581  (    0,    7)  1AA 2AX 5AB 
    *   4    0.263581  (    7,    0)  1AB 2AX 5AA 
    *   5   -0.143409  (   10,   10)  1AX 6AX 
    *   6    0.075275  (   15,   15)  1AX 7AX 
    *   7   -0.059812  (    7,    7)  2AX 5AX 
    *   8   -0.050711  (    3,    3)  1AX 4AX 
    *   9   -0.034043  (   12,    2)  2AB 3AX 6AA 
    *  10   -0.034043  (    2,   12)  2AA 3AX 6AB 
    *  11    0.033961  (   22,   26)  2AA 6AB 8AX 
    *  12    0.033961  (   26,   22)  2AB 6AA 8AX 
    *  13   -0.031833  (   14,    7)  2AB 5AX 6AA 
    *  14   -0.031833  (    7,   14)  2AA 5AX 6AB 
    *  15    0.030969  (   22,   22)  2AX 8AX 
    *  16    0.030233  (   15,    3)  1AX 4AB 7AA 
    *  17    0.030233  (    3,   15)  1AX 4AA 7AB 
    *  18   -0.030120  (   12,   22)  2AB 3AA 6AA 8AB 
    *  19   -0.030120  (   22,   12)  2AA 3AB 6AB 8AA 
    *  20    0.030120  (   26,    2)  2AB 3AB 6AA 8AA 


   ==> FCI root 5 information <==

    FCI Root 5 energy =    -1.305308303191806

   The 20 most important determinants:

    *   1    0.482634  (    2,    3)  1AB 2AA 3AA 4AB 
    *   2    0.482634  (    3,    2)  1AA 2AB 3AB 4AA 
    *   3   -0.482634  (    5,    0)  1AB 2AB 3AA 4AA 
    *   4   -0.482634  (    0,    5)  1AA 2AA 3AB 4AB 
    *   5   -0.083285  (   12,    3)  1AB 3AA 4AB 6AA 
    *   6   -0.083285  (    3,   12)  1AA 3AB 4AA 6AB 
    *   7   -0.083285  (    2,    9)  2AA 3AA 4AB 5AB 
    *   8   -0.083285  (    9,    2)  2AB 3AB 4AA 5AA 
    *   9   -0.083285  (    5,   10)  1AB 3AA 4AA 6AB 
    *  10   -0.083285  (   10,    5)  1AA 3AB 4AB 6AA 
    *  11    0.083285  (    5,    7)  2AB 3AA 4AA 5AB 
    *  12    0.083285  (    7,    5)  2AA 3AB 4AB 5AA 
    *  13    0.029621  (    3,   68)  1AA 3AB 4AA 13AB 
    *  14    0.029621  (   68,    3)  1AB 3AA 4AB 13AA 
    *  15    0.029621  (    5,   66)  1AB 3AA 4AA 13AB 
    *  16    0.029621  (   66,    5)  1AA 3AB 4AB 13AA 
    *  17    0.029621  (    2,   81)  2AA 3AA 4AB 14AB 
    *  18    0.029621  (   81,    2)  2AB 3AB 4AA 14AA 
    *  19   -0.029621  (    5,   79)  2AB 3AA 4AA 14AB 
    *  20   -0.029621  (   79,    5)  2AA 3AB 4AB 14AA 


   ==> FCI root 6 information <==

    FCI Root 6 energy =    -1.249470172815376

   The 20 most important determinants:

    *   1   -0.883852  (    2,    2)  2AX 3AX 
    *   2   -0.247376  (    2,   22)  2AX 3AA 8AB 
    *   3   -0.247376  (   22,    2)  2AX 3AB 8AA 
    *   4    0.224083  (    3,    3)  1AX 4AX 
    *   5    0.082608  (    7,    7)  2AX 5AX 
    *   6   -0.069130  (   79,    0)  1AB 2AX 14AA 
    *   7   -0.069130  (    0,   79)  1AA 2AX 14AB 
    *   8    0.064688  (   15,    3)  1AX 4AB 7AA 
    *   9    0.064688  (    3,   15)  1AX 4AA 7AB 
    *  10   -0.048884  (    0,    0)  1AX 2AX 
    *  11    0.046979  (   17,   17)  3AX 7AX 
    *  12    0.045889  (   12,   12)  3AX 6AX 
    *  13    0.038465  (    5,   17)  3AX 4AA 7AB 
    *  14    0.038465  (   17,    5)  3AX 4AB 7AA 
    *  15    0.035674  (   57,   57)  3AX 12AX 
    *  16    0.035674  (   47,   47)  3AX 11AX 
    *  17    0.035647  (    5,    5)  3AX 4AX 
    *  18    0.023051  (   79,   79)  2AX 14AX 
    *  19   -0.022748  (    2,  172)  2AX 3AA 20AB 
    *  20   -0.022748  (  172,    2)  2AX 3AB 20AA 


   ==> FCI root 7 information <==

    FCI Root 7 energy =    -1.249470172814931

   The 20 most important determinants:

    *   1   -0.882100  (    3,    3)  1AX 4AX 
    *   2   -0.245836  (   15,    3)  1AX 4AB 7AA 
    *   3   -0.245836  (    3,   15)  1AX 4AA 7AB 
    *   4   -0.217070  (    2,    2)  2AX 3AX 
    *   5    0.084259  (   10,   10)  1AX 6AX 
    *   6   -0.081440  (    0,    0)  1AX 2AX 
    *   7    0.068994  (   66,    0)  1AX 2AB 13AA 
    *   8    0.068994  (    0,   66)  1AX 2AA 13AB 
    *   9    0.059388  (    5,    5)  3AX 4AX 
    *  10   -0.058521  (    2,   22)  2AX 3AA 8AB 
    *  11   -0.058521  (   22,    2)  2AX 3AB 8AA 
    *  12    0.046951  (   24,   24)  4AX 8AX 
    *  13   -0.045096  (    5,   24)  3AA 4AX 8AB 
    *  14   -0.045096  (   24,    5)  3AB 4AX 8AA 
    *  15    0.043645  (    9,    9)  4AX 5AX 
    *  16    0.035195  (   39,   39)  4AX 10AX 
    *  17    0.035195  (   31,   31)  4AX 9AX 
    *  18    0.024146  (    7,    7)  2AX 5AX 
    *  19    0.023708  (    5,   17)  3AX 4AA 7AB 
    *  20    0.023708  (   17,    5)  3AX 4AB 7AA 


   ==> FCI root 8 information <==

    FCI Root 8 energy =    -1.189510221217204

   The 20 most important determinants:

    *   1    0.624429  (   15,    0)  1AX 2AB 7AA 
    *   2    0.624429  (    0,   15)  1AX 2AA 7AB 
    *   3   -0.292735  (    3,   10)  1AX 4AA 6AB 
    *   4   -0.292735  (   10,    3)  1AX 4AB 6AA 
    *   5   -0.098685  (   15,   10)  1AX 6AB 7AA 
    *   6   -0.098685  (   10,   15)  1AX 6AA 7AB 
    *   7    0.044206  (    0,    3)  1AX 2AA 4AB 
    *   8    0.044206  (    3,    0)  1AX 2AB 4AA 
    *   9   -0.038481  (   15,   66)  1AX 7AA 13AB 
    *  10   -0.038481  (   66,   15)  1AX 7AB 13AA 
    *  11    0.033604  (   17,    2)  2AB 3AX 7AA 
    *  12    0.033604  (    2,   17)  2AA 3AX 7AB 
    *  13   -0.033213  (   22,   27)  2AA 7AB 8AX 
    *  14   -0.033213  (   27,   22)  2AB 7AA 8AX 
    *  15    0.031659  (   19,    7)  2AB 5AX 7AA 
    *  16    0.031659  (    7,   19)  2AA 5AX 7AB 
    *  17    0.029547  (   17,   22)  2AB 3AA 7AA 8AB 
    *  18    0.029547  (   22,   17)  2AA 3AB 7AB 8AA 
    *  19   -0.029547  (    2,   27)  2AA 3AA 7AB 8AB 
    *  20   -0.029547  (   27,    2)  2AB 3AB 7AA 8AA 


   ==> FCI root 9 information <==

    FCI Root 9 energy =    -1.189510221210732

   The 20 most important determinants:

    *   1   -0.624429  (    0,   22)  1AA 2AX 8AB 
    *   2   -0.624429  (   22,    0)  1AB 2AX 8AA 
    *   3   -0.292735  (    2,    7)  2AX 3AA 5AB 
    *   4   -0.292735  (    7,    2)  2AX 3AB 5AA 
    *   5   -0.098685  (   22,    7)  2AX 5AB 8AA 
    *   6   -0.098685  (    7,   22)  2AX 5AA 8AB 
    *   7   -0.044206  (    0,    2)  1AA 2AX 3AB 
    *   8   -0.044206  (    2,    0)  1AB 2AX 3AA 
    *   9   -0.038481  (   22,   79)  2AX 8AA 14AB 
    *  10   -0.038481  (   79,   22)  2AX 8AB 14AA 
    *  11    0.033604  (   24,    3)  1AB 4AX 8AA 
    *  12    0.033604  (    3,   24)  1AA 4AX 8AB 
    *  13    0.033213  (   15,   27)  1AA 7AX 8AB 
    *  14    0.033213  (   27,   15)  1AB 7AX 8AA 
    *  15    0.031659  (   26,   10)  1AB 6AX 8AA 
    *  16    0.031659  (   10,   26)  1AA 6AX 8AB 
    *  17    0.029547  (    3,   27)  1AA 4AA 7AB 8AB 
    *  18    0.029547  (   27,    3)  1AB 4AB 7AA 8AA 
    *  19    0.029547  (   15,   24)  1AA 4AB 7AA 8AB 
    *  20    0.029547  (   24,   15)  1AB 4AA 7AB 8AA 

		 "A good bug is a dead bug" 

			 - Starship Troopers

		 "I didn't write FORTRAN.  That's the problem."

			 - Edward Valeev


Properties will be evaluated at   0.000000,   0.000000,   0.000000 [a0]

Properties computed using the FCI density matrix


 Multipole Moments:

 ------------------------------------------------------------------------------------
     Multipole            Electronic (a.u.)      Nuclear  (a.u.)        Total (a.u.)
 ------------------------------------------------------------------------------------

 L = 1.  Multiply by 2.5417464519 to convert [e a0] to [Debye]
 Dipole X            :         -0.0000000            0.0000000           -0.0000000
 Dipole Y            :         -0.0000000            0.0000000           -0.0000000
 Dipole Z            :          0.0000000           -0.0000000            0.0000000
 Magnitude           :                                                    0.0000000

 ------------------------------------------------------------------------------------
   => Libint2 <=

    Primary   basis highest AM E, G, H:  5, 4, 3
    Auxiliary basis highest AM E, G, H:  6, 5, 4
    Onebody   basis highest AM E, G, H:  6, 5, 4
    Solid Harmonics ordering:            gaussian

*** tstart() called on CHEM353Q05NALT
*** at Thu Sep 19 20:05:18 2024

   => Loading Basis Set <=

    Name: CC-PVDZ
    Role: ORBITAL
    Keyword: BASIS
    atoms 1-4 entry H          line    22 file /opt/homebrew/Caskroom/miniforge/base/envs/p4env/share/psi4/basis/cc-pvdz.gbs 


         ---------------------------------------------------------
                                   SCF
               by Justin Turney, Rob Parrish, Andy Simmonett
                          and Daniel G. A. Smith
                              RHF Reference
                        1 Threads,    500 MiB Core
         ---------------------------------------------------------

  ==> Geometry <==

    Molecular point group: c1
    Full point group: D_inf_h

    Geometry (in Angstrom), charge = 0, multiplicity = 1:

       Center              X                  Y                   Z               Mass       
    ------------   -----------------  -----------------  -----------------  -----------------
         H            0.000000000000     0.000000000000  11999.628698660001     1.007825032230
         H            0.000000000000     0.000000000000  12000.371301339999     1.007825032230
         H            0.000000000000     0.000000000000  -12000.371301339999     1.007825032230
         H            0.000000000000     0.000000000000  -11999.628698660001     1.007825032230

  Running in c1 symmetry.

  Rotational constants: A = ************  B =      0.00000  C =      0.00000 [cm^-1]
  Rotational constants: A = ************  B =      0.00087  C =      0.00087 [MHz]
  Nuclear repulsion =    1.425284266518581

  Charge       = 0
  Multiplicity = 1
  Electrons    = 4
  Nalpha       = 2
  Nbeta        = 2

  ==> Algorithm <==

  SCF Algorithm Type is PK.
  DIIS enabled.
  MOM disabled.
  Fractional occupation disabled.
  Guess Type is SAD.
  Energy threshold   = 1.00e-10
  Density threshold  = 1.00e-10
  Integral threshold = 1.00e-12

  ==> Primary Basis <==

  Basis Set: CC-PVDZ
    Blend: CC-PVDZ
    Number of shells: 12
    Number of basis functions: 20
    Number of Cartesian functions: 20
    Spherical Harmonics?: true
    Max angular momentum: 1

  ==> Integral Setup <==

  Using in-core PK algorithm.
   Calculation information:
      Number of atoms:                   4
      Number of AO shells:              12
      Number of primitives:             20
      Number of atomic orbitals:        20
      Number of basis functions:        20

      Integral cutoff                 1.00e-12
      Number of threads:                 1

  Performing in-core PK
  Using 44310 doubles for integral storage.
  We computed 903 shell quartets total.
  Whereas there are 3081 unique shell quartets.

  ==> DiskJK: Disk-Based J/K Matrices <==

    J tasked:                  Yes
    K tasked:                  Yes
    wK tasked:                  No
    Memory [MiB]:              375
    Schwarz Cutoff:          1E-12

    OpenMP threads:              1

  Minimum eigenvalue in the overlap matrix is 4.4187261380E-02.
  Reciprocal condition number of the overlap matrix is 1.4207970510E-02.
    Using symmetric orthogonalization.

  ==> Pre-Iterations <==

  SCF Guess: Superposition of Atomic Densities via on-the-fly atomic UHF (no occupation information).

   -------------------------
    Irrep   Nso     Nmo    
   -------------------------
     A         20      20 
   -------------------------
    Total      20      20
   -------------------------

  ==> Iterations <==

                        Total Energy        Delta E     RMS |[F,P]|

   @RHF iter SAD:    -1.70004102152526   -1.70004e+00   0.00000e+00 
   @RHF iter   1:    -2.25214573545961   -5.52105e-01   3.43069e-03 ADIIS/DIIS
   @RHF iter   2:    -2.25727733460770   -5.13160e-03   6.18640e-04 ADIIS/DIIS
   @RHF iter   3:    -2.25745063674848   -1.73302e-04   2.63692e-05 DIIS
   @RHF iter   4:    -2.25745079180218   -1.55054e-07   5.02607e-07 DIIS
   @RHF iter   5:    -2.25745079191611   -1.13931e-10   9.53684e-10 DIIS
   @RHF iter   6:    -2.25745079191611    2.22045e-15   9.68951e-13 DIIS
  Energy and wave function converged.


  ==> Post-Iterations <==

    Orbital Energies [Eh]
    ---------------------

    Doubly Occupied:                                                      

       1A     -0.591625     2A     -0.591625  

    Virtual:                                                              

       3A      0.196940     4A      0.196940     5A      0.479947  
       6A      0.479947     7A      0.935454     8A      0.935454  
       9A      1.292615    10A      1.292615    11A      1.292615  
      12A      1.292615    13A      1.954506    14A      1.954506  
      15A      2.041751    16A      2.041751    17A      2.041751  
      18A      2.041751    19A      3.594562    20A      3.594562  

    Final Occupation by Irrep:
              A 
    DOCC [     2 ]
    NA   [     2 ]
    NB   [     2 ]

  @RHF Final Energy:    -2.25745079191611

   => Energetics <=

    Nuclear Repulsion Energy =              1.4252842665185812
    One-Electron Energy =                  -4.9989687149913564
    Two-Electron Energy =                   1.3162336565566699
    Total Energy =                         -2.2574507919161055

Computation Completed


Properties will be evaluated at   0.000000,   0.000000,   0.000000 [a0]

Properties computed using the SCF density matrix


 Multipole Moments:

 ------------------------------------------------------------------------------------
     Multipole            Electronic (a.u.)      Nuclear  (a.u.)        Total (a.u.)
 ------------------------------------------------------------------------------------

 L = 1.  Multiply by 2.5417464519 to convert [e a0] to [Debye]
 Dipole X            :          0.0000000            0.0000000            0.0000000
 Dipole Y            :          0.0000000            0.0000000            0.0000000
 Dipole Z            :          0.0000000           -0.0000000            0.0000000
 Magnitude           :                                                    0.0000000

 ------------------------------------------------------------------------------------

*** tstop() called on CHEM353Q05NALT at Thu Sep 19 20:05:18 2024
Module time:
	user time   =       0.09 seconds =       0.00 minutes
	system time =       0.01 seconds =       0.00 minutes
	total time  =          0 seconds =       0.00 minutes
Total time:
	user time   =       2.35 seconds =       0.04 minutes
	system time =       0.82 seconds =       0.01 minutes
	total time  =          4 seconds =       0.07 minutes
 MINTS: Wrapper to libmints.
   by Justin Turney

   Calculation information:
      Number of threads:                 1
      Number of atoms:                   4
      Number of AO shells:              12
      Number of SO shells:              12
      Number of primitives:             20
      Number of atomic orbitals:        20
      Number of basis functions:        20

      Number of irreps:                  1
      Integral cutoff                 1.00e-12
      Number of functions per irrep: [  20 ]

 OEINTS: Overlap, kinetic, potential, dipole, and quadrupole integrals
         stored in file 35.

      Computing two-electron integrals...done
      Computed 1737 non-zero two-electron integrals.
        Stored in file 33.


         ---------------------------------------------------------
                          Configuration Interaction
                            (a 'D E T C I' module)

                 C. David Sherrill, Daniel G. A. Smith, and
                              Matt L. Leininger
         ---------------------------------------------------------


   ==> Parameters <==

    EX LEVEL       =        4      H0 BLOCKSIZE  =     1000
    VAL EX LEVEL   =        0      H0 GUESS SIZE =     1000
    H0COUPLINGSIZE =        0      H0 COUPLING   =       NO
    MAXITER        =       24      NUM PRINT     =       20
    NUM ROOTS      =       10      ICORE         =        1
    PRINT LVL      =        1      FCI           =      YES
    R CONV         = 1.00e-04      MIXED         =      YES
    E CONV         = 1.00e-10      MIXED4        =      YES
    R4S            =       NO      REPL OTF      =       NO
    DIAG METHOD    =      SEM      FOLLOW ROOT   =        0
    PRECONDITIONER = DAVIDSON      UPDATE        = DAVIDSON
    S              =   0.0000      Ms0           =      YES
    GUESS VECTOR   =  H0BLOCK      OPENTYPE      =     NONE
    COLLAPSE SIZE  =        1      HD AVG        = EVANGELISTI
    MAX NUM VECS   =      250      REF SYM       =     AUTO
    IOPEN        =       NO

    EX ALLOW       =  1  1  1  1 
    STATE AVERAGE  =  0(1.00) 

   ==> CI Orbital and Space information <==

   ------------------------------------
               Space    Total     A
   ------------------------------------
                 Nso       20    20
                 Nmo       20    20
               Ndocc        2     2
               Nsocc        0     0
   ------------------------------------
              CI Spaces
   ------------------------------------
        Dropped DOCC        0     0
              Active       20    20
        Dropped UOCC        0     0
   ------------------------------------

   ==> Setting up CI strings <==

    There are 190 alpha and 190 beta strings
    The CI space requires 36100 (3.61E+04) determinants and 1 blocks

   ==> Transforming CI integrals <==

	Presorting SO-basis two-electron integrals.
	Sorting File: SO Ints (nn|nn) nbuckets = 1
	Constructing frozen core operators
	Starting first half-transformation.
	Sorting half-transformed integrals.
	First half integral transformation complete.
	Starting second half-transformation.
	Two-electron integral transformation complete.

   ==> Starting CI iterations <==

    H0 Block Eigenvalue =  -2.30115565

    Simultaneous Expansion Method (Block Davidson Method)
    Using 10 initial trial vectors

(sem_iter): H0block_->H0b_diag[3][1] - H0block_->H0b_diag[4][1] = 0.681577 - -0.681577 = 1.363154 > 1.0E-8
(sem_iter): H0block_->H0b_diag[5][2] - H0block_->H0b_diag[6][2] = 0.681577 - -0.681577 = 1.363154 > 1.0E-8
(sem_iter): H0block_->H0b_diag[11][5] - H0block_->H0b_diag[12][5] = -0.001081 - 0.001081 = -0.002162 > 1.0E-8
(sem_iter): H0block_->H0b_diag[11][6] - H0block_->H0b_diag[12][6] = 0.701441 - -0.701441 = 1.402883 > 1.0E-8
(sem_iter): H0block_->H0b_diag[32][7] - H0block_->H0b_diag[35][7] = 0.052058 - 0.936169 = -0.884111 > 1.0E-8
(sem_iter): H0block_->H0b_diag[32][8] - H0block_->H0b_diag[35][8] = -0.935266 - 0.051822 = -0.987088 > 1.0E-8
(sem_iter): H0block_->H0b_diag[32][9] - H0block_->H0b_diag[35][9] = 0.041313 - -0.006489 = 0.047802 > 1.0E-8
(sem_iter): H0block_->H0b_diag[1][10] - H0block_->H0b_diag[2][10] = 0.971090 - 0.098392 = 0.872698 > 1.0E-8
(sem_iter): H0block_->H0b_diag[1][11] - H0block_->H0b_diag[2][11] = -0.098394 - 0.971164 = -1.069558 > 1.0E-8
(sem_iter): H0block_->H0b_diag[1][12] - H0block_->H0b_diag[2][12] = -0.012042 - -0.000785 = -0.011257 > 1.0E-8
(sem_iter): H0block_->H0b_diag[1][13] - H0block_->H0b_diag[2][13] = -0.000000 - 0.000003 = -0.000003 > 1.0E-8
(sem_iter): H0block_->H0b_diag[31][16] - H0block_->H0b_diag[36][16] = -0.373588 - 0.373588 = -0.747176 > 1.0E-8
(sem_iter): H0block_->H0b_diag[31][17] - H0block_->H0b_diag[36][17] = -0.562138 - 0.562138 = -1.124276 > 1.0E-8
(sem_iter): H0block_->H0b_diag[3][18] - H0block_->H0b_diag[4][18] = 0.000001 - -0.000001 = 0.000002 > 1.0E-8
(sem_iter): H0block_->H0b_diag[3][19] - H0block_->H0b_diag[4][19] = -0.151432 - 0.151432 = -0.302864 > 1.0E-8
(sem_iter): H0block_->H0b_diag[57][20] - H0block_->H0b_diag[59][20] = -0.215146 - 0.014295 = -0.229441 > 1.0E-8
(sem_iter): H0block_->H0b_diag[57][21] - H0block_->H0b_diag[59][21] = -0.001442 - -0.024004 = 0.022562 > 1.0E-8
(sem_iter): H0block_->H0b_diag[57][22] - H0block_->H0b_diag[59][22] = -0.014304 - -0.242410 = 0.228105 > 1.0E-8
(sem_iter): H0block_->H0b_diag[57][23] - H0block_->H0b_diag[59][23] = 0.055506 - 0.931085 = -0.875580 > 1.0E-8
(sem_iter): H0block_->H0b_diag[57][24] - H0block_->H0b_diag[59][24] = -0.004370 - -0.069348 = 0.064978 > 1.0E-8
(sem_iter): H0block_->H0b_diag[57][25] - H0block_->H0b_diag[59][25] = -0.940629 - 0.055719 = -0.996347 > 1.0E-8
(sem_iter): H0block_->H0b_diag[9][27] - H0block_->H0b_diag[10][27] = -0.095060 - 0.951817 = -1.046877 > 1.0E-8
(sem_iter): H0block_->H0b_diag[9][28] - H0block_->H0b_diag[10][28] = 0.951864 - 0.095049 = 0.856815 > 1.0E-8
(sem_iter): H0block_->H0b_diag[9][29] - H0block_->H0b_diag[10][29] = -0.000670 - -0.009554 = 0.008884 > 1.0E-8
(sem_iter): H0block_->H0b_diag[15][30] - H0block_->H0b_diag[16][30] = -0.956599 - -0.000000 = -0.956599 > 1.0E-8
(sem_iter): H0block_->H0b_diag[55][33] - H0block_->H0b_diag[58][33] = 0.000004 - -0.000004 = 0.000008 > 1.0E-8
(sem_iter): H0block_->H0b_diag[55][34] - H0block_->H0b_diag[58][34] = -0.491554 - 0.491554 = -0.983108 > 1.0E-8
     Iter   Root       Total Energy       Delta E      C RMS

   @CI  0:     0     -2.301155649250   -3.7264E+00   2.9690E-01  
   @CI  0:     1     -1.788989632491   -3.2143E+00   2.8884E-01  
   @CI  0:     2     -1.788989632491   -3.2143E+00   2.8884E-01  
   @CI  0:     3     -1.514218870385   -2.9395E+00   2.8863E-01  
   @CI  0:     4     -1.514134424303   -2.9394E+00   2.9149E-01  
   @CI  0:     5     -1.276021829938   -2.7013E+00   2.7306E-01  
   @CI  0:     6     -1.211867983178   -2.6372E+00   3.2584E-01  
   @CI  0:     7     -1.205158536425   -2.6304E+00   3.4027E-01  
   @CI  0:     8     -1.141953429039   -2.5672E+00   3.5738E-01  
   @CI  0:     9     -1.141953429038   -2.5672E+00   3.5738E-01  

   @CI  1:     0     -2.326600807558   -2.5445E-02   3.7597E-02  
   @CI  1:     1     -1.815448352013   -2.6459E-02   4.3233E-02  
   @CI  1:     2     -1.815448352013   -2.6459E-02   4.3233E-02  
   @CI  1:     3     -1.540253955211   -2.6035E-02   3.7925E-02  
   @CI  1:     4     -1.539813956858   -2.5680E-02   4.6918E-02  
   @CI  1:     5     -1.304163717098   -2.8142E-02   4.9225E-02  
   @CI  1:     6     -1.248288167043   -3.6420E-02   6.0765E-02  
   @CI  1:     7     -1.246997065769   -4.1839E-02   7.7221E-02  
   @CI  1:     8     -1.187614816279   -4.5661E-02   7.1647E-02  
   @CI  1:     9     -1.187614816278   -4.5661E-02   7.1647E-02  

   @CI  2:     0     -2.326880189454   -2.7938E-04   5.8244E-03  
   @CI  2:     1     -1.816071021316   -6.2267E-04   9.0758E-03  
   @CI  2:     2     -1.816071021316   -6.2267E-04   9.0758E-03  
   @CI  2:     3     -1.540632791490   -3.7884E-04   5.3667E-03  
   @CI  2:     4     -1.540606614193   -7.9266E-04   1.0394E-02  
   @CI  2:     5     -1.305255720639   -1.0920E-03   1.1934E-02  
   @CI  2:     6     -1.249427589371   -1.1394E-03   1.1243E-02  
   @CI  2:     7     -1.249236913410   -2.2398E-03   2.3054E-02  
   @CI  2:     8     -1.189355747351   -1.7409E-03   1.8898E-02  
   @CI  2:     9     -1.189355747350   -1.7409E-03   1.8898E-02  

   @CI  3:     0     -2.326890815993   -1.0627E-05   1.0165E-03  
   @CI  3:     1     -1.816098695045   -2.7674E-05   1.8453E-03  
   @CI  3:     2     -1.816098695045   -2.7674E-05   1.8453E-03  
   @CI  3:     3     -1.540642238577   -9.4471E-06   1.0927E-03  
   @CI  3:     4     -1.540641553980   -3.4940E-05   1.9837E-03  
   @CI  3:     5     -1.305306116560   -5.0396E-05   2.5179E-03  
   @CI  3:     6     -1.249467485791   -3.9896E-05   2.3992E-03  
   @CI  3:     7     -1.249451354354   -2.1444E-04   7.0579E-03  
   @CI  3:     8     -1.189497308312   -1.4156E-04   5.5891E-03  
   @CI  3:     9     -1.189497308311   -1.4156E-04   5.5891E-03  

   @CI  4:     0     -2.326891000489   -1.8450E-07   9.1720E-05  
   @CI  4:     1     -1.816099630140   -9.3509E-07   2.7952E-04  
   @CI  4:     2     -1.816099630140   -9.3509E-07   2.7952E-04  
   @CI  4:     3     -1.540642593823   -3.5525E-07   1.7332E-04  
   @CI  4:     4     -1.540642576034   -1.0221E-06   2.9777E-04  
   @CI  4:     5     -1.305308177780   -2.0612E-06   5.2917E-04  
   @CI  4:     6     -1.249469896023   -2.4102E-06   7.8755E-04  
   @CI  4:     7     -1.249469368136   -1.8014E-05   1.6973E-03  
   @CI  4:     8     -1.189509170812   -1.1862E-05   1.5568E-03  
   @CI  4:     9     -1.189509170810   -1.1862E-05   1.5568E-03  

   @CI  5:     0     -2.326891002043   -1.5535E-09   9.3817E-06  
   @CI  5:     1     -1.816099652137   -2.1997E-08   4.2951E-05  
   @CI  5:     2     -1.816099652137   -2.1997E-08   4.2951E-05  
   @CI  5:     3     -1.540642601751   -7.9280E-09   2.4208E-05  
   @CI  5:     4     -1.540642601211   -2.5177E-08   5.0225E-05  
   @CI  5:     5     -1.305308294150   -1.1637E-07   1.5428E-04  
   @CI  5:     6     -1.249470158061   -2.6204E-07   2.1595E-04  
   @CI  5:     7     -1.249470153649   -7.8551E-07   2.6913E-04  
   @CI  5:     8     -1.189510120724   -9.4991E-07   4.9029E-04  
   @CI  5:     9     -1.189510120723   -9.4991E-07   4.9029E-04  

   @CI  6:     0     -2.326891002060   -1.7316E-11   1.0653E-06 c
   @CI  6:     1     -1.816099652615   -4.7833E-10   6.2448E-06  
   @CI  6:     2     -1.816099652615   -4.7833E-10   6.2448E-06  
   @CI  6:     3     -1.540642601903   -1.5199E-10   3.4536E-06  
   @CI  6:     4     -1.540642601888   -6.7688E-10   8.0843E-06  
   @CI  6:     5     -1.305308302907   -8.7572E-09   3.3283E-05  
   @CI  6:     6     -1.249470172427   -1.4366E-08   3.8150E-05  
   @CI  6:     7     -1.249470172113   -1.8463E-08   4.9630E-05  
   @CI  6:     8     -1.189510212324   -9.1599E-08   1.4455E-04  
   @CI  6:     9     -1.189510212322   -9.1599E-08   1.4455E-04  

   @CI  7:     0     -2.326891002060   -8.5265E-14   8.5478E-07 c
   @CI  7:     1     -1.816099652626   -1.0763E-11   1.0749E-06 c
   @CI  7:     2     -1.816099652626   -1.0768E-11   1.0749E-06 c
   @CI  7:     3     -1.540642601906   -2.7214E-12   5.6791E-07 c
   @CI  7:     4     -1.540642601906   -1.7600E-11   1.1800E-06 c
   @CI  7:     5     -1.305308303186   -2.7896E-10   4.3554E-06  
   @CI  7:     6     -1.249470172808   -3.8144E-10   5.0726E-06  
   @CI  7:     7     -1.249470172798   -6.8510E-10   8.2510E-06  
   @CI  7:     8     -1.189510220379   -8.0556E-09   4.5934E-05  
   @CI  7:     9     -1.189510220378   -8.0556E-09   4.5934E-05  

   @CI  8:     0     -2.326891002060   4.4409E-15   8.5440E-07 c
   @CI  8:     1     -1.816099652626   -8.9706E-14   9.7560E-07 c
   @CI  8:     2     -1.816099652626   -8.2157E-14   9.7550E-07 c
   @CI  8:     3     -1.540642601906   -1.7764E-14   5.6135E-07 c
   @CI  8:     4     -1.540642601906   -7.6383E-14   1.0312E-06 c
   @CI  8:     5     -1.305308303192   -5.6595E-12   6.0393E-07 c
   @CI  8:     6     -1.249470172815   -7.3510E-12   1.2261E-06 c
   @CI  8:     7     -1.249470172815   -1.7307E-11   1.3652E-06 c
   @CI  8:     8     -1.189510221163   -7.8408E-10   1.3608E-05  
   @CI  8:     9     -1.189510221162   -7.8396E-10   1.3640E-05  

   @CI  9:     0     -2.326891002060   -2.2204E-15   8.5440E-07 c
   @CI  9:     1     -1.816099652626   -3.1086E-14   9.0498E-07 c
   @CI  9:     2     -1.816099652626   -2.8866E-14   9.1968E-07 c
   @CI  9:     3     -1.540642601906   -2.6645E-15   5.5845E-07 c
   @CI  9:     4     -1.540642601906   1.7764E-15   1.0327E-06 c
   @CI  9:     5     -1.305308303192   2.6645E-15   6.0393E-07 c
   @CI  9:     6     -1.249470172815   2.2204E-15   1.2252E-06 c
   @CI  9:     7     -1.249470172815   1.7764E-15   1.3660E-06 c
   @CI  9:     8     -1.189510221217   -5.3930E-11   4.2164E-06 c
   @CI  9:     9     -1.189510221211   -4.9059E-11   5.7414E-06 c


   ==> Energetics <==

    SCF energy =           -2.257450791916106
    Total CI energy =      -2.326891002060265

   ==> FCI root 0 information <==

    FCI Root 0 energy =    -2.326891002060265

   The 20 most important determinants:

    *   1   -0.983059  (    0,    0)  1AX 2AX 
    *   2    0.052904  (    2,    2)  2AX 3AX 
    *   3    0.052904  (    3,    3)  1AX 4AX 
    *   4    0.052288  (   15,   15)  1AX 7AX 
    *   5    0.052288  (   22,   22)  2AX 8AX 
    *   6    0.049841  (   10,   10)  1AX 6AX 
    *   7    0.049841  (    7,    7)  2AX 5AX 
    *   8    0.046516  (   15,    3)  1AX 4AB 7AA 
    *   9    0.046516  (    3,   15)  1AX 4AA 7AB 
    *  10    0.046516  (   22,    2)  2AX 3AB 8AA 
    *  11    0.046516  (    2,   22)  2AX 3AA 8AB 
    *  12    0.039451  (   55,   55)  1AX 12AX 
    *  13    0.039451  (   45,   45)  1AX 11AX 
    *  14    0.039451  (   37,   37)  2AX 10AX 
    *  15    0.039451  (   29,   29)  2AX 9AX 
    *  16    0.014801  (   79,   79)  2AX 14AX 
    *  17    0.014801  (   66,   66)  1AX 13AX 
    *  18   -0.013980  (   66,   10)  1AX 6AB 13AA 
    *  19   -0.013980  (   10,   66)  1AX 6AA 13AB 
    *  20   -0.013980  (    7,   79)  2AX 5AA 14AB 


   ==> FCI root 1 information <==

    FCI Root 1 energy =    -1.816099652625938

   The 20 most important determinants:

    *   1    0.622891  (    3,    0)  1AX 2AB 4AA 
    *   2    0.622891  (    0,    3)  1AX 2AA 4AB 
    *   3   -0.294050  (    0,    2)  1AA 2AX 3AB 
    *   4   -0.294050  (    2,    0)  1AB 2AX 3AA 
    *   5    0.107489  (    3,   10)  1AX 4AA 6AB 
    *   6    0.107489  (   10,    3)  1AX 4AB 6AA 
    *   7    0.050743  (    7,    2)  2AX 3AB 5AA 
    *   8    0.050743  (    2,    7)  2AX 3AA 5AB 
    *   9   -0.038229  (    3,   66)  1AX 4AA 13AB 
    *  10   -0.038229  (   66,    3)  1AX 4AB 13AA 
    *  11    0.033521  (    5,    2)  2AB 3AX 4AA 
    *  12    0.033521  (    2,    5)  2AA 3AX 4AB 
    *  13   -0.033131  (   22,   24)  2AA 4AB 8AX 
    *  14   -0.033131  (   24,   22)  2AB 4AA 8AX 
    *  15   -0.031581  (    9,    7)  2AB 4AA 5AX 
    *  16   -0.031581  (    7,    9)  2AA 4AB 5AX 
    *  17    0.029474  (    5,   22)  2AB 3AA 4AA 8AB 
    *  18    0.029474  (   22,    5)  2AA 3AB 4AB 8AA 
    *  19   -0.029474  (   24,    2)  2AB 3AB 4AA 8AA 
    *  20   -0.029474  (    2,   24)  2AA 3AA 4AB 8AB 


   ==> FCI root 2 information <==

    FCI Root 2 energy =    -1.816099652625853

   The 20 most important determinants:

    *   1    0.622891  (    0,    2)  1AA 2AX 3AB 
    *   2    0.622891  (    2,    0)  1AB 2AX 3AA 
    *   3    0.294050  (    3,    0)  1AX 2AB 4AA 
    *   4    0.294050  (    0,    3)  1AX 2AA 4AB 
    *   5   -0.107489  (    7,    2)  2AX 3AB 5AA 
    *   6   -0.107489  (    2,    7)  2AX 3AA 5AB 
    *   7    0.050743  (    3,   10)  1AX 4AA 6AB 
    *   8    0.050743  (   10,    3)  1AX 4AB 6AA 
    *   9    0.038229  (   79,    2)  2AX 3AB 14AA 
    *  10    0.038229  (    2,   79)  2AX 3AA 14AB 
    *  11    0.033521  (    3,    5)  1AA 3AB 4AX 
    *  12    0.033521  (    5,    3)  1AB 3AA 4AX 
    *  13    0.033131  (   15,   17)  1AA 3AB 7AX 
    *  14    0.033131  (   17,   15)  1AB 3AA 7AX 
    *  15    0.031581  (   10,   12)  1AA 3AB 6AX 
    *  16    0.031581  (   12,   10)  1AB 3AA 6AX 
    *  17    0.029474  (    3,   17)  1AA 3AB 4AA 7AB 
    *  18    0.029474  (   17,    3)  1AB 3AA 4AB 7AA 
    *  19    0.029474  (   15,    5)  1AA 3AB 4AB 7AA 
    *  20    0.029474  (    5,   15)  1AB 3AA 4AA 7AB 


   ==> FCI root 3 information <==

    FCI Root 3 energy =    -1.540642601906012

   The 20 most important determinants:

    *   1   -0.634960  (    0,    7)  1AA 2AX 5AB 
    *   2   -0.634960  (    7,    0)  1AB 2AX 5AA 
    *   3   -0.263659  (   10,    0)  1AX 2AB 6AA 
    *   4   -0.263659  (    0,   10)  1AX 2AA 6AB 
    *   5    0.143137  (    7,    7)  2AX 5AX 
    *   6   -0.075561  (   22,   22)  2AX 8AX 
    *   7   -0.059157  (   10,   10)  1AX 6AX 
    *   8    0.050422  (    2,    2)  2AX 3AX 
    *   9    0.034297  (    3,    9)  1AA 4AX 5AB 
    *  10    0.034297  (    9,    3)  1AB 4AX 5AA 
    *  11   -0.033583  (   15,   19)  1AA 5AB 7AX 
    *  12   -0.033583  (   19,   15)  1AB 5AA 7AX 
    *  13   -0.032551  (   10,   14)  1AA 5AB 6AX 
    *  14   -0.032551  (   14,   10)  1AB 5AA 6AX 
    *  15    0.031656  (   15,   15)  1AX 7AX 
    *  16   -0.030487  (    2,   22)  2AX 3AA 8AB 
    *  17   -0.030487  (   22,    2)  2AX 3AB 8AA 
    *  18   -0.029968  (    3,   19)  1AA 4AA 5AB 7AB 
    *  19   -0.029968  (   19,    3)  1AB 4AB 5AA 7AA 
    *  20    0.029968  (   15,    9)  1AA 4AB 5AB 7AA 


   ==> FCI root 4 information <==

    FCI Root 4 energy =    -1.540642601905661

   The 20 most important determinants:

    *   1   -0.634928  (   10,    0)  1AX 2AB 6AA 
    *   2   -0.634928  (    0,   10)  1AX 2AA 6AB 
    *   3    0.263581  (    0,    7)  1AA 2AX 5AB 
    *   4    0.263581  (    7,    0)  1AB 2AX 5AA 
    *   5   -0.143409  (   10,   10)  1AX 6AX 
    *   6    0.075275  (   15,   15)  1AX 7AX 
    *   7   -0.059812  (    7,    7)  2AX 5AX 
    *   8   -0.050711  (    3,    3)  1AX 4AX 
    *   9   -0.034043  (   12,    2)  2AB 3AX 6AA 
    *  10   -0.034043  (    2,   12)  2AA 3AX 6AB 
    *  11    0.033961  (   22,   26)  2AA 6AB 8AX 
    *  12    0.033961  (   26,   22)  2AB 6AA 8AX 
    *  13   -0.031833  (   14,    7)  2AB 5AX 6AA 
    *  14   -0.031833  (    7,   14)  2AA 5AX 6AB 
    *  15    0.030969  (   22,   22)  2AX 8AX 
    *  16    0.030233  (   15,    3)  1AX 4AB 7AA 
    *  17    0.030233  (    3,   15)  1AX 4AA 7AB 
    *  18   -0.030120  (   12,   22)  2AB 3AA 6AA 8AB 
    *  19   -0.030120  (   22,   12)  2AA 3AB 6AB 8AA 
    *  20    0.030120  (   26,    2)  2AB 3AB 6AA 8AA 


   ==> FCI root 5 information <==

    FCI Root 5 energy =    -1.305308303191806

   The 20 most important determinants:

    *   1    0.482634  (    2,    3)  1AB 2AA 3AA 4AB 
    *   2    0.482634  (    3,    2)  1AA 2AB 3AB 4AA 
    *   3   -0.482634  (    5,    0)  1AB 2AB 3AA 4AA 
    *   4   -0.482634  (    0,    5)  1AA 2AA 3AB 4AB 
    *   5   -0.083285  (   12,    3)  1AB 3AA 4AB 6AA 
    *   6   -0.083285  (    3,   12)  1AA 3AB 4AA 6AB 
    *   7   -0.083285  (    2,    9)  2AA 3AA 4AB 5AB 
    *   8   -0.083285  (    9,    2)  2AB 3AB 4AA 5AA 
    *   9   -0.083285  (    5,   10)  1AB 3AA 4AA 6AB 
    *  10   -0.083285  (   10,    5)  1AA 3AB 4AB 6AA 
    *  11    0.083285  (    5,    7)  2AB 3AA 4AA 5AB 
    *  12    0.083285  (    7,    5)  2AA 3AB 4AB 5AA 
    *  13    0.029621  (    3,   68)  1AA 3AB 4AA 13AB 
    *  14    0.029621  (   68,    3)  1AB 3AA 4AB 13AA 
    *  15    0.029621  (    5,   66)  1AB 3AA 4AA 13AB 
    *  16    0.029621  (   66,    5)  1AA 3AB 4AB 13AA 
    *  17    0.029621  (    2,   81)  2AA 3AA 4AB 14AB 
    *  18    0.029621  (   81,    2)  2AB 3AB 4AA 14AA 
    *  19   -0.029621  (    5,   79)  2AB 3AA 4AA 14AB 
    *  20   -0.029621  (   79,    5)  2AA 3AB 4AB 14AA 


   ==> FCI root 6 information <==

    FCI Root 6 energy =    -1.249470172815376

   The 20 most important determinants:

    *   1   -0.883852  (    2,    2)  2AX 3AX 
    *   2   -0.247376  (    2,   22)  2AX 3AA 8AB 
    *   3   -0.247376  (   22,    2)  2AX 3AB 8AA 
    *   4    0.224083  (    3,    3)  1AX 4AX 
    *   5    0.082608  (    7,    7)  2AX 5AX 
    *   6   -0.069130  (   79,    0)  1AB 2AX 14AA 
    *   7   -0.069130  (    0,   79)  1AA 2AX 14AB 
    *   8    0.064688  (   15,    3)  1AX 4AB 7AA 
    *   9    0.064688  (    3,   15)  1AX 4AA 7AB 
    *  10   -0.048884  (    0,    0)  1AX 2AX 
    *  11    0.046979  (   17,   17)  3AX 7AX 
    *  12    0.045889  (   12,   12)  3AX 6AX 
    *  13    0.038465  (    5,   17)  3AX 4AA 7AB 
    *  14    0.038465  (   17,    5)  3AX 4AB 7AA 
    *  15    0.035674  (   57,   57)  3AX 12AX 
    *  16    0.035674  (   47,   47)  3AX 11AX 
    *  17    0.035647  (    5,    5)  3AX 4AX 
    *  18    0.023051  (   79,   79)  2AX 14AX 
    *  19   -0.022748  (    2,  172)  2AX 3AA 20AB 
    *  20   -0.022748  (  172,    2)  2AX 3AB 20AA 


   ==> FCI root 7 information <==

    FCI Root 7 energy =    -1.249470172814931

   The 20 most important determinants:

    *   1   -0.882100  (    3,    3)  1AX 4AX 
    *   2   -0.245836  (   15,    3)  1AX 4AB 7AA 
    *   3   -0.245836  (    3,   15)  1AX 4AA 7AB 
    *   4   -0.217070  (    2,    2)  2AX 3AX 
    *   5    0.084259  (   10,   10)  1AX 6AX 
    *   6   -0.081440  (    0,    0)  1AX 2AX 
    *   7    0.068994  (   66,    0)  1AX 2AB 13AA 
    *   8    0.068994  (    0,   66)  1AX 2AA 13AB 
    *   9    0.059388  (    5,    5)  3AX 4AX 
    *  10   -0.058521  (    2,   22)  2AX 3AA 8AB 
    *  11   -0.058521  (   22,    2)  2AX 3AB 8AA 
    *  12    0.046951  (   24,   24)  4AX 8AX 
    *  13   -0.045096  (    5,   24)  3AA 4AX 8AB 
    *  14   -0.045096  (   24,    5)  3AB 4AX 8AA 
    *  15    0.043645  (    9,    9)  4AX 5AX 
    *  16    0.035195  (   39,   39)  4AX 10AX 
    *  17    0.035195  (   31,   31)  4AX 9AX 
    *  18    0.024146  (    7,    7)  2AX 5AX 
    *  19    0.023708  (    5,   17)  3AX 4AA 7AB 
    *  20    0.023708  (   17,    5)  3AX 4AB 7AA 


   ==> FCI root 8 information <==

    FCI Root 8 energy =    -1.189510221217204

   The 20 most important determinants:

    *   1    0.624429  (   15,    0)  1AX 2AB 7AA 
    *   2    0.624429  (    0,   15)  1AX 2AA 7AB 
    *   3   -0.292735  (    3,   10)  1AX 4AA 6AB 
    *   4   -0.292735  (   10,    3)  1AX 4AB 6AA 
    *   5   -0.098685  (   15,   10)  1AX 6AB 7AA 
    *   6   -0.098685  (   10,   15)  1AX 6AA 7AB 
    *   7    0.044206  (    0,    3)  1AX 2AA 4AB 
    *   8    0.044206  (    3,    0)  1AX 2AB 4AA 
    *   9   -0.038481  (   15,   66)  1AX 7AA 13AB 
    *  10   -0.038481  (   66,   15)  1AX 7AB 13AA 
    *  11    0.033604  (   17,    2)  2AB 3AX 7AA 
    *  12    0.033604  (    2,   17)  2AA 3AX 7AB 
    *  13   -0.033213  (   22,   27)  2AA 7AB 8AX 
    *  14   -0.033213  (   27,   22)  2AB 7AA 8AX 
    *  15    0.031659  (   19,    7)  2AB 5AX 7AA 
    *  16    0.031659  (    7,   19)  2AA 5AX 7AB 
    *  17    0.029547  (   17,   22)  2AB 3AA 7AA 8AB 
    *  18    0.029547  (   22,   17)  2AA 3AB 7AB 8AA 
    *  19   -0.029547  (    2,   27)  2AA 3AA 7AB 8AB 
    *  20   -0.029547  (   27,    2)  2AB 3AB 7AA 8AA 


   ==> FCI root 9 information <==

    FCI Root 9 energy =    -1.189510221210732

   The 20 most important determinants:

    *   1   -0.624429  (    0,   22)  1AA 2AX 8AB 
    *   2   -0.624429  (   22,    0)  1AB 2AX 8AA 
    *   3   -0.292735  (    2,    7)  2AX 3AA 5AB 
    *   4   -0.292735  (    7,    2)  2AX 3AB 5AA 
    *   5   -0.098685  (   22,    7)  2AX 5AB 8AA 
    *   6   -0.098685  (    7,   22)  2AX 5AA 8AB 
    *   7   -0.044206  (    0,    2)  1AA 2AX 3AB 
    *   8   -0.044206  (    2,    0)  1AB 2AX 3AA 
    *   9   -0.038481  (   22,   79)  2AX 8AA 14AB 
    *  10   -0.038481  (   79,   22)  2AX 8AB 14AA 
    *  11    0.033604  (   24,    3)  1AB 4AX 8AA 
    *  12    0.033604  (    3,   24)  1AA 4AX 8AB 
    *  13    0.033213  (   15,   27)  1AA 7AX 8AB 
    *  14    0.033213  (   27,   15)  1AB 7AX 8AA 
    *  15    0.031659  (   26,   10)  1AB 6AX 8AA 
    *  16    0.031659  (   10,   26)  1AA 6AX 8AB 
    *  17    0.029547  (    3,   27)  1AA 4AA 7AB 8AB 
    *  18    0.029547  (   27,    3)  1AB 4AB 7AA 8AA 
    *  19    0.029547  (   15,   24)  1AA 4AB 7AA 8AB 
    *  20    0.029547  (   24,   15)  1AB 4AA 7AB 8AA 

		 "A good bug is a dead bug" 

			 - Starship Troopers

		 "I didn't write FORTRAN.  That's the problem."

			 - Edward Valeev


Properties will be evaluated at   0.000000,   0.000000,   0.000000 [a0]

Properties computed using the FCI density matrix


 Multipole Moments:

 ------------------------------------------------------------------------------------
     Multipole            Electronic (a.u.)      Nuclear  (a.u.)        Total (a.u.)
 ------------------------------------------------------------------------------------

 L = 1.  Multiply by 2.5417464519 to convert [e a0] to [Debye]
 Dipole X            :         -0.0000000            0.0000000           -0.0000000
 Dipole Y            :         -0.0000000            0.0000000           -0.0000000
 Dipole Z            :          0.0000000           -0.0000000            0.0000000
 Magnitude           :                                                    0.0000000

 ------------------------------------------------------------------------------------


Properties will be evaluated at   0.000000,   0.000000,   0.000000 [a0]

Properties computed using the CI density matrix


 Multipole Moments:

 ------------------------------------------------------------------------------------
     Multipole            Electronic (a.u.)      Nuclear  (a.u.)        Total (a.u.)
 ------------------------------------------------------------------------------------

 L = 1.  Multiply by 2.5417464519 to convert [e a0] to [Debye]
 Dipole X            :         -0.0000000            0.0000000           -0.0000000
 Dipole Y            :         -0.0000000            0.0000000           -0.0000000
 Dipole Z            :          0.0000000           -0.0000000            0.0000000
 Magnitude           :                                                    0.0000000

 ------------------------------------------------------------------------------------

   ===> CI properties for all CI roots <=== 


Properties computed using the CI ROOT 0 density matrix


 Multipole Moments:

 ------------------------------------------------------------------------------------
     Multipole            Electronic (a.u.)      Nuclear  (a.u.)        Total (a.u.)
 ------------------------------------------------------------------------------------

 L = 1.  Multiply by 2.5417464519 to convert [e a0] to [Debye]
 Dipole X            :         -0.0000000            0.0000000           -0.0000000
 Dipole Y            :         -0.0000000            0.0000000           -0.0000000
 Dipole Z            :          0.0000000           -0.0000000            0.0000000
 Magnitude           :                                                    0.0000000

 ------------------------------------------------------------------------------------

Properties computed using the CI ROOT 1 density matrix


 Multipole Moments:

 ------------------------------------------------------------------------------------
     Multipole            Electronic (a.u.)      Nuclear  (a.u.)        Total (a.u.)
 ------------------------------------------------------------------------------------

 L = 1.  Multiply by 2.5417464519 to convert [e a0] to [Debye]
 Dipole X            :          0.0000000            0.0000000            0.0000000
 Dipole Y            :          0.0000000            0.0000000            0.0000000
 Dipole Z            :          0.0000000           -0.0000000            0.0000000
 Magnitude           :                                                    0.0000000

 ------------------------------------------------------------------------------------

Properties computed using the CI ROOT 2 density matrix


 Multipole Moments:

 ------------------------------------------------------------------------------------
     Multipole            Electronic (a.u.)      Nuclear  (a.u.)        Total (a.u.)
 ------------------------------------------------------------------------------------

 L = 1.  Multiply by 2.5417464519 to convert [e a0] to [Debye]
 Dipole X            :          0.0000000            0.0000000            0.0000000
 Dipole Y            :          0.0000000            0.0000000            0.0000000
 Dipole Z            :          0.0000000           -0.0000000            0.0000000
 Magnitude           :                                                    0.0000000

 ------------------------------------------------------------------------------------

Properties computed using the CI ROOT 3 density matrix


 Multipole Moments:

 ------------------------------------------------------------------------------------
     Multipole            Electronic (a.u.)      Nuclear  (a.u.)        Total (a.u.)
 ------------------------------------------------------------------------------------

 L = 1.  Multiply by 2.5417464519 to convert [e a0] to [Debye]
 Dipole X            :          0.0000000            0.0000000            0.0000000
 Dipole Y            :          0.0000000            0.0000000            0.0000000
 Dipole Z            :          0.0000000           -0.0000000            0.0000000
 Magnitude           :                                                    0.0000000

 ------------------------------------------------------------------------------------

Properties computed using the CI ROOT 4 density matrix


 Multipole Moments:

 ------------------------------------------------------------------------------------
     Multipole            Electronic (a.u.)      Nuclear  (a.u.)        Total (a.u.)
 ------------------------------------------------------------------------------------

 L = 1.  Multiply by 2.5417464519 to convert [e a0] to [Debye]
 Dipole X            :         -0.0000000            0.0000000           -0.0000000
 Dipole Y            :          0.0000000            0.0000000            0.0000000
 Dipole Z            :          0.0000000           -0.0000000            0.0000000
 Magnitude           :                                                    0.0000000

 ------------------------------------------------------------------------------------

Properties computed using the CI ROOT 5 density matrix


 Multipole Moments:

 ------------------------------------------------------------------------------------
     Multipole            Electronic (a.u.)      Nuclear  (a.u.)        Total (a.u.)
 ------------------------------------------------------------------------------------

 L = 1.  Multiply by 2.5417464519 to convert [e a0] to [Debye]
 Dipole X            :          0.0000000            0.0000000            0.0000000
 Dipole Y            :         -0.0000000            0.0000000           -0.0000000
 Dipole Z            :          0.0000000           -0.0000000            0.0000000
 Magnitude           :                                                    0.0000000

 ------------------------------------------------------------------------------------

Properties computed using the CI ROOT 6 density matrix


 Multipole Moments:

 ------------------------------------------------------------------------------------
     Multipole            Electronic (a.u.)      Nuclear  (a.u.)        Total (a.u.)
 ------------------------------------------------------------------------------------

 L = 1.  Multiply by 2.5417464519 to convert [e a0] to [Debye]
 Dipole X            :         -0.0000000            0.0000000           -0.0000000
 Dipole Y            :         -0.0000000            0.0000000           -0.0000000
 Dipole Z            :          0.0000000           -0.0000000            0.0000000
 Magnitude           :                                                    0.0000000

 ------------------------------------------------------------------------------------

Properties computed using the CI ROOT 7 density matrix


 Multipole Moments:

 ------------------------------------------------------------------------------------
     Multipole            Electronic (a.u.)      Nuclear  (a.u.)        Total (a.u.)
 ------------------------------------------------------------------------------------

 L = 1.  Multiply by 2.5417464519 to convert [e a0] to [Debye]
 Dipole X            :          0.0000000            0.0000000            0.0000000
 Dipole Y            :          0.0000000            0.0000000            0.0000000
 Dipole Z            :          0.0000000           -0.0000000            0.0000000
 Magnitude           :                                                    0.0000000

 ------------------------------------------------------------------------------------

Properties computed using the CI ROOT 8 density matrix


 Multipole Moments:

 ------------------------------------------------------------------------------------
     Multipole            Electronic (a.u.)      Nuclear  (a.u.)        Total (a.u.)
 ------------------------------------------------------------------------------------

 L = 1.  Multiply by 2.5417464519 to convert [e a0] to [Debye]
 Dipole X            :          0.0000000            0.0000000            0.0000000
 Dipole Y            :          0.0000000            0.0000000            0.0000000
 Dipole Z            :         -0.0000020           -0.0000000           -0.0000020
 Magnitude           :                                                    0.0000020

 ------------------------------------------------------------------------------------

Properties computed using the CI ROOT 9 density matrix


 Multipole Moments:

 ------------------------------------------------------------------------------------
     Multipole            Electronic (a.u.)      Nuclear  (a.u.)        Total (a.u.)
 ------------------------------------------------------------------------------------

 L = 1.  Multiply by 2.5417464519 to convert [e a0] to [Debye]
 Dipole X            :         -0.0000000            0.0000000           -0.0000000
 Dipole Y            :          0.0000000            0.0000000            0.0000000
 Dipole Z            :          0.0000045           -0.0000000            0.0000045
 Magnitude           :                                                    0.0000045

 ------------------------------------------------------------------------------------

   ===> CI properties for all CI transition density matrices <=== 


Properties computed using the CI ROOT 0 -> ROOT 1 density matrix


Transition Multipole Moments:

 ------------------------------------------------------------------------------------
     Multipole            Electronic (a.u.)      Nuclear  (a.u.)        Total (a.u.)
 ------------------------------------------------------------------------------------

 L = 1.  Multiply by 2.5417464519 to convert [e a0] to [Debye]
 Dipole X            :          0.0000000            0.0000000            0.0000000
 Dipole Y            :          0.0000000            0.0000000            0.0000000
 Dipole Z            :         -1.6494045            0.0000000           -1.6494045
 Magnitude           :                                                    1.6494045

 ------------------------------------------------------------------------------------

Properties computed using the CI ROOT 0 -> ROOT 2 density matrix


Transition Multipole Moments:

 ------------------------------------------------------------------------------------
     Multipole            Electronic (a.u.)      Nuclear  (a.u.)        Total (a.u.)
 ------------------------------------------------------------------------------------

 L = 1.  Multiply by 2.5417464519 to convert [e a0] to [Debye]
 Dipole X            :         -0.0000000            0.0000000           -0.0000000
 Dipole Y            :         -0.0000000            0.0000000           -0.0000000
 Dipole Z            :          0.5915226            0.0000000            0.5915226
 Magnitude           :                                                    0.5915226

 ------------------------------------------------------------------------------------

Properties computed using the CI ROOT 0 -> ROOT 3 density matrix


Transition Multipole Moments:

 ------------------------------------------------------------------------------------
     Multipole            Electronic (a.u.)      Nuclear  (a.u.)        Total (a.u.)
 ------------------------------------------------------------------------------------

 L = 1.  Multiply by 2.5417464519 to convert [e a0] to [Debye]
 Dipole X            :          0.0000000            0.0000000            0.0000000
 Dipole Y            :          0.0000000            0.0000000            0.0000000
 Dipole Z            :         -0.0000000            0.0000000           -0.0000000
 Magnitude           :                                                    0.0000000

 ------------------------------------------------------------------------------------

Properties computed using the CI ROOT 0 -> ROOT 4 density matrix


Transition Multipole Moments:

 ------------------------------------------------------------------------------------
     Multipole            Electronic (a.u.)      Nuclear  (a.u.)        Total (a.u.)
 ------------------------------------------------------------------------------------

 L = 1.  Multiply by 2.5417464519 to convert [e a0] to [Debye]
 Dipole X            :          0.0000000            0.0000000            0.0000000
 Dipole Y            :         -0.0000000            0.0000000           -0.0000000
 Dipole Z            :          0.0000000            0.0000000            0.0000000
 Magnitude           :                                                    0.0000000

 ------------------------------------------------------------------------------------

Properties computed using the CI ROOT 0 -> ROOT 5 density matrix


Transition Multipole Moments:

 ------------------------------------------------------------------------------------
     Multipole            Electronic (a.u.)      Nuclear  (a.u.)        Total (a.u.)
 ------------------------------------------------------------------------------------

 L = 1.  Multiply by 2.5417464519 to convert [e a0] to [Debye]
 Dipole X            :         -0.0000000            0.0000000           -0.0000000
 Dipole Y            :          0.0000000            0.0000000            0.0000000
 Dipole Z            :          0.0000000            0.0000000            0.0000000
 Magnitude           :                                                    0.0000000

 ------------------------------------------------------------------------------------

Properties computed using the CI ROOT 0 -> ROOT 6 density matrix


Transition Multipole Moments:

 ------------------------------------------------------------------------------------
     Multipole            Electronic (a.u.)      Nuclear  (a.u.)        Total (a.u.)
 ------------------------------------------------------------------------------------

 L = 1.  Multiply by 2.5417464519 to convert [e a0] to [Debye]
 Dipole X            :         -0.0000000            0.0000000           -0.0000000
 Dipole Y            :         -0.0000000            0.0000000           -0.0000000
 Dipole Z            :         -0.0000000            0.0000000           -0.0000000
 Magnitude           :                                                    0.0000000

 ------------------------------------------------------------------------------------

Properties computed using the CI ROOT 0 -> ROOT 7 density matrix


Transition Multipole Moments:

 ------------------------------------------------------------------------------------
     Multipole            Electronic (a.u.)      Nuclear  (a.u.)        Total (a.u.)
 ------------------------------------------------------------------------------------

 L = 1.  Multiply by 2.5417464519 to convert [e a0] to [Debye]
 Dipole X            :         -0.0000000            0.0000000           -0.0000000
 Dipole Y            :         -0.0000000            0.0000000           -0.0000000
 Dipole Z            :          0.0000000            0.0000000            0.0000000
 Magnitude           :                                                    0.0000000

 ------------------------------------------------------------------------------------

Properties computed using the CI ROOT 0 -> ROOT 8 density matrix


Transition Multipole Moments:

 ------------------------------------------------------------------------------------
     Multipole            Electronic (a.u.)      Nuclear  (a.u.)        Total (a.u.)
 ------------------------------------------------------------------------------------

 L = 1.  Multiply by 2.5417464519 to convert [e a0] to [Debye]
 Dipole X            :          0.0000000            0.0000000            0.0000000
 Dipole Y            :         -0.0000000            0.0000000           -0.0000000
 Dipole Z            :         -0.4191298            0.0000000           -0.4191298
 Magnitude           :                                                    0.4191298

 ------------------------------------------------------------------------------------

Properties computed using the CI ROOT 0 -> ROOT 9 density matrix


Transition Multipole Moments:

 ------------------------------------------------------------------------------------
     Multipole            Electronic (a.u.)      Nuclear  (a.u.)        Total (a.u.)
 ------------------------------------------------------------------------------------

 L = 1.  Multiply by 2.5417464519 to convert [e a0] to [Debye]
 Dipole X            :         -0.0000000            0.0000000           -0.0000000
 Dipole Y            :          0.0000000            0.0000000            0.0000000
 Dipole Z            :         -0.4103932            0.0000000           -0.4103932
 Magnitude           :                                                    0.4103932

 ------------------------------------------------------------------------------------
