
Scratch directory: /tmp/

*** tstart() called on CHEM353Q05NALT
*** at Mon Jun 12 14:18:01 2023

   => Loading Basis Set <=

    Name: STO-3G
    Role: ORBITAL
    Keyword: BASIS
    atoms 1   entry O          line    81 file /Users/jfoley19/Code/psi4/objdir-Release/stage/share/psi4/basis/sto-3g.gbs 
    atoms 2-3 entry H          line    19 file /Users/jfoley19/Code/psi4/objdir-Release/stage/share/psi4/basis/sto-3g.gbs 


         ---------------------------------------------------------
                                   SCF
               by Justin Turney, Rob Parrish, Andy Simmonett
                          and Daniel G. A. Smith
                              RHF Reference
                        1 Threads,    500 MiB Core
         ---------------------------------------------------------

  ==> Geometry <==

    Molecular point group: c1
    Full point group: C2v

    Geometry (in Angstrom), charge = 0, multiplicity = 1:

       Center              X                  Y                   Z               Mass       
    ------------   -----------------  -----------------  -----------------  -----------------
         O            0.000000000000     0.000000000000    -0.041109731592    15.994914619570
         H            0.000000000000    -0.474413744246     0.326220636429     1.007825032230
         H            0.000000000000     0.474413744246     0.326220636429     1.007825032230

  Running in c1 symmetry.

  Rotational constants: A =     69.79320  B =     37.15924  C =     24.24874 [cm^-1]
  Rotational constants: A = 2092347.42082  B = 1114006.01962  C = 726959.04092 [MHz]
  Nuclear repulsion =   14.669109274278959

  Charge       = 0
  Multiplicity = 1
  Electrons    = 10
  Nalpha       = 5
  Nbeta        = 5

  ==> Algorithm <==

  SCF Algorithm Type is PK.
  DIIS enabled.
  MOM disabled.
  Fractional occupation disabled.
  Guess Type is SAD.
  Energy threshold   = 1.00e-10
  Density threshold  = 1.00e-10
  Integral threshold = 1.00e-12

  ==> Primary Basis <==

  Basis Set: STO-3G
    Blend: STO-3G
    Number of shells: 5
    Number of basis functions: 7
    Number of Cartesian functions: 7
    Spherical Harmonics?: true
    Max angular momentum: 1

  ==> Integral Setup <==

  Using in-core PK algorithm.
   Calculation information:
      Number of atoms:                   3
      Number of AO shells:               5
      Number of primitives:             15
      Number of atomic orbitals:         7
      Number of basis functions:         7

      Integral cutoff                 1.00e-12
      Number of threads:                 1

  Performing in-core PK
  Using 812 doubles for integral storage.
  We computed 120 shell quartets total.
  Whereas there are 120 unique shell quartets.

  ==> DiskJK: Disk-Based J/K Matrices <==

    J tasked:                  Yes
    K tasked:                  Yes
    wK tasked:                  No
    Memory [MiB]:              375
    Schwarz Cutoff:          1E-12

    OpenMP threads:              1

  Minimum eigenvalue in the overlap matrix is 1.2531965479E-01.
  Reciprocal condition number of the overlap matrix is 5.1203093025E-02.
    Using symmetric orthogonalization.

  ==> Pre-Iterations <==

  SCF Guess: Superposition of Atomic Densities via on-the-fly atomic UHF (no occupation information).

   -------------------------
    Irrep   Nso     Nmo    
   -------------------------
     A          7       7 
   -------------------------
    Total       7       7
   -------------------------

  ==> Iterations <==

                        Total Energy        Delta E     RMS |[F,P]|

   @RHF iter SAD:   -75.03190157035171   -7.50319e+01   0.00000e+00 
   @RHF iter   1:   -74.11125099529664    9.20651e-01   2.53155e-02 DIIS/ADIIS
   @RHF iter   2:   -74.12718633016263   -1.59353e-02   3.74095e-03 DIIS/ADIIS
   @RHF iter   3:   -74.12755252413899   -3.66194e-04   4.07966e-04 DIIS/ADIIS
   @RHF iter   4:   -74.12755678640383   -4.26226e-06   1.76908e-05 DIIS
   @RHF iter   5:   -74.12755679905951   -1.26557e-08   3.87952e-06 DIIS
   @RHF iter   6:   -74.12755679976789   -7.08383e-10   6.35122e-09 DIIS
   @RHF iter   7:   -74.12755679976797   -8.52651e-14   6.07061e-12 DIIS
  Energy and wave function converged.


  ==> Post-Iterations <==

    Orbital Energies [Eh]
    ---------------------

    Doubly Occupied:                                                      

       1A    -20.320771     2A     -1.568837     3A     -0.860886  
       4A     -0.532757     5A     -0.484790  

    Virtual:                                                              

       6A      0.971483     7A      1.300458  

    Final Occupation by Irrep:
              A 
    DOCC [     5 ]

  @RHF Final Energy:   -74.12755679976797

   => Energetics <=

    Nuclear Repulsion Energy =             14.6691092742789593
    One-Electron Energy =                -130.0572508501566347
    Two-Electron Energy =                  41.2605847761097237
    Total Energy =                        -74.1275567997679588

Computation Completed


Properties will be evaluated at   0.000000,   0.000000,   0.000000 [a0]

Properties computed using the SCF density matrix


 Multipole Moments:

 ------------------------------------------------------------------------------------
     Multipole            Electronic (a.u.)      Nuclear  (a.u.)        Total (a.u.)
 ------------------------------------------------------------------------------------

 L = 1.  Multiply by 2.5417464519 to convert [e a0] to [Debye]
 Dipole X            :         -0.0000000            0.0000000           -0.0000000
 Dipole Y            :         -0.0000000           -0.0000000           -0.0000000
 Dipole Z            :          0.1914906            0.6114462            0.8029369
 Magnitude           :                                                    0.8029369

 ------------------------------------------------------------------------------------

*** tstop() called on CHEM353Q05NALT at Mon Jun 12 14:18:01 2023
Module time:
	user time   =       0.12 seconds =       0.00 minutes
	system time =       0.03 seconds =       0.00 minutes
	total time  =          0 seconds =       0.00 minutes
Total time:
	user time   =       0.12 seconds =       0.00 minutes
	system time =       0.03 seconds =       0.00 minutes
	total time  =          0 seconds =       0.00 minutes
   => Loading Basis Set <=

    Name: STO-3G
    Role: ORBITAL
    Keyword: BASIS
    atoms 1   entry O          line    81 file /Users/jfoley19/Code/psi4/objdir-Release/stage/share/psi4/basis/sto-3g.gbs 
    atoms 2-3 entry H          line    19 file /Users/jfoley19/Code/psi4/objdir-Release/stage/share/psi4/basis/sto-3g.gbs 


Scratch directory: /tmp/

*** tstart() called on CHEM353Q05NALT
*** at Mon Jun 12 14:18:10 2023

   => Loading Basis Set <=

    Name: STO-3G
    Role: ORBITAL
    Keyword: BASIS
    atoms 1   entry O          line    81 file /Users/jfoley19/Code/psi4/objdir-Release/stage/share/psi4/basis/sto-3g.gbs 
    atoms 2-3 entry H          line    19 file /Users/jfoley19/Code/psi4/objdir-Release/stage/share/psi4/basis/sto-3g.gbs 


         ---------------------------------------------------------
                                   SCF
               by Justin Turney, Rob Parrish, Andy Simmonett
                          and Daniel G. A. Smith
                              RHF Reference
                        1 Threads,    500 MiB Core
         ---------------------------------------------------------

  ==> Geometry <==

    Molecular point group: c1
    Full point group: C2v

    Geometry (in Angstrom), charge = 0, multiplicity = 1:

       Center              X                  Y                   Z               Mass       
    ------------   -----------------  -----------------  -----------------  -----------------
         O            0.000000000000     0.000000000000    -0.041109731592    15.994914619570
         H            0.000000000000    -0.474413744246     0.326220636429     1.007825032230
         H            0.000000000000     0.474413744246     0.326220636429     1.007825032230

  Running in c1 symmetry.

  Rotational constants: A =     69.79320  B =     37.15924  C =     24.24874 [cm^-1]
  Rotational constants: A = 2092347.42082  B = 1114006.01962  C = 726959.04092 [MHz]
  Nuclear repulsion =   14.669109274278959

  Charge       = 0
  Multiplicity = 1
  Electrons    = 10
  Nalpha       = 5
  Nbeta        = 5

  ==> Algorithm <==

  SCF Algorithm Type is PK.
  DIIS enabled.
  MOM disabled.
  Fractional occupation disabled.
  Guess Type is SAD.
  Energy threshold   = 1.00e-10
  Density threshold  = 1.00e-10
  Integral threshold = 1.00e-12

  ==> Primary Basis <==

  Basis Set: STO-3G
    Blend: STO-3G
    Number of shells: 5
    Number of basis functions: 7
    Number of Cartesian functions: 7
    Spherical Harmonics?: true
    Max angular momentum: 1

  ==> Integral Setup <==

  Using in-core PK algorithm.
   Calculation information:
      Number of atoms:                   3
      Number of AO shells:               5
      Number of primitives:             15
      Number of atomic orbitals:         7
      Number of basis functions:         7

      Integral cutoff                 1.00e-12
      Number of threads:                 1

  Performing in-core PK
  Using 812 doubles for integral storage.
  We computed 120 shell quartets total.
  Whereas there are 120 unique shell quartets.

  ==> DiskJK: Disk-Based J/K Matrices <==

    J tasked:                  Yes
    K tasked:                  Yes
    wK tasked:                  No
    Memory [MiB]:              375
    Schwarz Cutoff:          1E-12

    OpenMP threads:              1

  Minimum eigenvalue in the overlap matrix is 1.2531965479E-01.
  Reciprocal condition number of the overlap matrix is 5.1203093025E-02.
    Using symmetric orthogonalization.

  ==> Pre-Iterations <==

  SCF Guess: Superposition of Atomic Densities via on-the-fly atomic UHF (no occupation information).

   -------------------------
    Irrep   Nso     Nmo    
   -------------------------
     A          7       7 
   -------------------------
    Total       7       7
   -------------------------

  ==> Iterations <==

                        Total Energy        Delta E     RMS |[F,P]|

   @RHF iter SAD:   -75.03190157035166   -7.50319e+01   0.00000e+00 
   @RHF iter   1:   -74.11125099529659    9.20651e-01   2.53155e-02 DIIS/ADIIS
   @RHF iter   2:   -74.12718633016263   -1.59353e-02   3.74095e-03 DIIS/ADIIS
   @RHF iter   3:   -74.12755252413901   -3.66194e-04   4.07966e-04 DIIS/ADIIS
   @RHF iter   4:   -74.12755678640384   -4.26226e-06   1.76908e-05 DIIS
   @RHF iter   5:   -74.12755679905956   -1.26557e-08   3.87952e-06 DIIS
   @RHF iter   6:   -74.12755679976793   -7.08368e-10   6.35122e-09 DIIS
   @RHF iter   7:   -74.12755679976790    2.84217e-14   6.07090e-12 DIIS
  Energy and wave function converged.


  ==> Post-Iterations <==

    Orbital Energies [Eh]
    ---------------------

    Doubly Occupied:                                                      

       1A    -20.320771     2A     -1.568837     3A     -0.860886  
       4A     -0.532757     5A     -0.484790  

    Virtual:                                                              

       6A      0.971483     7A      1.300458  

    Final Occupation by Irrep:
              A 
    DOCC [     5 ]

  @RHF Final Energy:   -74.12755679976790

   => Energetics <=

    Nuclear Repulsion Energy =             14.6691092742789593
    One-Electron Energy =                -130.0572508501565210
    Two-Electron Energy =                  41.2605847761096669
    Total Energy =                        -74.1275567997679019

Computation Completed


Properties will be evaluated at   0.000000,   0.000000,   0.000000 [a0]

Properties computed using the SCF density matrix


 Multipole Moments:

 ------------------------------------------------------------------------------------
     Multipole            Electronic (a.u.)      Nuclear  (a.u.)        Total (a.u.)
 ------------------------------------------------------------------------------------

 L = 1.  Multiply by 2.5417464519 to convert [e a0] to [Debye]
 Dipole X            :          0.0000000            0.0000000            0.0000000
 Dipole Y            :         -0.0000000            0.0000000           -0.0000000
 Dipole Z            :          0.1914906            0.6114462            0.8029369
 Magnitude           :                                                    0.8029369

 ------------------------------------------------------------------------------------

*** tstop() called on CHEM353Q05NALT at Mon Jun 12 14:18:10 2023
Module time:
	user time   =       0.07 seconds =       0.00 minutes
	system time =       0.00 seconds =       0.00 minutes
	total time  =          0 seconds =       0.00 minutes
Total time:
	user time   =       9.07 seconds =       0.15 minutes
	system time =       0.10 seconds =       0.00 minutes
	total time  =          9 seconds =       0.15 minutes

Scratch directory: /tmp/
 MINTS: Wrapper to libmints.
   by Justin Turney

   Calculation information:
      Number of threads:                 1
      Number of atoms:                   3
      Number of AO shells:               5
      Number of SO shells:               5
      Number of primitives:             15
      Number of atomic orbitals:         7
      Number of basis functions:         7

      Number of irreps:                  1
      Integral cutoff                 1.00e-12
      Number of functions per irrep: [   7 ]

 OEINTS: Overlap, kinetic, potential, dipole, and quadrupole integrals
         stored in file 35.

      Computing two-electron integrals...done
      Computed 228 non-zero two-electron integrals.
        Stored in file 33.


         ---------------------------------------------------------
                          Configuration Interaction
                            (a 'D E T C I' module)

                 C. David Sherrill, Daniel G. A. Smith, and
                              Matt L. Leininger
         ---------------------------------------------------------


   ==> Parameters <==

    EX LEVEL       =       10      H0 BLOCKSIZE  =     1000
    VAL EX LEVEL   =        0      H0 GUESS SIZE =     1000
    H0COUPLINGSIZE =        0      H0 COUPLING   =       NO
    MAXITER        =       24      NUM PRINT     =       20
    NUM ROOTS      =        1      ICORE         =        1
    PRINT LVL      =        1      FCI           =      YES
    R CONV         = 1.00e-04      MIXED         =      YES
    E CONV         = 1.00e-10      MIXED4        =      YES
    R4S            =       NO      REPL OTF      =       NO
    DIAG METHOD    =      SEM      FOLLOW ROOT   =        0
    PRECONDITIONER = DAVIDSON      UPDATE        = DAVIDSON
    S              =   0.0000      Ms0           =      YES
    GUESS VECTOR   =  H0BLOCK      OPENTYPE      =     NONE
    COLLAPSE SIZE  =        1      HD AVG        = EVANGELISTI
    MAX NUM VECS   =       25      REF SYM       =     AUTO
    IOPEN        =       NO

    EX ALLOW       =  1  1  1  1  1  1  1  1  1  1 
    STATE AVERAGE  =  0(1.00) 

   ==> CI Orbital and Space information <==

   ------------------------------------
               Space    Total     A
   ------------------------------------
                 Nso        7     7
                 Nmo        7     7
               Ndocc        5     5
               Nsocc        0     0
   ------------------------------------
              CI Spaces
   ------------------------------------
        Dropped DOCC        0     0
              Active        7     7
        Dropped UOCC        0     0
   ------------------------------------

   ==> Setting up CI strings <==

    There are 21 alpha and 21 beta strings
    The CI space requires 441 (4.41E+02) determinants and 1 blocks

   ==> Transforming CI integrals <==

	Presorting SO-basis two-electron integrals.
	Sorting File: SO Ints (nn|nn) nbuckets = 1
	Constructing frozen core operators
	Starting first half-transformation.
	Sorting half-transformed integrals.
	First half integral transformation complete.
	Starting second half-transformation.
	Two-electron integral transformation complete.

   ==> Starting CI iterations <==

    H0 Block Eigenvalue = -74.14620411

    Simultaneous Expansion Method (Block Davidson Method)
    Using 1 initial trial vectors

     Iter   Root       Total Energy       Delta E      C RMS

   @CI  0:     0    -74.146204108000   -8.8815E+01   4.2904E-13  
    Warning: Norm of correction (root 0) is < 1.0E-13
   @CI  1:     0    -74.146204108000   0.0000E+00   5.8887E-12 c

   ==> Energetics <==

    SCF energy =          -74.127556799767902
    Total CI energy =     -74.146204107999807

   ==> FCI root 0 information <==

    FCI Root 0 energy =   -74.146204107999807

   The 20 most important determinants:

    *   1    0.997219  (    0,    0)  1AX 2AX 3AX 4AX 5AX 
    *   2   -0.041055  (    8,    8)  1AX 2AX 4AX 5AX 7AX 
    *   3   -0.024159  (    4,    4)  1AX 3AX 4AX 5AX 6AX 
    *   4   -0.022402  (    7,    7)  1AX 2AX 3AX 5AX 7AX 
    *   5   -0.021258  (    1,    1)  1AX 2AX 3AX 4AX 6AX 
    *   6    0.020402  (    4,    8)  1AX 2AB 3AA 4AX 5AX 6AA 7AB 
    *   7    0.020402  (    8,    4)  1AX 2AA 3AB 4AX 5AX 6AB 7AA 
    *   8   -0.017094  (    3,    3)  1AX 2AX 4AX 5AX 6AX 
    *   9    0.012933  (    2,    4)  1AX 2AA 3AX 4AB 5AX 6AX 
    *  10    0.012933  (    4,    2)  1AX 2AB 3AX 4AA 5AX 6AX 
    *  11    0.011682  (    3,    9)  1AX 2AA 3AB 4AX 5AX 6AA 7AB 
    *  12    0.011682  (    9,    3)  1AX 2AB 3AA 4AX 5AX 6AB 7AA 
    *  13   -0.009205  (    9,    9)  1AX 3AX 4AX 5AX 7AX 
    *  14   -0.008720  (    0,   18)  1AX 2AA 3AA 4AX 5AX 6AB 7AB 
    *  15   -0.008720  (   18,    0)  1AX 2AB 3AB 4AX 5AX 6AA 7AA 
    *  16   -0.008316  (    2,    2)  1AX 2AX 3AX 5AX 6AX 
    *  17   -0.007609  (    2,    8)  1AX 2AX 3AA 4AB 5AX 6AA 7AB 
    *  18   -0.007609  (    8,    2)  1AX 2AX 3AB 4AA 5AX 6AB 7AA 
    *  19   -0.006911  (    3,    7)  1AX 2AX 3AB 4AA 5AX 6AA 7AB 
    *  20   -0.006911  (    7,    3)  1AX 2AX 3AA 4AB 5AX 6AB 7AA 

		 "A good bug is a dead bug" 

			 - Starship Troopers

		 "I didn't write FORTRAN.  That's the problem."

			 - Edward Valeev
