
Scratch directory: /tmp/
   => Libint2 <=

    Primary   basis highest AM E, G, H:  5, 4, 3
    Auxiliary basis highest AM E, G, H:  6, 5, 4
    Onebody   basis highest AM E, G, H:  6, 5, 4
    Solid Harmonics ordering:            gaussian

*** tstart() called on CHEM353Q05NALT
*** at Thu Sep 12 12:21:05 2024

   => Loading Basis Set <=

    Name: CC-PVTZ
    Role: ORBITAL
    Keyword: BASIS
    atoms 1-2 entry H          line    23 file /opt/homebrew/Caskroom/miniforge/base/envs/p4env/share/psi4/basis/cc-pvtz.gbs 


         ---------------------------------------------------------
                                   SCF
               by Justin Turney, Rob Parrish, Andy Simmonett
                          and Daniel G. A. Smith
                              RHF Reference
                        1 Threads,    500 MiB Core
         ---------------------------------------------------------

  ==> Geometry <==

    Molecular point group: c1
    Full point group: D_inf_h

    Geometry (in Angstrom), charge = 0, multiplicity = 1:

       Center              X                  Y                   Z               Mass       
    ------------   -----------------  -----------------  -----------------  -----------------
         H            0.000000000000     0.000000000000    -0.371301335400     1.007825032230
         H            0.000000000000     0.000000000000     0.371301335400     1.007825032230

  Running in c1 symmetry.

  Rotational constants: A = ************  B =     60.66362  C =     60.66362 [cm^-1]
  Rotational constants: A = ************  B = 1818649.63674  C = 1818649.63674 [MHz]
  Nuclear repulsion =    0.712598043984843

  Charge       = 0
  Multiplicity = 1
  Electrons    = 2
  Nalpha       = 1
  Nbeta        = 1

  ==> Algorithm <==

  SCF Algorithm Type is PK.
  DIIS enabled.
  MOM disabled.
  Fractional occupation disabled.
  Guess Type is SAD.
  Energy threshold   = 1.00e-10
  Density threshold  = 1.00e-10
  Integral threshold = 1.00e-12

  ==> Primary Basis <==

  Basis Set: CC-PVTZ
    Blend: CC-PVTZ
    Number of shells: 12
    Number of basis functions: 28
    Number of Cartesian functions: 30
    Spherical Harmonics?: true
    Max angular momentum: 2

  ==> Integral Setup <==

  Using in-core PK algorithm.
   Calculation information:
      Number of atoms:                   2
      Number of AO shells:              12
      Number of primitives:             16
      Number of atomic orbitals:        30
      Number of basis functions:        28

      Integral cutoff                 1.00e-12
      Number of threads:                 1

  Performing in-core PK
  Using 165242 doubles for integral storage.
  We computed 3081 shell quartets total.
  Whereas there are 3081 unique shell quartets.

  ==> DiskJK: Disk-Based J/K Matrices <==

    J tasked:                  Yes
    K tasked:                  Yes
    wK tasked:                  No
    Memory [MiB]:              375
    Schwarz Cutoff:          1E-12

    OpenMP threads:              1

  Minimum eigenvalue in the overlap matrix is 1.6165729866E-03.
  Reciprocal condition number of the overlap matrix is 3.8355170081E-04.
    Using symmetric orthogonalization.

  ==> Pre-Iterations <==

  SCF Guess: Superposition of Atomic Densities via on-the-fly atomic UHF (no occupation information).

   -------------------------
    Irrep   Nso     Nmo    
   -------------------------
     A         28      28 
   -------------------------
    Total      28      28
   -------------------------

  ==> Iterations <==

                        Total Energy        Delta E     RMS |[F,P]|

   @RHF iter SAD:    -0.84259130487829   -8.42591e-01   0.00000e+00 
   @RHF iter   1:    -1.13002946890539   -2.87438e-01   1.69039e-03 DIIS/ADIIS
   @RHF iter   2:    -1.13281956782663   -2.79010e-03   3.41663e-04 DIIS/ADIIS
   @RHF iter   3:    -1.13294208049963   -1.22513e-04   2.69760e-05 DIIS
   @RHF iter   4:    -1.13294258082000   -5.00320e-07   1.15552e-06 DIIS
   @RHF iter   5:    -1.13294258156916   -7.49155e-10   7.69890e-08 DIIS
   @RHF iter   6:    -1.13294258157338   -4.21929e-12   6.21057e-09 DIIS
   @RHF iter   7:    -1.13294258157341   -3.30846e-14   3.71652e-11 DIIS
  Energy and wave function converged.


  ==> Post-Iterations <==

    Orbital Energies [Eh]
    ---------------------

    Doubly Occupied:                                                      

       1A     -0.593888  

    Virtual:                                                              

       2A      0.166892     3A      0.305243     4A      0.642865  
       5A      0.692428     6A      0.692428     7A      1.095930  
       8A      1.119695     9A      1.119695    10A      1.528617  
      11A      2.337100    12A      2.408253    13A      3.175121  
      14A      3.175121    15A      3.411223    16A      3.411223  
      17A      3.674161    18A      3.895016    19A      3.895016  
      20A      4.082570    21A      4.082570    22A      4.112546  
      23A      4.112546    24A      4.651236    25A      5.722834  
      26A      5.722834    27A      5.798614    28A      6.957283  

    Final Occupation by Irrep:
              A 
    DOCC [     1 ]
    NA   [     1 ]
    NB   [     1 ]

  @RHF Final Energy:    -1.13294258157341

   => Energetics <=

    Nuclear Repulsion Energy =              0.7125980439848427
    One-Electron Energy =                  -2.5033042823315084
    Two-Electron Energy =                   0.6577636567732552
    Total Energy =                         -1.1329425815734104

Computation Completed


Properties will be evaluated at   0.000000,   0.000000,   0.000000 [a0]

Properties computed using the SCF density matrix


 Multipole Moments:

 ------------------------------------------------------------------------------------
     Multipole            Electronic (a.u.)      Nuclear  (a.u.)        Total (a.u.)
 ------------------------------------------------------------------------------------

 L = 1.  Multiply by 2.5417464519 to convert [e a0] to [Debye]
 Dipole X            :         -0.0000000            0.0000000           -0.0000000
 Dipole Y            :          0.0000000            0.0000000            0.0000000
 Dipole Z            :         -0.0000000            0.0000000           -0.0000000
 Magnitude           :                                                    0.0000000

 ------------------------------------------------------------------------------------

*** tstop() called on CHEM353Q05NALT at Thu Sep 12 12:21:05 2024
Module time:
	user time   =       0.15 seconds =       0.00 minutes
	system time =       0.04 seconds =       0.00 minutes
	total time  =          0 seconds =       0.00 minutes
Total time:
	user time   =       0.15 seconds =       0.00 minutes
	system time =       0.04 seconds =       0.00 minutes
	total time  =          0 seconds =       0.00 minutes

Scratch directory: /tmp/
 MINTS: Wrapper to libmints.
   by Justin Turney

   Calculation information:
      Number of threads:                 1
      Number of atoms:                   2
      Number of AO shells:              12
      Number of SO shells:              12
      Number of primitives:             16
      Number of atomic orbitals:        30
      Number of basis functions:        28

      Number of irreps:                  1
      Integral cutoff                 1.00e-12
      Number of functions per irrep: [  28 ]

 OEINTS: Overlap, kinetic, potential, dipole, and quadrupole integrals
         stored in file 35.

      Computing two-electron integrals...done
      Computed 19125 non-zero two-electron integrals.
        Stored in file 33.


         ---------------------------------------------------------
                Multi-Configurational Self-Consistent Field
                            (a 'D E T C I' module)

                 Daniel G. A. Smith, C. David Sherrill, and
                              Matt L. Leininger
         ---------------------------------------------------------


   ==> Parameters <==

    EX LEVEL       =        2      H0 BLOCKSIZE  =     1000
    VAL EX LEVEL   =        0      H0 GUESS SIZE =     1000
    H0COUPLINGSIZE =        0      H0 COUPLING   =       NO
    MAXITER        =       12      NUM PRINT     =       20
    NUM ROOTS      =        3      ICORE         =        1
    PRINT LVL      =        1      FCI           =      YES
    R CONV         = 1.00e-07      MIXED         =      YES
    E CONV         = 1.00e-10      MIXED4        =      YES
    R4S            =       NO      REPL OTF      =       NO
    DIAG METHOD    =      SEM      FOLLOW ROOT   =        0
    PRECONDITIONER = DAVIDSON      UPDATE        = DAVIDSON
    S              =   0.0000      Ms0           =      YES
    GUESS VECTOR   =  H0BLOCK      OPENTYPE      =     NONE
    COLLAPSE SIZE  =        1      HD AVG        = EVANGELISTI
    MAX NUM VECS   =       39      REF SYM       =     AUTO
    IOPEN        =       NO

    EX ALLOW       =  1  1 
    STATE AVERAGE  =  0(0.50)  1(0.50) 

   ==> CI Orbital and Space information <==

   ------------------------------------
               Space    Total     A
   ------------------------------------
                 Nso       28    28
                 Nmo       28    28
               Ndocc        1     1
               Nsocc        0     0
   ------------------------------------
               MCSCF Spaces
   ------------------------------------
         Frozen DOCC        0     0
     Restricted DOCC        0     0
              Active        2     2
     Restricted UOCC       26    26
         Frozen UOCC        0     0
   ------------------------------------

   ==> Setting up CI strings <==

    There are 2 alpha and 2 beta strings
    The CI space requires 4 (4.00E+00) determinants and 1 blocks

   ==> Setting up MCSCF integrals <==

  Using in-core PK algorithm.
   Calculation information:
      Number of atoms:                   2
      Number of AO shells:              12
      Number of primitives:             16
      Number of atomic orbitals:        30
      Number of basis functions:        28

      Integral cutoff                 1.00e-12
      Number of threads:                 1

  Performing in-core PK
  Using 165242 doubles for integral storage.
  We computed 3081 shell quartets total.
  Whereas there are 3081 unique shell quartets.

  ==> DiskJK: Disk-Based J/K Matrices <==

    J tasked:                  Yes
    K tasked:                  Yes
    wK tasked:                  No
    Memory [MiB]:              400
    Schwarz Cutoff:          1E-12

    OpenMP threads:              1


   ==> Starting MCSCF iterations <==

        Iter         Total Energy       Delta E   Orb RMS    CI RMS  NCI NORB
(sem_iter): H0block_->H0b_diag[1][1] - H0block_->H0b_diag[2][1] = 0.707107 - -0.707107 = 1.414214 > 1.0E-8
   @MCSCF  1:     -0.882515920964    2.5043e-01  2.63e-02  2.97e-15    1    1  Initial CI
   @MCSCF  2:     -0.888907409462   -6.3915e-03  5.42e-03  3.13e-15    1    1  TS
   @MCSCF  3:     -0.889200860120   -2.9345e-04  1.19e-03  4.08e-15    1    1  TS
   @MCSCF  4:     -0.889215766984   -1.4907e-05  2.68e-04  3.78e-15    1    1  TS, DIIS
   @MCSCF  5:     -0.889216546640   -7.7966e-07  6.10e-05  3.79e-15    1    1  TS, DIIS
   @MCSCF  6:     -0.889216585559   -3.8918e-08  2.08e-05  3.51e-15    1    1  TS, DIIS
   @MCSCF  7:     -0.889216590188   -4.6294e-09  5.24e-06  3.54e-15    1    1  TS, DIIS

          @MCSCF has converged!

   @MCSCF Final Energy:   -0.889216590188058

   Computing CI Semicanonical Orbitals

   ==> Starting CI iterations <==

    H0 Block Eigenvalue =  -1.12644531

    Simultaneous Expansion Method (Block Davidson Method)
    Using 3 initial trial vectors

(sem_iter): H0block_->H0b_diag[1][1] - H0block_->H0b_diag[2][1] = -0.707107 - 0.707107 = -1.414214 > 1.0E-8
     Iter   Root       Total Energy       Delta E      C RMS

   @CI  0:     0     -1.126445310417   -1.8390E+00   1.0384E-15  
   @CI  0:     1     -0.651987869959   -1.3646E+00   2.1699E-15  
   @CI  0:     2      0.035963687298   -6.7663E-01   1.1159E-16  

    Warning: Norm of correction (root 0) is < 1.0E-13
    Warning: Norm of correction (root 1) is < 1.0E-13
    Warning: Norm of correction (root 2) is < 1.0E-13
   @CI  1:     0     -1.126445310417   0.0000E+00   1.0384E-15 c
   @CI  1:     1     -0.651987869959   0.0000E+00   2.1699E-15 c
   @CI  1:     2      0.035963687298   0.0000E+00   1.1159E-16 c


   ==> Energetics <==

    SCF energy =           -1.132942581573410
    Total MCSCF energy =   -0.889216590188058

   ==> MCSCF root 0 information <==

    MCSCF Root 0 energy =    -1.126445310417410

   Active Space Natural occupation numbers:

         A   1.997536         A   0.002464

   The 4 most important determinants:

    *   1    0.999384  (    0,    0)  1AX 
    *   2   -0.035100  (    1,    1)  2AX 


   ==> MCSCF root 1 information <==

    MCSCF Root 1 energy =    -0.651987869958703

   Active Space Natural occupation numbers:

         A   1.000000         A   1.000000

   The 4 most important determinants:

    *   1    0.707107  (    1,    0)  1AB 2AA 
    *   2    0.707107  (    0,    1)  1AA 2AB 


   ==> MCSCF root 2 information <==

    MCSCF Root 2 energy =     0.035963687298290

   Active Space Natural occupation numbers:

         A   1.997536         A   0.002464

   The 4 most important determinants:

    *   1    0.999384  (    1,    1)  2AX 
    *   2    0.035100  (    0,    0)  1AX 



Properties will be evaluated at   0.000000,   0.000000,   0.000000 [a0]

Properties computed using the CASSCF density matrix


 Multipole Moments:

 ------------------------------------------------------------------------------------
     Multipole            Electronic (a.u.)      Nuclear  (a.u.)        Total (a.u.)
 ------------------------------------------------------------------------------------

 L = 1.  Multiply by 2.5417464519 to convert [e a0] to [Debye]
 Dipole X            :         -0.0000000            0.0000000           -0.0000000
 Dipole Y            :         -0.0000000            0.0000000           -0.0000000
 Dipole Z            :         -0.0000000            0.0000000           -0.0000000
 Magnitude           :                                                    0.0000000

 ------------------------------------------------------------------------------------
   => Libint2 <=

    Primary   basis highest AM E, G, H:  5, 4, 3
    Auxiliary basis highest AM E, G, H:  6, 5, 4
    Onebody   basis highest AM E, G, H:  6, 5, 4
    Solid Harmonics ordering:            gaussian

*** tstart() called on CHEM353Q05NALT
*** at Thu Sep 12 12:21:05 2024

   => Loading Basis Set <=

    Name: CC-PVTZ
    Role: ORBITAL
    Keyword: BASIS
    atoms 1-2 entry H          line    23 file /opt/homebrew/Caskroom/miniforge/base/envs/p4env/share/psi4/basis/cc-pvtz.gbs 


         ---------------------------------------------------------
                                   SCF
               by Justin Turney, Rob Parrish, Andy Simmonett
                          and Daniel G. A. Smith
                              RHF Reference
                        1 Threads,    500 MiB Core
         ---------------------------------------------------------

  ==> Geometry <==

    Molecular point group: c1
    Full point group: D_inf_h

    Geometry (in Angstrom), charge = 0, multiplicity = 1:

       Center              X                  Y                   Z               Mass       
    ------------   -----------------  -----------------  -----------------  -----------------
         H            0.000000000000     0.000000000000    -0.371301335400     1.007825032230
         H            0.000000000000     0.000000000000     0.371301335400     1.007825032230

  Running in c1 symmetry.

  Rotational constants: A = ************  B =     60.66362  C =     60.66362 [cm^-1]
  Rotational constants: A = ************  B = 1818649.63674  C = 1818649.63674 [MHz]
  Nuclear repulsion =    0.712598043984843

  Charge       = 0
  Multiplicity = 1
  Electrons    = 2
  Nalpha       = 1
  Nbeta        = 1

  ==> Algorithm <==

  SCF Algorithm Type is PK.
  DIIS enabled.
  MOM disabled.
  Fractional occupation disabled.
  Guess Type is SAD.
  Energy threshold   = 1.00e-10
  Density threshold  = 1.00e-10
  Integral threshold = 1.00e-12

  ==> Primary Basis <==

  Basis Set: CC-PVTZ
    Blend: CC-PVTZ
    Number of shells: 12
    Number of basis functions: 28
    Number of Cartesian functions: 30
    Spherical Harmonics?: true
    Max angular momentum: 2

  ==> Integral Setup <==

  Using in-core PK algorithm.
   Calculation information:
      Number of atoms:                   2
      Number of AO shells:              12
      Number of primitives:             16
      Number of atomic orbitals:        30
      Number of basis functions:        28

      Integral cutoff                 1.00e-12
      Number of threads:                 1

  Performing in-core PK
  Using 165242 doubles for integral storage.
  We computed 3081 shell quartets total.
  Whereas there are 3081 unique shell quartets.

  ==> DiskJK: Disk-Based J/K Matrices <==

    J tasked:                  Yes
    K tasked:                  Yes
    wK tasked:                  No
    Memory [MiB]:              375
    Schwarz Cutoff:          1E-12

    OpenMP threads:              1

  Minimum eigenvalue in the overlap matrix is 1.6165729866E-03.
  Reciprocal condition number of the overlap matrix is 3.8355170081E-04.
    Using symmetric orthogonalization.

  ==> Pre-Iterations <==

  SCF Guess: Superposition of Atomic Densities via on-the-fly atomic UHF (no occupation information).

   -------------------------
    Irrep   Nso     Nmo    
   -------------------------
     A         28      28 
   -------------------------
    Total      28      28
   -------------------------

  ==> Iterations <==

                        Total Energy        Delta E     RMS |[F,P]|

   @RHF iter SAD:    -0.84259130487829   -8.42591e-01   0.00000e+00 
   @RHF iter   1:    -1.13002946890539   -2.87438e-01   1.69039e-03 DIIS/ADIIS
   @RHF iter   2:    -1.13281956782663   -2.79010e-03   3.41663e-04 DIIS/ADIIS
   @RHF iter   3:    -1.13294208049963   -1.22513e-04   2.69760e-05 DIIS
   @RHF iter   4:    -1.13294258082000   -5.00320e-07   1.15552e-06 DIIS
   @RHF iter   5:    -1.13294258156916   -7.49155e-10   7.69890e-08 DIIS
   @RHF iter   6:    -1.13294258157338   -4.21929e-12   6.21057e-09 DIIS
   @RHF iter   7:    -1.13294258157341   -3.30846e-14   3.71652e-11 DIIS
  Energy and wave function converged.


  ==> Post-Iterations <==

    Orbital Energies [Eh]
    ---------------------

    Doubly Occupied:                                                      

       1A     -0.593888  

    Virtual:                                                              

       2A      0.166892     3A      0.305243     4A      0.642865  
       5A      0.692428     6A      0.692428     7A      1.095930  
       8A      1.119695     9A      1.119695    10A      1.528617  
      11A      2.337100    12A      2.408253    13A      3.175121  
      14A      3.175121    15A      3.411223    16A      3.411223  
      17A      3.674161    18A      3.895016    19A      3.895016  
      20A      4.082570    21A      4.082570    22A      4.112546  
      23A      4.112546    24A      4.651236    25A      5.722834  
      26A      5.722834    27A      5.798614    28A      6.957283  

    Final Occupation by Irrep:
              A 
    DOCC [     1 ]
    NA   [     1 ]
    NB   [     1 ]

  @RHF Final Energy:    -1.13294258157341

   => Energetics <=

    Nuclear Repulsion Energy =              0.7125980439848427
    One-Electron Energy =                  -2.5033042823315084
    Two-Electron Energy =                   0.6577636567732552
    Total Energy =                         -1.1329425815734104

Computation Completed


Properties will be evaluated at   0.000000,   0.000000,   0.000000 [a0]

Properties computed using the SCF density matrix


 Multipole Moments:

 ------------------------------------------------------------------------------------
     Multipole            Electronic (a.u.)      Nuclear  (a.u.)        Total (a.u.)
 ------------------------------------------------------------------------------------

 L = 1.  Multiply by 2.5417464519 to convert [e a0] to [Debye]
 Dipole X            :         -0.0000000            0.0000000           -0.0000000
 Dipole Y            :          0.0000000            0.0000000            0.0000000
 Dipole Z            :         -0.0000000            0.0000000           -0.0000000
 Magnitude           :                                                    0.0000000

 ------------------------------------------------------------------------------------

*** tstop() called on CHEM353Q05NALT at Thu Sep 12 12:21:05 2024
Module time:
	user time   =       0.07 seconds =       0.00 minutes
	system time =       0.01 seconds =       0.00 minutes
	total time  =          0 seconds =       0.00 minutes
Total time:
	user time   =       0.28 seconds =       0.00 minutes
	system time =       0.11 seconds =       0.00 minutes
	total time  =          0 seconds =       0.00 minutes
 MINTS: Wrapper to libmints.
   by Justin Turney

   Calculation information:
      Number of threads:                 1
      Number of atoms:                   2
      Number of AO shells:              12
      Number of SO shells:              12
      Number of primitives:             16
      Number of atomic orbitals:        30
      Number of basis functions:        28

      Number of irreps:                  1
      Integral cutoff                 1.00e-12
      Number of functions per irrep: [  28 ]

 OEINTS: Overlap, kinetic, potential, dipole, and quadrupole integrals
         stored in file 35.

      Computing two-electron integrals...done
      Computed 19125 non-zero two-electron integrals.
        Stored in file 33.

 MINTS: Wrapper to libmints.
   by Justin Turney

   Calculation information:
      Number of threads:                 1
      Number of atoms:                   2
      Number of AO shells:              12
      Number of SO shells:              12
      Number of primitives:             16
      Number of atomic orbitals:        30
      Number of basis functions:        28

      Number of irreps:                  1
      Integral cutoff                 1.00e-12
      Number of functions per irrep: [  28 ]

 OEINTS: Overlap, kinetic, potential, dipole, and quadrupole integrals
         stored in file 35.

      Computing two-electron integrals...done
      Computed 19125 non-zero two-electron integrals.
        Stored in file 33.


         ---------------------------------------------------------
                Multi-Configurational Self-Consistent Field
                            (a 'D E T C I' module)

                 Daniel G. A. Smith, C. David Sherrill, and
                              Matt L. Leininger
         ---------------------------------------------------------


   ==> Parameters <==

    EX LEVEL       =        2      H0 BLOCKSIZE  =     1000
    VAL EX LEVEL   =        0      H0 GUESS SIZE =     1000
    H0COUPLINGSIZE =        0      H0 COUPLING   =       NO
    MAXITER        =       12      NUM PRINT     =       20
    NUM ROOTS      =        3      ICORE         =        1
    PRINT LVL      =        1      FCI           =      YES
    R CONV         = 1.00e-07      MIXED         =      YES
    E CONV         = 1.00e-10      MIXED4        =      YES
    R4S            =       NO      REPL OTF      =       NO
    DIAG METHOD    =      SEM      FOLLOW ROOT   =        0
    PRECONDITIONER = DAVIDSON      UPDATE        = DAVIDSON
    S              =   0.0000      Ms0           =      YES
    GUESS VECTOR   =  H0BLOCK      OPENTYPE      =     NONE
    COLLAPSE SIZE  =        1      HD AVG        = EVANGELISTI
    MAX NUM VECS   =       39      REF SYM       =     AUTO
    IOPEN        =       NO

    EX ALLOW       =  1  1 
    STATE AVERAGE  =  0(0.50)  1(0.50) 

   ==> CI Orbital and Space information <==

   ------------------------------------
               Space    Total     A
   ------------------------------------
                 Nso       28    28
                 Nmo       28    28
               Ndocc        1     1
               Nsocc        0     0
   ------------------------------------
               MCSCF Spaces
   ------------------------------------
         Frozen DOCC        0     0
     Restricted DOCC        0     0
              Active        2     2
     Restricted UOCC       26    26
         Frozen UOCC        0     0
   ------------------------------------

   ==> Setting up CI strings <==

    There are 2 alpha and 2 beta strings
    The CI space requires 4 (4.00E+00) determinants and 1 blocks

   ==> Setting up MCSCF integrals <==

  Using in-core PK algorithm.
   Calculation information:
      Number of atoms:                   2
      Number of AO shells:              12
      Number of primitives:             16
      Number of atomic orbitals:        30
      Number of basis functions:        28

      Integral cutoff                 1.00e-12
      Number of threads:                 1

  Performing in-core PK
  Using 165242 doubles for integral storage.
  We computed 3081 shell quartets total.
  Whereas there are 3081 unique shell quartets.

  ==> DiskJK: Disk-Based J/K Matrices <==

    J tasked:                  Yes
    K tasked:                  Yes
    wK tasked:                  No
    Memory [MiB]:              400
    Schwarz Cutoff:          1E-12

    OpenMP threads:              1


   ==> Starting MCSCF iterations <==

        Iter         Total Energy       Delta E   Orb RMS    CI RMS  NCI NORB
(sem_iter): H0block_->H0b_diag[1][1] - H0block_->H0b_diag[2][1] = 0.707107 - -0.707107 = 1.414214 > 1.0E-8
   @MCSCF  1:     -0.882515920964    2.5043e-01  2.63e-02  2.97e-15    1    1  Initial CI
   @MCSCF  2:     -0.888907409462   -6.3915e-03  5.42e-03  3.13e-15    1    1  TS
   @MCSCF  3:     -0.889200860120   -2.9345e-04  1.19e-03  4.08e-15    1    1  TS
   @MCSCF  4:     -0.889215766984   -1.4907e-05  2.68e-04  3.78e-15    1    1  TS, DIIS
   @MCSCF  5:     -0.889216546640   -7.7966e-07  6.10e-05  3.79e-15    1    1  TS, DIIS
   @MCSCF  6:     -0.889216585559   -3.8918e-08  2.08e-05  3.51e-15    1    1  TS, DIIS
   @MCSCF  7:     -0.889216590188   -4.6294e-09  5.24e-06  3.54e-15    1    1  TS, DIIS

          @MCSCF has converged!

   @MCSCF Final Energy:   -0.889216590188058

   Computing CI Semicanonical Orbitals

   ==> Starting CI iterations <==

    H0 Block Eigenvalue =  -1.12644531

    Simultaneous Expansion Method (Block Davidson Method)
    Using 3 initial trial vectors

(sem_iter): H0block_->H0b_diag[1][1] - H0block_->H0b_diag[2][1] = -0.707107 - 0.707107 = -1.414214 > 1.0E-8
     Iter   Root       Total Energy       Delta E      C RMS

   @CI  0:     0     -1.126445310417   -1.8390E+00   1.0384E-15  
   @CI  0:     1     -0.651987869959   -1.3646E+00   2.1699E-15  
   @CI  0:     2      0.035963687298   -6.7663E-01   1.1159E-16  

    Warning: Norm of correction (root 0) is < 1.0E-13
    Warning: Norm of correction (root 1) is < 1.0E-13
    Warning: Norm of correction (root 2) is < 1.0E-13
   @CI  1:     0     -1.126445310417   0.0000E+00   1.0384E-15 c
   @CI  1:     1     -0.651987869959   0.0000E+00   2.1699E-15 c
   @CI  1:     2      0.035963687298   0.0000E+00   1.1159E-16 c


   ==> Energetics <==

    SCF energy =           -1.132942581573410
    Total MCSCF energy =   -0.889216590188058

   ==> MCSCF root 0 information <==

    MCSCF Root 0 energy =    -1.126445310417410

   Active Space Natural occupation numbers:

         A   1.997536         A   0.002464

   The 4 most important determinants:

    *   1    0.999384  (    0,    0)  1AX 
    *   2   -0.035100  (    1,    1)  2AX 


   ==> MCSCF root 1 information <==

    MCSCF Root 1 energy =    -0.651987869958703

   Active Space Natural occupation numbers:

         A   1.000000         A   1.000000

   The 4 most important determinants:

    *   1    0.707107  (    1,    0)  1AB 2AA 
    *   2    0.707107  (    0,    1)  1AA 2AB 


   ==> MCSCF root 2 information <==

    MCSCF Root 2 energy =     0.035963687298290

   Active Space Natural occupation numbers:

         A   1.997536         A   0.002464

   The 4 most important determinants:

    *   1    0.999384  (    1,    1)  2AX 
    *   2    0.035100  (    0,    0)  1AX 



Properties will be evaluated at   0.000000,   0.000000,   0.000000 [a0]

Properties computed using the CASSCF density matrix


 Multipole Moments:

 ------------------------------------------------------------------------------------
     Multipole            Electronic (a.u.)      Nuclear  (a.u.)        Total (a.u.)
 ------------------------------------------------------------------------------------

 L = 1.  Multiply by 2.5417464519 to convert [e a0] to [Debye]
 Dipole X            :         -0.0000000            0.0000000           -0.0000000
 Dipole Y            :         -0.0000000            0.0000000           -0.0000000
 Dipole Z            :         -0.0000000            0.0000000           -0.0000000
 Magnitude           :                                                    0.0000000

 ------------------------------------------------------------------------------------


Properties will be evaluated at   0.000000,   0.000000,   0.000000 [a0]

Properties computed using the CASSCF density matrix


 Multipole Moments:

 ------------------------------------------------------------------------------------
     Multipole            Electronic (a.u.)      Nuclear  (a.u.)        Total (a.u.)
 ------------------------------------------------------------------------------------

 L = 1.  Multiply by 2.5417464519 to convert [e a0] to [Debye]
 Dipole X            :         -0.0000000            0.0000000           -0.0000000
 Dipole Y            :         -0.0000000            0.0000000           -0.0000000
 Dipole Z            :         -0.0000000            0.0000000           -0.0000000
 Magnitude           :                                                    0.0000000

 ------------------------------------------------------------------------------------

   ===> CASSCF properties for all CI roots <=== 


Properties computed using the CASSCF ROOT 0 density matrix


 Multipole Moments:

 ------------------------------------------------------------------------------------
     Multipole            Electronic (a.u.)      Nuclear  (a.u.)        Total (a.u.)
 ------------------------------------------------------------------------------------

 L = 1.  Multiply by 2.5417464519 to convert [e a0] to [Debye]
 Dipole X            :         -0.0000000            0.0000000           -0.0000000
 Dipole Y            :         -0.0000000            0.0000000           -0.0000000
 Dipole Z            :         -0.0000000            0.0000000           -0.0000000
 Magnitude           :                                                    0.0000000

 ------------------------------------------------------------------------------------

Properties computed using the CASSCF ROOT 1 density matrix


 Multipole Moments:

 ------------------------------------------------------------------------------------
     Multipole            Electronic (a.u.)      Nuclear  (a.u.)        Total (a.u.)
 ------------------------------------------------------------------------------------

 L = 1.  Multiply by 2.5417464519 to convert [e a0] to [Debye]
 Dipole X            :         -0.0000000            0.0000000           -0.0000000
 Dipole Y            :         -0.0000000            0.0000000           -0.0000000
 Dipole Z            :         -0.0000000            0.0000000           -0.0000000
 Magnitude           :                                                    0.0000000

 ------------------------------------------------------------------------------------

Properties computed using the CASSCF ROOT 2 density matrix


 Multipole Moments:

 ------------------------------------------------------------------------------------
     Multipole            Electronic (a.u.)      Nuclear  (a.u.)        Total (a.u.)
 ------------------------------------------------------------------------------------

 L = 1.  Multiply by 2.5417464519 to convert [e a0] to [Debye]
 Dipole X            :          0.0000000            0.0000000            0.0000000
 Dipole Y            :         -0.0000000            0.0000000           -0.0000000
 Dipole Z            :         -0.0000000            0.0000000           -0.0000000
 Magnitude           :                                                    0.0000000

 ------------------------------------------------------------------------------------

   ===> CASSCF properties for all CI transition density matrices <=== 


Properties computed using the CASSCF ROOT 0 -> ROOT 1 density matrix


Transition Multipole Moments:

 ------------------------------------------------------------------------------------
     Multipole            Electronic (a.u.)      Nuclear  (a.u.)        Total (a.u.)
 ------------------------------------------------------------------------------------

 L = 1.  Multiply by 2.5417464519 to convert [e a0] to [Debye]
 Dipole X            :          0.0000000            0.0000000            0.0000000
 Dipole Y            :         -0.0000000            0.0000000           -0.0000000
 Dipole Z            :          1.0931911            0.0000000            1.0931911
 Magnitude           :                                                    1.0931911

 ------------------------------------------------------------------------------------

Properties computed using the CASSCF ROOT 0 -> ROOT 2 density matrix


Transition Multipole Moments:

 ------------------------------------------------------------------------------------
     Multipole            Electronic (a.u.)      Nuclear  (a.u.)        Total (a.u.)
 ------------------------------------------------------------------------------------

 L = 1.  Multiply by 2.5417464519 to convert [e a0] to [Debye]
 Dipole X            :         -0.0000000            0.0000000           -0.0000000
 Dipole Y            :          0.0000000            0.0000000            0.0000000
 Dipole Z            :          0.0000000            0.0000000            0.0000000
 Magnitude           :                                                    0.0000000

 ------------------------------------------------------------------------------------
