
Scratch directory: /tmp/
   => Libint2 <=

    Primary   basis highest AM E, G, H:  5, 4, 3
    Auxiliary basis highest AM E, G, H:  6, 5, 4
    Onebody   basis highest AM E, G, H:  6, 5, 4
    Solid Harmonics ordering:            gaussian

*** tstart() called on CHEM353Q05NALT
*** at Fri Sep 13 13:15:28 2024

   => Loading Basis Set <=

    Name: CC-PVTZ
    Role: ORBITAL
    Keyword: BASIS
    atoms 1-4 entry H          line    23 file /opt/homebrew/Caskroom/miniforge/base/envs/p4env/share/psi4/basis/cc-pvtz.gbs 


         ---------------------------------------------------------
                                   SCF
               by Justin Turney, Rob Parrish, Andy Simmonett
                          and Daniel G. A. Smith
                              RHF Reference
                        1 Threads,    500 MiB Core
         ---------------------------------------------------------

  ==> Geometry <==

    Molecular point group: c1
    Full point group: D_inf_h

    Geometry (in Angstrom), charge = 0, multiplicity = 1:

       Center              X                  Y                   Z               Mass       
    ------------   -----------------  -----------------  -----------------  -----------------
         H            0.000000000000     0.000000000000  -500.371301335400     1.007825032230
         H            0.000000000000     0.000000000000  -499.628698664600     1.007825032230
         H            0.000000000000     0.000000000000   499.628698660000     1.007825032230
         H            0.000000000000     0.000000000000   500.371301340000     1.007825032230

  Running in c1 symmetry.

  Rotational constants: A = ************  B =      0.00002  C =      0.00002 [cm^-1]
  Rotational constants: A = ************  B =      0.50145  C =      0.50145 [MHz]
  Nuclear repulsion =    1.427312788567760

  Charge       = 0
  Multiplicity = 1
  Electrons    = 4
  Nalpha       = 2
  Nbeta        = 2

  ==> Algorithm <==

  SCF Algorithm Type is PK.
  DIIS enabled.
  MOM disabled.
  Fractional occupation disabled.
  Guess Type is SAD.
  Energy threshold   = 1.00e-10
  Density threshold  = 1.00e-10
  Integral threshold = 1.00e-12

  ==> Primary Basis <==

  Basis Set: CC-PVTZ
    Blend: CC-PVTZ
    Number of shells: 24
    Number of basis functions: 56
    Number of Cartesian functions: 60
    Spherical Harmonics?: true
    Max angular momentum: 2

  ==> Integral Setup <==

  Using in-core PK algorithm.
   Calculation information:
      Number of atoms:                   4
      Number of AO shells:              24
      Number of primitives:             32
      Number of atomic orbitals:        60
      Number of basis functions:        56

      Integral cutoff                 1.00e-12
      Number of threads:                 1

  Performing in-core PK
  Using 2548812 doubles for integral storage.
  We computed 12246 shell quartets total.
  Whereas there are 45150 unique shell quartets.

  ==> DiskJK: Disk-Based J/K Matrices <==

    J tasked:                  Yes
    K tasked:                  Yes
    wK tasked:                  No
    Memory [MiB]:              375
    Schwarz Cutoff:          1E-12

    OpenMP threads:              1

  Minimum eigenvalue in the overlap matrix is 1.6165729866E-03.
  Reciprocal condition number of the overlap matrix is 3.8355170079E-04.
    Using symmetric orthogonalization.

  ==> Pre-Iterations <==

  SCF Guess: Superposition of Atomic Densities via on-the-fly atomic UHF (no occupation information).

   -------------------------
    Irrep   Nso     Nmo    
   -------------------------
     A         56      56 
   -------------------------
    Total      56      56
   -------------------------

  ==> Iterations <==

                        Total Energy        Delta E     RMS |[F,P]|

   @RHF iter SAD:    -1.68518261096338   -1.68518e+00   0.00000e+00 
   @RHF iter   1:    -2.26005893773244   -5.74876e-01   1.19528e-03 ADIIS/DIIS
   @RHF iter   2:    -2.26563913554938   -5.58020e-03   2.41592e-04 ADIIS/DIIS
   @RHF iter   3:    -2.26588418989659   -2.45054e-04   1.88874e-05 DIIS
   @RHF iter   4:    -2.26588516153445   -9.71638e-07   8.17170e-07 DIIS
   @RHF iter   5:    -2.26588516303317   -1.49872e-09   5.45442e-08 DIIS
   @RHF iter   6:    -2.26588516304165   -8.47944e-12   4.40045e-09 DIIS
   @RHF iter   7:    -2.26588516304172   -7.28306e-14   2.61775e-11 DIIS
  Energy and wave function converged.


  ==> Post-Iterations <==

    Orbital Energies [Eh]
    ---------------------

    Doubly Occupied:                                                      

       1A     -0.593888     2A     -0.593888  

    Virtual:                                                              

       3A      0.166892     4A      0.166892     5A      0.305243  
       6A      0.305243     7A      0.642865     8A      0.642865  
       9A      0.692428    10A      0.692428    11A      0.692428  
      12A      0.692428    13A      1.095930    14A      1.095930  
      15A      1.119695    16A      1.119695    17A      1.119695  
      18A      1.119695    19A      1.528617    20A      1.528617  
      21A      2.337100    22A      2.337100    23A      2.408253  
      24A      2.408253    25A      3.175121    26A      3.175121  
      27A      3.175121    28A      3.175121    29A      3.411223  
      30A      3.411223    31A      3.411223    32A      3.411223  
      33A      3.674161    34A      3.674161    35A      3.895016  
      36A      3.895016    37A      3.895016    38A      3.895016  
      39A      4.082570    40A      4.082570    41A      4.082570  
      42A      4.082570    43A      4.112546    44A      4.112546  
      45A      4.112546    46A      4.112546    47A      4.651236  
      48A      4.651236    49A      5.722834    50A      5.722834  
      51A      5.722834    52A      5.722834    53A      5.798613  
      54A      5.798614    55A      6.957283    56A      6.957283  

    Final Occupation by Irrep:
              A 
    DOCC [     2 ]
    NA   [     2 ]
    NB   [     2 ]

  @RHF Final Energy:    -2.26588516304172

   => Energetics <=

    Nuclear Repulsion Energy =              1.4273127885677601
    One-Electron Energy =                  -5.0108419710197545
    Two-Electron Energy =                   1.3176440194102712
    Total Energy =                         -2.2658851630417232

Computation Completed


Properties will be evaluated at   0.000000,   0.000000,   0.000000 [a0]

Properties computed using the SCF density matrix


 Multipole Moments:

 ------------------------------------------------------------------------------------
     Multipole            Electronic (a.u.)      Nuclear  (a.u.)        Total (a.u.)
 ------------------------------------------------------------------------------------

 L = 1.  Multiply by 2.5417464519 to convert [e a0] to [Debye]
 Dipole X            :         -0.0000000            0.0000000           -0.0000000
 Dipole Y            :         -0.0000000            0.0000000           -0.0000000
 Dipole Z            :          0.0000000           -0.0000000            0.0000000
 Magnitude           :                                                    0.0000000

 ------------------------------------------------------------------------------------

*** tstop() called on CHEM353Q05NALT at Fri Sep 13 13:15:29 2024
Module time:
	user time   =       0.21 seconds =       0.00 minutes
	system time =       0.06 seconds =       0.00 minutes
	total time  =          1 seconds =       0.02 minutes
Total time:
	user time   =       0.21 seconds =       0.00 minutes
	system time =       0.06 seconds =       0.00 minutes
	total time  =          1 seconds =       0.02 minutes

Scratch directory: /tmp/
 MINTS: Wrapper to libmints.
   by Justin Turney

   Calculation information:
      Number of threads:                 1
      Number of atoms:                   4
      Number of AO shells:              24
      Number of SO shells:              24
      Number of primitives:             32
      Number of atomic orbitals:        60
      Number of basis functions:        56

      Number of irreps:                  1
      Integral cutoff                 1.00e-12
      Number of functions per irrep: [  56 ]

 OEINTS: Overlap, kinetic, potential, dipole, and quadrupole integrals
         stored in file 35.

      Computing two-electron integrals...done
      Computed 65154 non-zero two-electron integrals.
        Stored in file 33.


         ---------------------------------------------------------
                Multi-Configurational Self-Consistent Field
                            (a 'D E T C I' module)

                 Daniel G. A. Smith, C. David Sherrill, and
                              Matt L. Leininger
         ---------------------------------------------------------


   ==> Parameters <==

    EX LEVEL       =        4      H0 BLOCKSIZE  =     1000
    VAL EX LEVEL   =        0      H0 GUESS SIZE =     1000
    H0COUPLINGSIZE =        0      H0 COUPLING   =       NO
    MAXITER        =       12      NUM PRINT     =       20
    NUM ROOTS      =        5      ICORE         =        1
    PRINT LVL      =        1      FCI           =      YES
    R CONV         = 1.00e-07      MIXED         =      YES
    E CONV         = 1.00e-10      MIXED4        =      YES
    R4S            =       NO      REPL OTF      =       NO
    DIAG METHOD    =      SEM      FOLLOW ROOT   =        0
    PRECONDITIONER = DAVIDSON      UPDATE        = DAVIDSON
    S              =   0.0000      Ms0           =      YES
    GUESS VECTOR   =  H0BLOCK      OPENTYPE      =     NONE
    COLLAPSE SIZE  =        1      HD AVG        = EVANGELISTI
    MAX NUM VECS   =       65      REF SYM       =     AUTO
    IOPEN        =       NO

    EX ALLOW       =  1  1  1  1 
    STATE AVERAGE  =  0(0.33)  1(0.33)  2(0.33) 

   ==> CI Orbital and Space information <==

   ------------------------------------
               Space    Total     A
   ------------------------------------
                 Nso       56    56
                 Nmo       56    56
               Ndocc        2     2
               Nsocc        0     0
   ------------------------------------
               MCSCF Spaces
   ------------------------------------
         Frozen DOCC        0     0
     Restricted DOCC        0     0
              Active        4     4
     Restricted UOCC       52    52
         Frozen UOCC        0     0
   ------------------------------------

   ==> Setting up CI strings <==

    There are 6 alpha and 6 beta strings
    The CI space requires 36 (3.60E+01) determinants and 1 blocks

   ==> Setting up MCSCF integrals <==

  Using in-core PK algorithm.
   Calculation information:
      Number of atoms:                   4
      Number of AO shells:              24
      Number of primitives:             32
      Number of atomic orbitals:        60
      Number of basis functions:        56

      Integral cutoff                 1.00e-12
      Number of threads:                 1

  Performing in-core PK
  Using 2548812 doubles for integral storage.
  We computed 12246 shell quartets total.
  Whereas there are 45150 unique shell quartets.

  ==> DiskJK: Disk-Based J/K Matrices <==

    J tasked:                  Yes
    K tasked:                  Yes
    wK tasked:                  No
    Memory [MiB]:              400
    Schwarz Cutoff:          1E-12

    OpenMP threads:              1


   ==> Starting MCSCF iterations <==

        Iter         Total Energy       Delta E   Orb RMS    CI RMS  NCI NORB
(sem_iter): H0block_->H0b_diag[1][1] - H0block_->H0b_diag[2][1] = -0.706677 - 0.706677 = -1.413353 > 1.0E-8
(sem_iter): H0block_->H0b_diag[7][2] - H0block_->H0b_diag[8][2] = 0.706677 - -0.706677 = 1.413353 > 1.0E-8
(sem_iter): H0block_->H0b_diag[3][5] - H0block_->H0b_diag[4][5] = -0.989194 - 0.146616 = -1.135809 > 1.0E-8
(sem_iter): H0block_->H0b_diag[3][6] - H0block_->H0b_diag[4][6] = -0.146616 - -0.989194 = 0.842578 > 1.0E-8
(sem_iter): H0block_->H0b_diag[3][7] - H0block_->H0b_diag[4][7] = 0.000000 - -0.000000 = 0.000000 > 1.0E-8
(sem_iter): H0block_->H0b_diag[3][8] - H0block_->H0b_diag[4][8] = -0.000001 - 0.000001 = -0.000001 > 1.0E-8
(sem_iter): H0block_->H0b_diag[15][9] - H0block_->H0b_diag[18][9] = 0.914676 - -0.404188 = 1.318864 > 1.0E-8
(sem_iter): H0block_->H0b_diag[15][10] - H0block_->H0b_diag[18][10] = -0.000000 - 0.000000 = -0.000000 > 1.0E-8
(sem_iter): H0block_->H0b_diag[15][11] - H0block_->H0b_diag[18][11] = -0.404188 - -0.914676 = 0.510488 > 1.0E-8
(sem_iter): H0block_->H0b_diag[16][12] - H0block_->H0b_diag[20][12] = 0.500000 - -0.500000 = 0.999999 > 1.0E-8
(sem_iter): H0block_->H0b_diag[16][13] - H0block_->H0b_diag[20][13] = 0.500000 - -0.500000 = 1.000001 > 1.0E-8
(sem_iter): H0block_->H0b_diag[5][15] - H0block_->H0b_diag[6][15] = -0.000000 - -0.000001 = 0.000000 > 1.0E-8
(sem_iter): H0block_->H0b_diag[5][16] - H0block_->H0b_diag[6][16] = 0.000001 - -0.000000 = 0.000001 > 1.0E-8
(sem_iter): H0block_->H0b_diag[3][17] - H0block_->H0b_diag[4][17] = -0.000000 - -0.000001 = 0.000001 > 1.0E-8
(sem_iter): H0block_->H0b_diag[3][18] - H0block_->H0b_diag[4][18] = 0.000001 - -0.000000 = 0.000001 > 1.0E-8
   @MCSCF  1:     -1.932951116814    3.3293e-01  1.23e-02  1.77e-13    4    1  Initial CI
   @MCSCF  2:     -1.938576999542   -5.6259e-03  2.26e-03  2.78e-08    1    1  TS
   @MCSCF  3:     -1.938846425316   -2.6943e-04  4.74e-04  1.17e-08    2    1  TS
   @MCSCF  4:     -1.938866056112   -1.9631e-05  1.20e-04  4.31e-09    5    1  TS, DIIS
   @MCSCF  5:     -1.938868436392   -2.3803e-06  4.25e-05  1.52e-10    5    1  TS, DIIS
   @MCSCF  6:     -1.938868917009   -4.8062e-07  1.56e-05  2.28e-10    2    1  TS, DIIS
   @MCSCF  7:     -1.938868941218   -2.4209e-08  5.23e-06  3.24e-11    4    1  TS, DIIS

          @MCSCF has converged!

   @MCSCF Final Energy:   -1.938868941217652

   Computing CI Semicanonical Orbitals

   ==> Starting CI iterations <==

    H0 Block Eigenvalue =  -2.26392453

    Simultaneous Expansion Method (Block Davidson Method)
    Using 5 initial trial vectors

(sem_iter): H0block_->H0b_diag[1][1] - H0block_->H0b_diag[2][1] = 0.706577 - -0.706577 = 1.413155 > 1.0E-8
(sem_iter): H0block_->H0b_diag[3][2] - H0block_->H0b_diag[4][2] = -0.000007 - 0.000007 = -0.000013 > 1.0E-8
(sem_iter): H0block_->H0b_diag[1][5] - H0block_->H0b_diag[2][5] = -0.000389 - 0.001349 = -0.001738 > 1.0E-8
(sem_iter): H0block_->H0b_diag[1][6] - H0block_->H0b_diag[2][6] = -0.001349 - -0.000389 = -0.000961 > 1.0E-8
(sem_iter): H0block_->H0b_diag[1][7] - H0block_->H0b_diag[2][7] = -0.000008 - -0.000005 = -0.000003 > 1.0E-8
(sem_iter): H0block_->H0b_diag[1][8] - H0block_->H0b_diag[2][8] = -0.000005 - 0.000008 = -0.000013 > 1.0E-8
(sem_iter): H0block_->H0b_diag[10][9] - H0block_->H0b_diag[11][9] = -0.000004 - 0.000007 = -0.000011 > 1.0E-8
(sem_iter): H0block_->H0b_diag[10][10] - H0block_->H0b_diag[11][10] = 0.000000 - 0.000006 = -0.000006 > 1.0E-8
(sem_iter): H0block_->H0b_diag[10][11] - H0block_->H0b_diag[11][11] = 0.000010 - 0.000005 = 0.000005 > 1.0E-8
(sem_iter): H0block_->H0b_diag[10][12] - H0block_->H0b_diag[11][12] = -0.000005 - 0.000005 = -0.000009 > 1.0E-8
(sem_iter): H0block_->H0b_diag[10][13] - H0block_->H0b_diag[11][13] = 0.000005 - -0.000005 = 0.000009 > 1.0E-8
(sem_iter): H0block_->H0b_diag[5][15] - H0block_->H0b_diag[6][15] = 0.000000 - 0.000001 = -0.000000 > 1.0E-8
(sem_iter): H0block_->H0b_diag[5][16] - H0block_->H0b_diag[6][16] = 0.000001 - -0.000000 = 0.000001 > 1.0E-8
(sem_iter): H0block_->H0b_diag[3][17] - H0block_->H0b_diag[4][17] = 0.000000 - -0.000000 = 0.000001 > 1.0E-8
(sem_iter): H0block_->H0b_diag[3][18] - H0block_->H0b_diag[4][18] = 0.000000 - 0.000000 = -0.000000 > 1.0E-8
     Iter   Root       Total Energy       Delta E      C RMS

   @CI  0:     0     -2.263924527002   -3.6912E+00   3.3519E-15  
   @CI  0:     1     -1.776341149886   -3.2037E+00   4.0962E-14  
   @CI  0:     2     -1.776341146764   -3.2037E+00   2.7905E-14  
   @CI  0:     3     -1.288757769648   -2.7161E+00   5.4003E-15  
   @CI  0:     4     -1.105495160059   -2.5328E+00   1.5302E-15  

    Warning: Norm of correction (root 0) is < 1.0E-13
    Warning: Norm of correction (root 1) is < 1.0E-13
    Warning: Norm of correction (root 2) is < 1.0E-13
    Warning: Norm of correction (root 3) is < 1.0E-13
    Warning: Norm of correction (root 4) is < 1.0E-13
   @CI  1:     0     -2.263924527002   8.8818E-16   1.0379E-13 c
   @CI  1:     1     -1.776341149886   -1.3323E-15   1.3196E-13 c
   @CI  1:     2     -1.776341146764   -8.8818E-16   3.3115E-14 c
   @CI  1:     3     -1.465137279022   -1.7638E-01   1.1031E-01  
   @CI  1:     4     -1.384347019434   -2.7885E-01   2.4229E-01  

   @CI  2:     0     -2.263924527002   -8.8818E-16   1.0654E-13 c
   @CI  2:     1     -1.776341149886   0.0000E+00   1.4712E-13 c
   @CI  2:     2     -1.776341146764   -8.8818E-16   3.3318E-14 c
   @CI  2:     3     -1.468279841807   -3.1426E-03   4.8006E-02  
   @CI  2:     4     -1.467325301442   -8.2978E-02   3.0622E-02  

   @CI  3:     0     -2.263924527003   -2.2204E-15   1.0742E-13 c
   @CI  3:     1     -1.776341149886   2.2204E-15   1.5303E-13 c
   @CI  3:     2     -1.776341146764   2.2204E-15   3.3732E-14 c
   @CI  3:     3     -1.491497076032   -2.3217E-02   1.1970E-01  
   @CI  3:     4     -1.467751932162   -4.2663E-04   5.5504E-03  

   @CI  4:     0     -2.263924527002   1.3323E-15   1.0776E-13 c
   @CI  4:     1     -1.776341149886   -2.6645E-15   1.5605E-13 c
   @CI  4:     2     -1.776341146764   -2.2204E-15   3.4016E-14 c
   @CI  4:     3     -1.504625866357   -1.3129E-02   3.2524E-02  
   @CI  4:     4     -1.467773061274   -2.1129E-05   1.1364E-03  

   @CI  5:     0     -2.263924527002   1.3323E-15   1.1582E-13 c
   @CI  5:     1     -1.776341149886   1.7764E-15   1.9501E-13 c
   @CI  5:     2     -1.776341146764   2.2204E-15   3.6532E-14 c
   @CI  5:     3     -1.506033836443   -1.4080E-03   2.3177E-04  
   @CI  5:     4     -1.467774699458   -1.6382E-06   2.1468E-04  

   @CI  6:     0     -2.263924527002   0.0000E+00   1.1602E-13 c
   @CI  6:     1     -1.776341149886   -4.4409E-16   1.9513E-13 c
   @CI  6:     2     -1.776341146764   0.0000E+00   3.7734E-14 c
   @CI  6:     3     -1.506033971020   -1.3458E-07   1.4993E-08  
   @CI  6:     4     -1.503600073807   -3.5825E-02   6.1114E-02  

   @CI  7:     0     -2.263924527002   1.7764E-15   1.1599E-13 c
   @CI  7:     1     -1.776341149886   -8.8818E-16   1.9549E-13 c
   @CI  7:     2     -1.776341146764   0.0000E+00   4.4069E-14 c
   @CI  7:     3     -1.506033972021   -1.0005E-09   1.0804E-11 c
   @CI  7:     4     -1.506033970664   -2.4339E-03   5.7559E-12  

    Warning: Norm of correction (root 4) is < 1.0E-13
   @CI  8:     0     -2.263924527002   0.0000E+00   1.1599E-13 c
   @CI  8:     1     -1.776341149886   0.0000E+00   1.9549E-13 c
   @CI  8:     2     -1.776341146764   0.0000E+00   4.4069E-14 c
   @CI  8:     3     -1.506033972021   0.0000E+00   1.0804E-11 c
   @CI  8:     4     -1.506033970664   0.0000E+00   5.7559E-12 c


   ==> Energetics <==

    SCF energy =           -2.265885163041723
    Total MCSCF energy =   -1.938868941217652

   ==> MCSCF root 0 information <==

    MCSCF Root 0 energy =    -2.263924527002497

   Active Space Natural occupation numbers:

         A   1.997010         A   1.997010         A   0.002990
         A   0.002990

   The 20 most important determinants:

    *   1   -0.998505  (    0,    0)  1AX 2AX 
    *   2    0.038633  (    1,    1)  1AX 3AX 
    *   3    0.038633  (    4,    4)  2AX 4AX 
    *   4   -0.001495  (    5,    5)  3AX 4AX 
    *   5   -0.000054  (    2,    4)  2AX 3AA 4AB 
    *   6   -0.000054  (    4,    2)  2AX 3AB 4AA 
    *   7    0.000054  (    1,    3)  1AX 3AA 4AB 
    *   8    0.000054  (    3,    1)  1AX 3AB 4AA 
    *   9    0.000000  (    1,    2)  1AA 2AB 3AX 
    *  10    0.000000  (    2,    1)  1AB 2AA 3AX 
    *  11   -0.000000  (    3,    4)  1AA 2AB 4AX 
    *  12   -0.000000  (    4,    3)  1AB 2AA 4AX 
    *  13    0.000000  (    2,    2)  2AX 3AX 
    *  14    0.000000  (    3,    3)  1AX 4AX 
    *  15    0.000000  (    1,    4)  1AA 2AB 3AA 4AB 
    *  16    0.000000  (    4,    1)  1AB 2AA 3AB 4AA 
    *  17    0.000000  (    2,    3)  1AB 2AA 3AA 4AB 
    *  18    0.000000  (    3,    2)  1AA 2AB 3AB 4AA 
    *  19    0.000000  (    0,    5)  1AA 2AA 3AB 4AB 
    *  20    0.000000  (    5,    0)  1AB 2AB 3AA 4AA 


   ==> MCSCF root 1 information <==

    MCSCF Root 1 energy =    -1.776341149886159

   Active Space Natural occupation numbers:

         A   1.980252         A   1.016759         A   0.983241
         A   0.019748

   The 20 most important determinants:

    *   1   -0.700614  (    0,    1)  1AX 2AA 3AB 
    *   2   -0.700614  (    1,    0)  1AX 2AB 3AA 
    *   3    0.091607  (    0,    4)  1AA 2AX 4AB 
    *   4    0.091607  (    4,    0)  1AB 2AX 4AA 
    *   5    0.027108  (    5,    4)  2AB 3AA 4AX 
    *   6    0.027108  (    4,    5)  2AA 3AB 4AX 
    *   7   -0.003544  (    1,    5)  1AA 3AX 4AB 
    *   8   -0.003544  (    5,    1)  1AB 3AX 4AA 
    *   9   -0.000985  (    0,    3)  1AX 2AA 4AB 
    *  10   -0.000985  (    3,    0)  1AX 2AB 4AA 
    *  11   -0.000135  (    0,    2)  1AA 2AX 3AB 
    *  12   -0.000135  (    2,    0)  1AB 2AX 3AA 
    *  13   -0.000038  (    2,    5)  2AA 3AX 4AB 
    *  14   -0.000038  (    5,    2)  2AB 3AX 4AA 
    *  15   -0.000005  (    3,    5)  1AA 3AB 4AX 
    *  16   -0.000005  (    5,    3)  1AB 3AA 4AX 
    *  17    0.000000  (    3,    1)  1AX 3AB 4AA 
    *  18    0.000000  (    1,    3)  1AX 3AA 4AB 
    *  19   -0.000000  (    4,    3)  1AB 2AA 4AX 
    *  20   -0.000000  (    3,    4)  1AA 2AB 4AX 


   ==> MCSCF root 2 information <==

    MCSCF Root 2 energy =    -1.776341146764290

   Active Space Natural occupation numbers:

         A   1.980252         A   1.016759         A   0.983241
         A   0.019748

   The 20 most important determinants:

    *   1   -0.700614  (    4,    0)  1AB 2AX 4AA 
    *   2   -0.700614  (    0,    4)  1AA 2AX 4AB 
    *   3   -0.091607  (    0,    1)  1AX 2AA 3AB 
    *   4   -0.091607  (    1,    0)  1AX 2AB 3AA 
    *   5    0.027108  (    5,    1)  1AB 3AX 4AA 
    *   6    0.027108  (    1,    5)  1AA 3AX 4AB 
    *   7    0.003544  (    5,    4)  2AB 3AA 4AX 
    *   8    0.003544  (    4,    5)  2AA 3AB 4AX 
    *   9    0.000983  (    2,    0)  1AB 2AX 3AA 
    *  10    0.000983  (    0,    2)  1AA 2AX 3AB 
    *  11   -0.000122  (    0,    3)  1AX 2AA 4AB 
    *  12   -0.000122  (    3,    0)  1AX 2AB 4AA 
    *  13    0.000038  (    3,    5)  1AA 3AB 4AX 
    *  14    0.000038  (    5,    3)  1AB 3AA 4AX 
    *  15   -0.000005  (    5,    2)  2AB 3AX 4AA 
    *  16   -0.000005  (    2,    5)  2AA 3AX 4AB 
    *  17   -0.000000  (    2,    4)  2AX 3AA 4AB 
    *  18   -0.000000  (    4,    2)  2AX 3AB 4AA 
    *  19    0.000000  (    1,    2)  1AA 2AB 3AX 
    *  20    0.000000  (    2,    1)  1AB 2AA 3AX 


   ==> MCSCF root 3 information <==

    MCSCF Root 3 energy =    -1.506033972020750

   Active Space Natural occupation numbers:

         A   2.000000         A   1.000000         A   1.000000
         A   0.000000

   The 20 most important determinants:

    *   1   -0.707106  (    3,    0)  1AX 2AB 4AA 
    *   2   -0.707106  (    0,    3)  1AX 2AA 4AB 
    *   3    0.000993  (    0,    1)  1AX 2AA 3AB 
    *   4    0.000993  (    1,    0)  1AX 2AB 3AA 
    *   5    0.000071  (    0,    2)  1AA 2AX 3AB 
    *   6    0.000071  (    2,    0)  1AB 2AX 3AA 
    *   7   -0.000006  (    0,    4)  1AA 2AX 4AB 
    *   8   -0.000006  (    4,    0)  1AB 2AX 4AA 
    *   9    0.000000  (    3,    4)  1AA 2AB 4AX 
    *  10    0.000000  (    4,    3)  1AB 2AA 4AX 
    *  11   -0.000000  (    1,    3)  1AX 3AA 4AB 
    *  12   -0.000000  (    3,    1)  1AX 3AB 4AA 
    *  13    0.000000  (    1,    1)  1AX 3AX 
    *  14   -0.000000  (    3,    3)  1AX 4AX 
    *  15   -0.000000  (    1,    4)  1AA 2AB 3AA 4AB 
    *  16   -0.000000  (    4,    1)  1AB 2AA 3AB 4AA 
    *  17   -0.000000  (    2,    3)  1AB 2AA 3AA 4AB 
    *  18   -0.000000  (    3,    2)  1AA 2AB 3AB 4AA 
    *  19   -0.000000  (    0,    5)  1AA 2AA 3AB 4AB 
    *  20   -0.000000  (    5,    0)  1AB 2AB 3AA 4AA 


   ==> MCSCF root 4 information <==

    MCSCF Root 4 energy =    -1.506033970664435

   Active Space Natural occupation numbers:

         A   2.000000         A   1.000000         A   1.000000
         A   0.000000

   The 20 most important determinants:

    *   1   -0.707106  (    0,    2)  1AA 2AX 3AB 
    *   2   -0.707106  (    2,    0)  1AB 2AX 3AA 
    *   3   -0.000993  (    0,    4)  1AA 2AX 4AB 
    *   4   -0.000993  (    4,    0)  1AB 2AX 4AA 
    *   5   -0.000071  (    3,    0)  1AX 2AB 4AA 
    *   6   -0.000071  (    0,    3)  1AX 2AA 4AB 
    *   7    0.000007  (    0,    1)  1AX 2AA 3AB 
    *   8    0.000007  (    1,    0)  1AX 2AB 3AA 
    *   9    0.000000  (    2,    1)  1AB 2AA 3AX 
    *  10    0.000000  (    1,    2)  1AA 2AB 3AX 
    *  11   -0.000000  (    4,    2)  2AX 3AB 4AA 
    *  12   -0.000000  (    2,    4)  2AX 3AA 4AB 
    *  13   -0.000000  (    4,    4)  2AX 4AX 
    *  14    0.000000  (    2,    2)  2AX 3AX 
    *  15    0.000000  (    4,    1)  1AB 2AA 3AB 4AA 
    *  16    0.000000  (    1,    4)  1AA 2AB 3AA 4AB 
    *  17    0.000000  (    3,    2)  1AA 2AB 3AB 4AA 
    *  18    0.000000  (    2,    3)  1AB 2AA 3AA 4AB 
    *  19    0.000000  (    0,    5)  1AA 2AA 3AB 4AB 
    *  20    0.000000  (    5,    0)  1AB 2AB 3AA 4AA 



Properties will be evaluated at   0.000000,   0.000000,   0.000000 [a0]

Properties computed using the CASSCF density matrix


 Multipole Moments:

 ------------------------------------------------------------------------------------
     Multipole            Electronic (a.u.)      Nuclear  (a.u.)        Total (a.u.)
 ------------------------------------------------------------------------------------

 L = 1.  Multiply by 2.5417464519 to convert [e a0] to [Debye]
 Dipole X            :         -0.0000000            0.0000000           -0.0000000
 Dipole Y            :         -0.0000000            0.0000000           -0.0000000
 Dipole Z            :         -0.0000000           -0.0000000           -0.0000000
 Magnitude           :                                                    0.0000000

 ------------------------------------------------------------------------------------
   => Libint2 <=

    Primary   basis highest AM E, G, H:  5, 4, 3
    Auxiliary basis highest AM E, G, H:  6, 5, 4
    Onebody   basis highest AM E, G, H:  6, 5, 4
    Solid Harmonics ordering:            gaussian

*** tstart() called on CHEM353Q05NALT
*** at Fri Sep 13 13:15:29 2024

   => Loading Basis Set <=

    Name: CC-PVTZ
    Role: ORBITAL
    Keyword: BASIS
    atoms 1-4 entry H          line    23 file /opt/homebrew/Caskroom/miniforge/base/envs/p4env/share/psi4/basis/cc-pvtz.gbs 


         ---------------------------------------------------------
                                   SCF
               by Justin Turney, Rob Parrish, Andy Simmonett
                          and Daniel G. A. Smith
                              RHF Reference
                        1 Threads,    500 MiB Core
         ---------------------------------------------------------

  ==> Geometry <==

    Molecular point group: c1
    Full point group: D_inf_h

    Geometry (in Angstrom), charge = 0, multiplicity = 1:

       Center              X                  Y                   Z               Mass       
    ------------   -----------------  -----------------  -----------------  -----------------
         H            0.000000000000     0.000000000000  -500.371301335400     1.007825032230
         H            0.000000000000     0.000000000000  -499.628698664600     1.007825032230
         H            0.000000000000     0.000000000000   499.628698660000     1.007825032230
         H            0.000000000000     0.000000000000   500.371301340000     1.007825032230

  Running in c1 symmetry.

  Rotational constants: A = ************  B =      0.00002  C =      0.00002 [cm^-1]
  Rotational constants: A = ************  B =      0.50145  C =      0.50145 [MHz]
  Nuclear repulsion =    1.427312788567760

  Charge       = 0
  Multiplicity = 1
  Electrons    = 4
  Nalpha       = 2
  Nbeta        = 2

  ==> Algorithm <==

  SCF Algorithm Type is PK.
  DIIS enabled.
  MOM disabled.
  Fractional occupation disabled.
  Guess Type is SAD.
  Energy threshold   = 1.00e-10
  Density threshold  = 1.00e-10
  Integral threshold = 1.00e-12

  ==> Primary Basis <==

  Basis Set: CC-PVTZ
    Blend: CC-PVTZ
    Number of shells: 24
    Number of basis functions: 56
    Number of Cartesian functions: 60
    Spherical Harmonics?: true
    Max angular momentum: 2

  ==> Integral Setup <==

  Using in-core PK algorithm.
   Calculation information:
      Number of atoms:                   4
      Number of AO shells:              24
      Number of primitives:             32
      Number of atomic orbitals:        60
      Number of basis functions:        56

      Integral cutoff                 1.00e-12
      Number of threads:                 1

  Performing in-core PK
  Using 2548812 doubles for integral storage.
  We computed 12246 shell quartets total.
  Whereas there are 45150 unique shell quartets.

  ==> DiskJK: Disk-Based J/K Matrices <==

    J tasked:                  Yes
    K tasked:                  Yes
    wK tasked:                  No
    Memory [MiB]:              375
    Schwarz Cutoff:          1E-12

    OpenMP threads:              1

  Minimum eigenvalue in the overlap matrix is 1.6165729866E-03.
  Reciprocal condition number of the overlap matrix is 3.8355170079E-04.
    Using symmetric orthogonalization.

  ==> Pre-Iterations <==

  SCF Guess: Superposition of Atomic Densities via on-the-fly atomic UHF (no occupation information).

   -------------------------
    Irrep   Nso     Nmo    
   -------------------------
     A         56      56 
   -------------------------
    Total      56      56
   -------------------------

  ==> Iterations <==

                        Total Energy        Delta E     RMS |[F,P]|

   @RHF iter SAD:    -1.68518261096338   -1.68518e+00   0.00000e+00 
   @RHF iter   1:    -2.26005893773244   -5.74876e-01   1.19528e-03 ADIIS/DIIS
   @RHF iter   2:    -2.26563913554938   -5.58020e-03   2.41592e-04 ADIIS/DIIS
   @RHF iter   3:    -2.26588418989659   -2.45054e-04   1.88874e-05 DIIS
   @RHF iter   4:    -2.26588516153445   -9.71638e-07   8.17170e-07 DIIS
   @RHF iter   5:    -2.26588516303317   -1.49872e-09   5.45442e-08 DIIS
   @RHF iter   6:    -2.26588516304165   -8.47944e-12   4.40045e-09 DIIS
   @RHF iter   7:    -2.26588516304172   -7.28306e-14   2.61775e-11 DIIS
  Energy and wave function converged.


  ==> Post-Iterations <==

    Orbital Energies [Eh]
    ---------------------

    Doubly Occupied:                                                      

       1A     -0.593888     2A     -0.593888  

    Virtual:                                                              

       3A      0.166892     4A      0.166892     5A      0.305243  
       6A      0.305243     7A      0.642865     8A      0.642865  
       9A      0.692428    10A      0.692428    11A      0.692428  
      12A      0.692428    13A      1.095930    14A      1.095930  
      15A      1.119695    16A      1.119695    17A      1.119695  
      18A      1.119695    19A      1.528617    20A      1.528617  
      21A      2.337100    22A      2.337100    23A      2.408253  
      24A      2.408253    25A      3.175121    26A      3.175121  
      27A      3.175121    28A      3.175121    29A      3.411223  
      30A      3.411223    31A      3.411223    32A      3.411223  
      33A      3.674161    34A      3.674161    35A      3.895016  
      36A      3.895016    37A      3.895016    38A      3.895016  
      39A      4.082570    40A      4.082570    41A      4.082570  
      42A      4.082570    43A      4.112546    44A      4.112546  
      45A      4.112546    46A      4.112546    47A      4.651236  
      48A      4.651236    49A      5.722834    50A      5.722834  
      51A      5.722834    52A      5.722834    53A      5.798613  
      54A      5.798614    55A      6.957283    56A      6.957283  

    Final Occupation by Irrep:
              A 
    DOCC [     2 ]
    NA   [     2 ]
    NB   [     2 ]

  @RHF Final Energy:    -2.26588516304172

   => Energetics <=

    Nuclear Repulsion Energy =              1.4273127885677601
    One-Electron Energy =                  -5.0108419710197545
    Two-Electron Energy =                   1.3176440194102712
    Total Energy =                         -2.2658851630417232

Computation Completed


Properties will be evaluated at   0.000000,   0.000000,   0.000000 [a0]

Properties computed using the SCF density matrix


 Multipole Moments:

 ------------------------------------------------------------------------------------
     Multipole            Electronic (a.u.)      Nuclear  (a.u.)        Total (a.u.)
 ------------------------------------------------------------------------------------

 L = 1.  Multiply by 2.5417464519 to convert [e a0] to [Debye]
 Dipole X            :         -0.0000000            0.0000000           -0.0000000
 Dipole Y            :         -0.0000000            0.0000000           -0.0000000
 Dipole Z            :          0.0000000           -0.0000000            0.0000000
 Magnitude           :                                                    0.0000000

 ------------------------------------------------------------------------------------

*** tstop() called on CHEM353Q05NALT at Fri Sep 13 13:15:30 2024
Module time:
	user time   =       0.13 seconds =       0.00 minutes
	system time =       0.01 seconds =       0.00 minutes
	total time  =          1 seconds =       0.02 minutes
Total time:
	user time   =       0.62 seconds =       0.01 minutes
	system time =       0.29 seconds =       0.00 minutes
	total time  =          2 seconds =       0.03 minutes
 MINTS: Wrapper to libmints.
   by Justin Turney

   Calculation information:
      Number of threads:                 1
      Number of atoms:                   4
      Number of AO shells:              24
      Number of SO shells:              24
      Number of primitives:             32
      Number of atomic orbitals:        60
      Number of basis functions:        56

      Number of irreps:                  1
      Integral cutoff                 1.00e-12
      Number of functions per irrep: [  56 ]

 OEINTS: Overlap, kinetic, potential, dipole, and quadrupole integrals
         stored in file 35.

      Computing two-electron integrals...done
      Computed 65154 non-zero two-electron integrals.
        Stored in file 33.

 MINTS: Wrapper to libmints.
   by Justin Turney

   Calculation information:
      Number of threads:                 1
      Number of atoms:                   4
      Number of AO shells:              24
      Number of SO shells:              24
      Number of primitives:             32
      Number of atomic orbitals:        60
      Number of basis functions:        56

      Number of irreps:                  1
      Integral cutoff                 1.00e-12
      Number of functions per irrep: [  56 ]

 OEINTS: Overlap, kinetic, potential, dipole, and quadrupole integrals
         stored in file 35.

      Computing two-electron integrals...done
      Computed 65154 non-zero two-electron integrals.
        Stored in file 33.


         ---------------------------------------------------------
                Multi-Configurational Self-Consistent Field
                            (a 'D E T C I' module)

                 Daniel G. A. Smith, C. David Sherrill, and
                              Matt L. Leininger
         ---------------------------------------------------------


   ==> Parameters <==

    EX LEVEL       =        4      H0 BLOCKSIZE  =     1000
    VAL EX LEVEL   =        0      H0 GUESS SIZE =     1000
    H0COUPLINGSIZE =        0      H0 COUPLING   =       NO
    MAXITER        =       12      NUM PRINT     =       20
    NUM ROOTS      =        5      ICORE         =        1
    PRINT LVL      =        1      FCI           =      YES
    R CONV         = 1.00e-07      MIXED         =      YES
    E CONV         = 1.00e-10      MIXED4        =      YES
    R4S            =       NO      REPL OTF      =       NO
    DIAG METHOD    =      SEM      FOLLOW ROOT   =        0
    PRECONDITIONER = DAVIDSON      UPDATE        = DAVIDSON
    S              =   0.0000      Ms0           =      YES
    GUESS VECTOR   =  H0BLOCK      OPENTYPE      =     NONE
    COLLAPSE SIZE  =        1      HD AVG        = EVANGELISTI
    MAX NUM VECS   =       65      REF SYM       =     AUTO
    IOPEN        =       NO

    EX ALLOW       =  1  1  1  1 
    STATE AVERAGE  =  0(0.33)  1(0.33)  2(0.33) 

   ==> CI Orbital and Space information <==

   ------------------------------------
               Space    Total     A
   ------------------------------------
                 Nso       56    56
                 Nmo       56    56
               Ndocc        2     2
               Nsocc        0     0
   ------------------------------------
               MCSCF Spaces
   ------------------------------------
         Frozen DOCC        0     0
     Restricted DOCC        0     0
              Active        4     4
     Restricted UOCC       52    52
         Frozen UOCC        0     0
   ------------------------------------

   ==> Setting up CI strings <==

    There are 6 alpha and 6 beta strings
    The CI space requires 36 (3.60E+01) determinants and 1 blocks

   ==> Setting up MCSCF integrals <==

  Using in-core PK algorithm.
   Calculation information:
      Number of atoms:                   4
      Number of AO shells:              24
      Number of primitives:             32
      Number of atomic orbitals:        60
      Number of basis functions:        56

      Integral cutoff                 1.00e-12
      Number of threads:                 1

  Performing in-core PK
  Using 2548812 doubles for integral storage.
  We computed 12246 shell quartets total.
  Whereas there are 45150 unique shell quartets.

  ==> DiskJK: Disk-Based J/K Matrices <==

    J tasked:                  Yes
    K tasked:                  Yes
    wK tasked:                  No
    Memory [MiB]:              400
    Schwarz Cutoff:          1E-12

    OpenMP threads:              1


   ==> Starting MCSCF iterations <==

        Iter         Total Energy       Delta E   Orb RMS    CI RMS  NCI NORB
(sem_iter): H0block_->H0b_diag[1][1] - H0block_->H0b_diag[2][1] = -0.706677 - 0.706677 = -1.413353 > 1.0E-8
(sem_iter): H0block_->H0b_diag[7][2] - H0block_->H0b_diag[8][2] = 0.706677 - -0.706677 = 1.413353 > 1.0E-8
(sem_iter): H0block_->H0b_diag[3][5] - H0block_->H0b_diag[4][5] = -0.989194 - 0.146616 = -1.135809 > 1.0E-8
(sem_iter): H0block_->H0b_diag[3][6] - H0block_->H0b_diag[4][6] = -0.146616 - -0.989194 = 0.842578 > 1.0E-8
(sem_iter): H0block_->H0b_diag[3][7] - H0block_->H0b_diag[4][7] = 0.000000 - -0.000000 = 0.000000 > 1.0E-8
(sem_iter): H0block_->H0b_diag[3][8] - H0block_->H0b_diag[4][8] = -0.000001 - 0.000001 = -0.000001 > 1.0E-8
(sem_iter): H0block_->H0b_diag[15][9] - H0block_->H0b_diag[18][9] = 0.914676 - -0.404188 = 1.318864 > 1.0E-8
(sem_iter): H0block_->H0b_diag[15][10] - H0block_->H0b_diag[18][10] = -0.000000 - 0.000000 = -0.000000 > 1.0E-8
(sem_iter): H0block_->H0b_diag[15][11] - H0block_->H0b_diag[18][11] = -0.404188 - -0.914676 = 0.510488 > 1.0E-8
(sem_iter): H0block_->H0b_diag[16][12] - H0block_->H0b_diag[20][12] = 0.500000 - -0.500000 = 0.999999 > 1.0E-8
(sem_iter): H0block_->H0b_diag[16][13] - H0block_->H0b_diag[20][13] = 0.500000 - -0.500000 = 1.000001 > 1.0E-8
(sem_iter): H0block_->H0b_diag[5][15] - H0block_->H0b_diag[6][15] = -0.000000 - -0.000001 = 0.000000 > 1.0E-8
(sem_iter): H0block_->H0b_diag[5][16] - H0block_->H0b_diag[6][16] = 0.000001 - -0.000000 = 0.000001 > 1.0E-8
(sem_iter): H0block_->H0b_diag[3][17] - H0block_->H0b_diag[4][17] = -0.000000 - -0.000001 = 0.000001 > 1.0E-8
(sem_iter): H0block_->H0b_diag[3][18] - H0block_->H0b_diag[4][18] = 0.000001 - -0.000000 = 0.000001 > 1.0E-8
   @MCSCF  1:     -1.932951116814    3.3293e-01  1.23e-02  1.77e-13    4    1  Initial CI
   @MCSCF  2:     -1.938576999542   -5.6259e-03  2.26e-03  2.78e-08    1    1  TS
   @MCSCF  3:     -1.938846425316   -2.6943e-04  4.74e-04  1.17e-08    2    1  TS
   @MCSCF  4:     -1.938866056112   -1.9631e-05  1.20e-04  4.31e-09    5    1  TS, DIIS
   @MCSCF  5:     -1.938868436392   -2.3803e-06  4.25e-05  1.52e-10    5    1  TS, DIIS
   @MCSCF  6:     -1.938868917009   -4.8062e-07  1.56e-05  2.28e-10    2    1  TS, DIIS
   @MCSCF  7:     -1.938868941218   -2.4209e-08  5.23e-06  3.24e-11    4    1  TS, DIIS

          @MCSCF has converged!

   @MCSCF Final Energy:   -1.938868941217652

   Computing CI Semicanonical Orbitals

   ==> Starting CI iterations <==

    H0 Block Eigenvalue =  -2.26392453

    Simultaneous Expansion Method (Block Davidson Method)
    Using 5 initial trial vectors

(sem_iter): H0block_->H0b_diag[1][1] - H0block_->H0b_diag[2][1] = 0.706577 - -0.706577 = 1.413155 > 1.0E-8
(sem_iter): H0block_->H0b_diag[3][2] - H0block_->H0b_diag[4][2] = -0.000007 - 0.000007 = -0.000013 > 1.0E-8
(sem_iter): H0block_->H0b_diag[1][5] - H0block_->H0b_diag[2][5] = -0.000389 - 0.001349 = -0.001738 > 1.0E-8
(sem_iter): H0block_->H0b_diag[1][6] - H0block_->H0b_diag[2][6] = -0.001349 - -0.000389 = -0.000961 > 1.0E-8
(sem_iter): H0block_->H0b_diag[1][7] - H0block_->H0b_diag[2][7] = -0.000008 - -0.000005 = -0.000003 > 1.0E-8
(sem_iter): H0block_->H0b_diag[1][8] - H0block_->H0b_diag[2][8] = -0.000005 - 0.000008 = -0.000013 > 1.0E-8
(sem_iter): H0block_->H0b_diag[10][9] - H0block_->H0b_diag[11][9] = -0.000004 - 0.000007 = -0.000011 > 1.0E-8
(sem_iter): H0block_->H0b_diag[10][10] - H0block_->H0b_diag[11][10] = 0.000000 - 0.000006 = -0.000006 > 1.0E-8
(sem_iter): H0block_->H0b_diag[10][11] - H0block_->H0b_diag[11][11] = 0.000010 - 0.000005 = 0.000005 > 1.0E-8
(sem_iter): H0block_->H0b_diag[10][12] - H0block_->H0b_diag[11][12] = -0.000005 - 0.000005 = -0.000009 > 1.0E-8
(sem_iter): H0block_->H0b_diag[10][13] - H0block_->H0b_diag[11][13] = 0.000005 - -0.000005 = 0.000009 > 1.0E-8
(sem_iter): H0block_->H0b_diag[5][15] - H0block_->H0b_diag[6][15] = 0.000000 - 0.000001 = -0.000000 > 1.0E-8
(sem_iter): H0block_->H0b_diag[5][16] - H0block_->H0b_diag[6][16] = 0.000001 - -0.000000 = 0.000001 > 1.0E-8
(sem_iter): H0block_->H0b_diag[3][17] - H0block_->H0b_diag[4][17] = 0.000000 - -0.000000 = 0.000001 > 1.0E-8
(sem_iter): H0block_->H0b_diag[3][18] - H0block_->H0b_diag[4][18] = 0.000000 - 0.000000 = -0.000000 > 1.0E-8
     Iter   Root       Total Energy       Delta E      C RMS

   @CI  0:     0     -2.263924527002   -3.6912E+00   3.3519E-15  
   @CI  0:     1     -1.776341149886   -3.2037E+00   4.0962E-14  
   @CI  0:     2     -1.776341146764   -3.2037E+00   2.7905E-14  
   @CI  0:     3     -1.288757769648   -2.7161E+00   5.4003E-15  
   @CI  0:     4     -1.105495160059   -2.5328E+00   1.5302E-15  

    Warning: Norm of correction (root 0) is < 1.0E-13
    Warning: Norm of correction (root 1) is < 1.0E-13
    Warning: Norm of correction (root 2) is < 1.0E-13
    Warning: Norm of correction (root 3) is < 1.0E-13
    Warning: Norm of correction (root 4) is < 1.0E-13
   @CI  1:     0     -2.263924527002   8.8818E-16   1.0379E-13 c
   @CI  1:     1     -1.776341149886   -1.3323E-15   1.3196E-13 c
   @CI  1:     2     -1.776341146764   -8.8818E-16   3.3115E-14 c
   @CI  1:     3     -1.465137279022   -1.7638E-01   1.1031E-01  
   @CI  1:     4     -1.384347019434   -2.7885E-01   2.4229E-01  

   @CI  2:     0     -2.263924527002   -8.8818E-16   1.0654E-13 c
   @CI  2:     1     -1.776341149886   0.0000E+00   1.4712E-13 c
   @CI  2:     2     -1.776341146764   -8.8818E-16   3.3318E-14 c
   @CI  2:     3     -1.468279841807   -3.1426E-03   4.8006E-02  
   @CI  2:     4     -1.467325301442   -8.2978E-02   3.0622E-02  

   @CI  3:     0     -2.263924527003   -2.2204E-15   1.0742E-13 c
   @CI  3:     1     -1.776341149886   2.2204E-15   1.5303E-13 c
   @CI  3:     2     -1.776341146764   2.2204E-15   3.3732E-14 c
   @CI  3:     3     -1.491497076032   -2.3217E-02   1.1970E-01  
   @CI  3:     4     -1.467751932162   -4.2663E-04   5.5504E-03  

   @CI  4:     0     -2.263924527002   1.3323E-15   1.0776E-13 c
   @CI  4:     1     -1.776341149886   -2.6645E-15   1.5605E-13 c
   @CI  4:     2     -1.776341146764   -2.2204E-15   3.4016E-14 c
   @CI  4:     3     -1.504625866357   -1.3129E-02   3.2524E-02  
   @CI  4:     4     -1.467773061274   -2.1129E-05   1.1364E-03  

   @CI  5:     0     -2.263924527002   1.3323E-15   1.1582E-13 c
   @CI  5:     1     -1.776341149886   1.7764E-15   1.9501E-13 c
   @CI  5:     2     -1.776341146764   2.2204E-15   3.6532E-14 c
   @CI  5:     3     -1.506033836443   -1.4080E-03   2.3177E-04  
   @CI  5:     4     -1.467774699458   -1.6382E-06   2.1468E-04  

   @CI  6:     0     -2.263924527002   0.0000E+00   1.1602E-13 c
   @CI  6:     1     -1.776341149886   -4.4409E-16   1.9513E-13 c
   @CI  6:     2     -1.776341146764   0.0000E+00   3.7734E-14 c
   @CI  6:     3     -1.506033971020   -1.3458E-07   1.4993E-08  
   @CI  6:     4     -1.503600073807   -3.5825E-02   6.1114E-02  

   @CI  7:     0     -2.263924527002   1.7764E-15   1.1599E-13 c
   @CI  7:     1     -1.776341149886   -8.8818E-16   1.9549E-13 c
   @CI  7:     2     -1.776341146764   0.0000E+00   4.4069E-14 c
   @CI  7:     3     -1.506033972021   -1.0005E-09   1.0804E-11 c
   @CI  7:     4     -1.506033970664   -2.4339E-03   5.7559E-12  

    Warning: Norm of correction (root 4) is < 1.0E-13
   @CI  8:     0     -2.263924527002   0.0000E+00   1.1599E-13 c
   @CI  8:     1     -1.776341149886   0.0000E+00   1.9549E-13 c
   @CI  8:     2     -1.776341146764   0.0000E+00   4.4069E-14 c
   @CI  8:     3     -1.506033972021   0.0000E+00   1.0804E-11 c
   @CI  8:     4     -1.506033970664   0.0000E+00   5.7559E-12 c


   ==> Energetics <==

    SCF energy =           -2.265885163041723
    Total MCSCF energy =   -1.938868941217652

   ==> MCSCF root 0 information <==

    MCSCF Root 0 energy =    -2.263924527002497

   Active Space Natural occupation numbers:

         A   1.997010         A   1.997010         A   0.002990
         A   0.002990

   The 20 most important determinants:

    *   1   -0.998505  (    0,    0)  1AX 2AX 
    *   2    0.038633  (    1,    1)  1AX 3AX 
    *   3    0.038633  (    4,    4)  2AX 4AX 
    *   4   -0.001495  (    5,    5)  3AX 4AX 
    *   5   -0.000054  (    2,    4)  2AX 3AA 4AB 
    *   6   -0.000054  (    4,    2)  2AX 3AB 4AA 
    *   7    0.000054  (    1,    3)  1AX 3AA 4AB 
    *   8    0.000054  (    3,    1)  1AX 3AB 4AA 
    *   9    0.000000  (    1,    2)  1AA 2AB 3AX 
    *  10    0.000000  (    2,    1)  1AB 2AA 3AX 
    *  11   -0.000000  (    3,    4)  1AA 2AB 4AX 
    *  12   -0.000000  (    4,    3)  1AB 2AA 4AX 
    *  13    0.000000  (    2,    2)  2AX 3AX 
    *  14    0.000000  (    3,    3)  1AX 4AX 
    *  15    0.000000  (    1,    4)  1AA 2AB 3AA 4AB 
    *  16    0.000000  (    4,    1)  1AB 2AA 3AB 4AA 
    *  17    0.000000  (    2,    3)  1AB 2AA 3AA 4AB 
    *  18    0.000000  (    3,    2)  1AA 2AB 3AB 4AA 
    *  19    0.000000  (    0,    5)  1AA 2AA 3AB 4AB 
    *  20    0.000000  (    5,    0)  1AB 2AB 3AA 4AA 


   ==> MCSCF root 1 information <==

    MCSCF Root 1 energy =    -1.776341149886159

   Active Space Natural occupation numbers:

         A   1.980252         A   1.016759         A   0.983241
         A   0.019748

   The 20 most important determinants:

    *   1   -0.700614  (    0,    1)  1AX 2AA 3AB 
    *   2   -0.700614  (    1,    0)  1AX 2AB 3AA 
    *   3    0.091607  (    0,    4)  1AA 2AX 4AB 
    *   4    0.091607  (    4,    0)  1AB 2AX 4AA 
    *   5    0.027108  (    5,    4)  2AB 3AA 4AX 
    *   6    0.027108  (    4,    5)  2AA 3AB 4AX 
    *   7   -0.003544  (    1,    5)  1AA 3AX 4AB 
    *   8   -0.003544  (    5,    1)  1AB 3AX 4AA 
    *   9   -0.000985  (    0,    3)  1AX 2AA 4AB 
    *  10   -0.000985  (    3,    0)  1AX 2AB 4AA 
    *  11   -0.000135  (    0,    2)  1AA 2AX 3AB 
    *  12   -0.000135  (    2,    0)  1AB 2AX 3AA 
    *  13   -0.000038  (    2,    5)  2AA 3AX 4AB 
    *  14   -0.000038  (    5,    2)  2AB 3AX 4AA 
    *  15   -0.000005  (    3,    5)  1AA 3AB 4AX 
    *  16   -0.000005  (    5,    3)  1AB 3AA 4AX 
    *  17    0.000000  (    3,    1)  1AX 3AB 4AA 
    *  18    0.000000  (    1,    3)  1AX 3AA 4AB 
    *  19   -0.000000  (    4,    3)  1AB 2AA 4AX 
    *  20   -0.000000  (    3,    4)  1AA 2AB 4AX 


   ==> MCSCF root 2 information <==

    MCSCF Root 2 energy =    -1.776341146764290

   Active Space Natural occupation numbers:

         A   1.980252         A   1.016759         A   0.983241
         A   0.019748

   The 20 most important determinants:

    *   1   -0.700614  (    4,    0)  1AB 2AX 4AA 
    *   2   -0.700614  (    0,    4)  1AA 2AX 4AB 
    *   3   -0.091607  (    0,    1)  1AX 2AA 3AB 
    *   4   -0.091607  (    1,    0)  1AX 2AB 3AA 
    *   5    0.027108  (    5,    1)  1AB 3AX 4AA 
    *   6    0.027108  (    1,    5)  1AA 3AX 4AB 
    *   7    0.003544  (    5,    4)  2AB 3AA 4AX 
    *   8    0.003544  (    4,    5)  2AA 3AB 4AX 
    *   9    0.000983  (    2,    0)  1AB 2AX 3AA 
    *  10    0.000983  (    0,    2)  1AA 2AX 3AB 
    *  11   -0.000122  (    0,    3)  1AX 2AA 4AB 
    *  12   -0.000122  (    3,    0)  1AX 2AB 4AA 
    *  13    0.000038  (    3,    5)  1AA 3AB 4AX 
    *  14    0.000038  (    5,    3)  1AB 3AA 4AX 
    *  15   -0.000005  (    5,    2)  2AB 3AX 4AA 
    *  16   -0.000005  (    2,    5)  2AA 3AX 4AB 
    *  17   -0.000000  (    2,    4)  2AX 3AA 4AB 
    *  18   -0.000000  (    4,    2)  2AX 3AB 4AA 
    *  19    0.000000  (    1,    2)  1AA 2AB 3AX 
    *  20    0.000000  (    2,    1)  1AB 2AA 3AX 


   ==> MCSCF root 3 information <==

    MCSCF Root 3 energy =    -1.506033972020750

   Active Space Natural occupation numbers:

         A   2.000000         A   1.000000         A   1.000000
         A   0.000000

   The 20 most important determinants:

    *   1   -0.707106  (    3,    0)  1AX 2AB 4AA 
    *   2   -0.707106  (    0,    3)  1AX 2AA 4AB 
    *   3    0.000993  (    0,    1)  1AX 2AA 3AB 
    *   4    0.000993  (    1,    0)  1AX 2AB 3AA 
    *   5    0.000071  (    0,    2)  1AA 2AX 3AB 
    *   6    0.000071  (    2,    0)  1AB 2AX 3AA 
    *   7   -0.000006  (    0,    4)  1AA 2AX 4AB 
    *   8   -0.000006  (    4,    0)  1AB 2AX 4AA 
    *   9    0.000000  (    3,    4)  1AA 2AB 4AX 
    *  10    0.000000  (    4,    3)  1AB 2AA 4AX 
    *  11   -0.000000  (    1,    3)  1AX 3AA 4AB 
    *  12   -0.000000  (    3,    1)  1AX 3AB 4AA 
    *  13    0.000000  (    1,    1)  1AX 3AX 
    *  14   -0.000000  (    3,    3)  1AX 4AX 
    *  15   -0.000000  (    1,    4)  1AA 2AB 3AA 4AB 
    *  16   -0.000000  (    4,    1)  1AB 2AA 3AB 4AA 
    *  17   -0.000000  (    2,    3)  1AB 2AA 3AA 4AB 
    *  18   -0.000000  (    3,    2)  1AA 2AB 3AB 4AA 
    *  19   -0.000000  (    0,    5)  1AA 2AA 3AB 4AB 
    *  20   -0.000000  (    5,    0)  1AB 2AB 3AA 4AA 


   ==> MCSCF root 4 information <==

    MCSCF Root 4 energy =    -1.506033970664435

   Active Space Natural occupation numbers:

         A   2.000000         A   1.000000         A   1.000000
         A   0.000000

   The 20 most important determinants:

    *   1   -0.707106  (    0,    2)  1AA 2AX 3AB 
    *   2   -0.707106  (    2,    0)  1AB 2AX 3AA 
    *   3   -0.000993  (    0,    4)  1AA 2AX 4AB 
    *   4   -0.000993  (    4,    0)  1AB 2AX 4AA 
    *   5   -0.000071  (    3,    0)  1AX 2AB 4AA 
    *   6   -0.000071  (    0,    3)  1AX 2AA 4AB 
    *   7    0.000007  (    0,    1)  1AX 2AA 3AB 
    *   8    0.000007  (    1,    0)  1AX 2AB 3AA 
    *   9    0.000000  (    2,    1)  1AB 2AA 3AX 
    *  10    0.000000  (    1,    2)  1AA 2AB 3AX 
    *  11   -0.000000  (    4,    2)  2AX 3AB 4AA 
    *  12   -0.000000  (    2,    4)  2AX 3AA 4AB 
    *  13   -0.000000  (    4,    4)  2AX 4AX 
    *  14    0.000000  (    2,    2)  2AX 3AX 
    *  15    0.000000  (    4,    1)  1AB 2AA 3AB 4AA 
    *  16    0.000000  (    1,    4)  1AA 2AB 3AA 4AB 
    *  17    0.000000  (    3,    2)  1AA 2AB 3AB 4AA 
    *  18    0.000000  (    2,    3)  1AB 2AA 3AA 4AB 
    *  19    0.000000  (    0,    5)  1AA 2AA 3AB 4AB 
    *  20    0.000000  (    5,    0)  1AB 2AB 3AA 4AA 



Properties will be evaluated at   0.000000,   0.000000,   0.000000 [a0]

Properties computed using the CASSCF density matrix


 Multipole Moments:

 ------------------------------------------------------------------------------------
     Multipole            Electronic (a.u.)      Nuclear  (a.u.)        Total (a.u.)
 ------------------------------------------------------------------------------------

 L = 1.  Multiply by 2.5417464519 to convert [e a0] to [Debye]
 Dipole X            :         -0.0000000            0.0000000           -0.0000000
 Dipole Y            :         -0.0000000            0.0000000           -0.0000000
 Dipole Z            :         -0.0000000           -0.0000000           -0.0000000
 Magnitude           :                                                    0.0000000

 ------------------------------------------------------------------------------------


Properties will be evaluated at   0.000000,   0.000000,   0.000000 [a0]

Properties computed using the CASSCF density matrix


 Multipole Moments:

 ------------------------------------------------------------------------------------
     Multipole            Electronic (a.u.)      Nuclear  (a.u.)        Total (a.u.)
 ------------------------------------------------------------------------------------

 L = 1.  Multiply by 2.5417464519 to convert [e a0] to [Debye]
 Dipole X            :         -0.0000000            0.0000000           -0.0000000
 Dipole Y            :         -0.0000000            0.0000000           -0.0000000
 Dipole Z            :         -0.0000000           -0.0000000           -0.0000000
 Magnitude           :                                                    0.0000000

 ------------------------------------------------------------------------------------

   ===> CASSCF properties for all CI roots <=== 


Properties computed using the CASSCF ROOT 0 density matrix


 Multipole Moments:

 ------------------------------------------------------------------------------------
     Multipole            Electronic (a.u.)      Nuclear  (a.u.)        Total (a.u.)
 ------------------------------------------------------------------------------------

 L = 1.  Multiply by 2.5417464519 to convert [e a0] to [Debye]
 Dipole X            :         -0.0000000            0.0000000           -0.0000000
 Dipole Y            :         -0.0000000            0.0000000           -0.0000000
 Dipole Z            :          0.0000000           -0.0000000            0.0000000
 Magnitude           :                                                    0.0000000

 ------------------------------------------------------------------------------------

Properties computed using the CASSCF ROOT 1 density matrix


 Multipole Moments:

 ------------------------------------------------------------------------------------
     Multipole            Electronic (a.u.)      Nuclear  (a.u.)        Total (a.u.)
 ------------------------------------------------------------------------------------

 L = 1.  Multiply by 2.5417464519 to convert [e a0] to [Debye]
 Dipole X            :         -0.0000000            0.0000000           -0.0000000
 Dipole Y            :         -0.0000000            0.0000000           -0.0000000
 Dipole Z            :         -0.0000000           -0.0000000           -0.0000000
 Magnitude           :                                                    0.0000000

 ------------------------------------------------------------------------------------

Properties computed using the CASSCF ROOT 2 density matrix


 Multipole Moments:

 ------------------------------------------------------------------------------------
     Multipole            Electronic (a.u.)      Nuclear  (a.u.)        Total (a.u.)
 ------------------------------------------------------------------------------------

 L = 1.  Multiply by 2.5417464519 to convert [e a0] to [Debye]
 Dipole X            :         -0.0000000            0.0000000           -0.0000000
 Dipole Y            :          0.0000000            0.0000000            0.0000000
 Dipole Z            :          0.0000000           -0.0000000            0.0000000
 Magnitude           :                                                    0.0000000

 ------------------------------------------------------------------------------------

Properties computed using the CASSCF ROOT 3 density matrix


 Multipole Moments:

 ------------------------------------------------------------------------------------
     Multipole            Electronic (a.u.)      Nuclear  (a.u.)        Total (a.u.)
 ------------------------------------------------------------------------------------

 L = 1.  Multiply by 2.5417464519 to convert [e a0] to [Debye]
 Dipole X            :         -0.0000000            0.0000000           -0.0000000
 Dipole Y            :         -0.0000000            0.0000000           -0.0000000
 Dipole Z            :       1889.7260855           -0.0000000         1889.7260855
 Magnitude           :                                                 1889.7260855

 ------------------------------------------------------------------------------------

Properties computed using the CASSCF ROOT 4 density matrix


 Multipole Moments:

 ------------------------------------------------------------------------------------
     Multipole            Electronic (a.u.)      Nuclear  (a.u.)        Total (a.u.)
 ------------------------------------------------------------------------------------

 L = 1.  Multiply by 2.5417464519 to convert [e a0] to [Debye]
 Dipole X            :         -0.0000000            0.0000000           -0.0000000
 Dipole Y            :         -0.0000000            0.0000000           -0.0000000
 Dipole Z            :      -1889.7260855           -0.0000000        -1889.7260855
 Magnitude           :                                                 1889.7260855

 ------------------------------------------------------------------------------------

   ===> CASSCF properties for all CI transition density matrices <=== 


Properties computed using the CASSCF ROOT 0 -> ROOT 1 density matrix


Transition Multipole Moments:

 ------------------------------------------------------------------------------------
     Multipole            Electronic (a.u.)      Nuclear  (a.u.)        Total (a.u.)
 ------------------------------------------------------------------------------------

 L = 1.  Multiply by 2.5417464519 to convert [e a0] to [Debye]
 Dipole X            :         -0.0000000            0.0000000           -0.0000000
 Dipole Y            :          0.0000000            0.0000000            0.0000000
 Dipole Z            :         -1.3047314            0.0000000           -1.3047314
 Magnitude           :                                                    1.3047314

 ------------------------------------------------------------------------------------

Properties computed using the CASSCF ROOT 0 -> ROOT 2 density matrix


Transition Multipole Moments:

 ------------------------------------------------------------------------------------
     Multipole            Electronic (a.u.)      Nuclear  (a.u.)        Total (a.u.)
 ------------------------------------------------------------------------------------

 L = 1.  Multiply by 2.5417464519 to convert [e a0] to [Debye]
 Dipole X            :          0.0000000            0.0000000            0.0000000
 Dipole Y            :         -0.0000000            0.0000000           -0.0000000
 Dipole Z            :          1.0029909            0.0000000            1.0029909
 Magnitude           :                                                    1.0029909

 ------------------------------------------------------------------------------------

Properties computed using the CASSCF ROOT 0 -> ROOT 3 density matrix


Transition Multipole Moments:

 ------------------------------------------------------------------------------------
     Multipole            Electronic (a.u.)      Nuclear  (a.u.)        Total (a.u.)
 ------------------------------------------------------------------------------------

 L = 1.  Multiply by 2.5417464519 to convert [e a0] to [Debye]
 Dipole X            :          0.0000000            0.0000000            0.0000000
 Dipole Y            :         -0.0000000            0.0000000           -0.0000000
 Dipole Z            :          0.0000000            0.0000000            0.0000000
 Magnitude           :                                                    0.0000000

 ------------------------------------------------------------------------------------

Properties computed using the CASSCF ROOT 0 -> ROOT 4 density matrix


Transition Multipole Moments:

 ------------------------------------------------------------------------------------
     Multipole            Electronic (a.u.)      Nuclear  (a.u.)        Total (a.u.)
 ------------------------------------------------------------------------------------

 L = 1.  Multiply by 2.5417464519 to convert [e a0] to [Debye]
 Dipole X            :          0.0000000            0.0000000            0.0000000
 Dipole Y            :          0.0000000            0.0000000            0.0000000
 Dipole Z            :          0.0000000            0.0000000            0.0000000
 Magnitude           :                                                    0.0000000

 ------------------------------------------------------------------------------------
