
Scratch directory: /tmp/
   => Libint2 <=

    Primary   basis highest AM E, G, H:  5, 4, 3
    Auxiliary basis highest AM E, G, H:  6, 5, 4
    Onebody   basis highest AM E, G, H:  6, 5, 4
    Solid Harmonics ordering:            gaussian

*** tstart() called on CHEM353Q05NALT
*** at Sat Apr  5 16:25:03 2025

   => Loading Basis Set <=

    Name: 6-31G
    Role: ORBITAL
    Keyword: BASIS
    atoms 1 entry O          line   117 file /opt/homebrew/Caskroom/miniforge/base/envs/p4env/share/psi4/basis/6-31g.gbs 
    atoms 2 entry H          line    26 file /opt/homebrew/Caskroom/miniforge/base/envs/p4env/share/psi4/basis/6-31g.gbs 


         ---------------------------------------------------------
                                   SCF
               by Justin Turney, Rob Parrish, Andy Simmonett
                          and Daniel G. A. Smith
                              RHF Reference
                        1 Threads,    500 MiB Core
         ---------------------------------------------------------

  ==> Geometry <==

    Molecular point group: c1
    Full point group: C_inf_v

    Geometry (in Angstrom), charge = -1, multiplicity = 1:

       Center              X                  Y                   Z               Mass       
    ------------   -----------------  -----------------  -----------------  -----------------
         O            0.000000000000     0.000000000000    -0.450000000000    15.994914619570
         H            0.000000000000     0.000000000000     0.450000000000     1.007825032230

  Running in c1 symmetry.

  Rotational constants: A = ************  B =      4.89613  C =      4.89613 [cm^-1]
  Rotational constants: A = ************  B = 146782.15748  C = 146782.15748 [MHz]
  Nuclear repulsion =    4.703797428177777

  Charge       = -1
  Multiplicity = 1
  Electrons    = 10
  Nalpha       = 5
  Nbeta        = 5

  ==> Algorithm <==

  SCF Algorithm Type is PK.
  DIIS enabled.
  MOM disabled.
  Fractional occupation disabled.
  Guess Type is SAD.
  Energy threshold   = 1.00e-10
  Density threshold  = 1.00e-10
  Integral threshold = 1.00e-12

  ==> Primary Basis <==

  Basis Set: 6-31G
    Blend: 6-31G
    Number of shells: 7
    Number of basis functions: 11
    Number of Cartesian functions: 11
    Spherical Harmonics?: false
    Max angular momentum: 1

  ==> Integral Setup <==

  Using in-core PK algorithm.
   Calculation information:
      Number of atoms:                   2
      Number of AO shells:               7
      Number of primitives:             18
      Number of atomic orbitals:        11
      Number of basis functions:        11

      Integral cutoff                 1.00e-12
      Number of threads:                 1

  Performing in-core PK
  Using 4422 doubles for integral storage.
  We computed 406 shell quartets total.
  Whereas there are 406 unique shell quartets.

  ==> DiskJK: Disk-Based J/K Matrices <==

    J tasked:                  Yes
    K tasked:                  Yes
    wK tasked:                  No
    Memory [MiB]:              375
    Schwarz Cutoff:          1E-12

    OpenMP threads:              1

  Minimum eigenvalue in the overlap matrix is 7.3850991044E-02.
  Reciprocal condition number of the overlap matrix is 2.5233336498E-02.
    Using symmetric orthogonalization.

  ==> Pre-Iterations <==

  SCF Guess: Superposition of Atomic Densities via on-the-fly atomic UHF (no occupation information).

   -------------------------
    Irrep   Nso     Nmo    
   -------------------------
     A         11      11 
   -------------------------
    Total      11      11
   -------------------------

  ==> Iterations <==

                        Total Energy        Delta E     RMS |[F,P]|

   @RHF iter SAD:   -74.70519180736065   -7.47052e+01   0.00000e+00 
   @RHF iter   1:   -75.14407233079496   -4.38881e-01   5.80187e-02 ADIIS/DIIS
   @RHF iter   2:   -75.25217381911555   -1.08101e-01   3.54203e-02 ADIIS/DIIS
   @RHF iter   3:   -75.30416465920079   -5.19908e-02   5.00967e-03 ADIIS/DIIS
   @RHF iter   4:   -75.30549537130668   -1.33071e-03   4.69887e-04 ADIIS/DIIS
   @RHF iter   5:   -75.30552370126208   -2.83300e-05   5.84980e-05 DIIS
   @RHF iter   6:   -75.30552424669382   -5.45432e-07   5.21952e-06 DIIS
   @RHF iter   7:   -75.30552424958412   -2.89030e-09   4.25476e-07 DIIS
   @RHF iter   8:   -75.30552424959973   -1.56035e-11   6.00959e-08 DIIS
   @RHF iter   9:   -75.30552424960015   -4.26326e-13   5.56563e-09 DIIS
   @RHF iter  10:   -75.30552424960018   -2.84217e-14   3.19073e-10 DIIS
   @RHF iter  11:   -75.30552424960014    4.26326e-14   3.09539e-11 DIIS
  Energy and wave function converged.


  ==> Post-Iterations <==

    Orbital Energies [Eh]
    ---------------------

    Doubly Occupied:                                                      

       1A    -20.073954     2A     -0.849076     3A     -0.174188  
       4A     -0.033562     5A     -0.033562  

    Virtual:                                                              

       6A      0.567595     7A      1.566887     8A      1.595056  
       9A      1.595056    10A      1.672706    11A      1.985458  

    Final Occupation by Irrep:
              A 
    DOCC [     5 ]
    NA   [     5 ]
    NB   [     5 ]

  @RHF Final Energy:   -75.30552424960014

   => Energetics <=

    Nuclear Repulsion Energy =              4.7037974281777775
    One-Electron Energy =                -117.6899589748787491
    Two-Electron Energy =                  37.6806372971008230
    Total Energy =                        -75.3055242496001540

Computation Completed


Properties will be evaluated at   0.000000,   0.000000,   0.000000 [a0]

Properties computed using the SCF density matrix


 Multipole Moments:

 ------------------------------------------------------------------------------------
     Multipole            Electronic (a.u.)      Nuclear  (a.u.)        Total (a.u.)
 ------------------------------------------------------------------------------------

 L = 1.  Multiply by 2.5417464519 to convert [e a0] to [Debye]
 Dipole X            :         -0.0000000            0.0000000           -0.0000000
 Dipole Y            :          0.0000000            0.0000000            0.0000000
 Dipole Z            :          7.3373857           -5.9526373            1.3847485
 Magnitude           :                                                    1.3847485

 ------------------------------------------------------------------------------------

*** tstop() called on CHEM353Q05NALT at Sat Apr  5 16:25:03 2025
Module time:
	user time   =       0.07 seconds =       0.00 minutes
	system time =       0.02 seconds =       0.00 minutes
	total time  =          0 seconds =       0.00 minutes
Total time:
	user time   =       0.07 seconds =       0.00 minutes
	system time =       0.02 seconds =       0.00 minutes
	total time  =          0 seconds =       0.00 minutes
   => Loading Basis Set <=

    Name: 6-31G
    Role: ORBITAL
    Keyword: BASIS
    atoms 1 entry O          line   117 file /opt/homebrew/Caskroom/miniforge/base/envs/p4env/share/psi4/basis/6-31g.gbs 
    atoms 2 entry H          line    26 file /opt/homebrew/Caskroom/miniforge/base/envs/p4env/share/psi4/basis/6-31g.gbs 

